[2026-03-11 09:00:00.789218] 开始添加学校...
[2026-03-11 09:00:00.814457] 添加了 0 所学校
添加前: {'Europe': 375, 'North America': 224, 'South America': 83}
添加后: {'Europe': 375, 'North America': 224, 'South America': 83}
[2026-03-11 10:00:01.130152] 开始添加学校...
[2026-03-11 10:00:01.157049] 添加了 0 所学校
添加前: {'Europe': 375, 'North America': 224, 'South America': 83}
添加后: {'Europe': 375, 'North America': 224, 'South America': 83}
[2026-03-11 11:00:00.657859] 开始添加学校...
[2026-03-11 11:00:00.684595] 添加了 0 所学校
添加前: {'Europe': 375, 'North America': 224, 'South America': 83}
添加后: {'Europe': 375, 'North America': 224, 'South America': 83}
[2026-03-11 12:00:01.080066] 开始添加学校...
[2026-03-11 12:00:01.106230] 添加了 0 所学校
添加前: {'Europe': 375, 'North America': 224, 'South America': 83}
添加后: {'Europe': 375, 'North America': 224, 'South America': 83}
[2026-03-11 13:00:00.775167] 开始添加学校...
[2026-03-11 13:00:00.801786] 添加了 0 所学校
添加前: {'Europe': 375, 'North America': 224, 'South America': 83}
添加后: {'Europe': 375, 'North America': 224, 'South America': 83}
[2026-03-11 14:00:00.475723] 开始添加学校...
[2026-03-11 14:00:00.503189] 添加了 0 所学校
添加前: {'Europe': 375, 'North America': 224, 'South America': 83}
添加后: {'Europe': 375, 'North America': 224, 'South America': 83}
[2026-03-11 15:00:00.737141] 开始添加学校...
[2026-03-11 15:00:00.764339] 添加了 0 所学校
添加前: {'Europe': 375, 'North America': 224, 'South America': 83}
添加后: {'Europe': 375, 'North America': 224, 'South America': 83}
[2026-03-11 16:00:00.649565] 开始添加学校...
[2026-03-11 16:00:00.675889] 添加了 0 所学校
添加前: {'Europe': 375, 'North America': 224, 'South America': 83}
添加后: {'Europe': 375, 'North America': 224, 'South America': 83}
[2026-03-11 17:00:00.562801] 开始添加学校...
[2026-03-11 17:00:00.589429] 添加了 0 所学校
添加前: {'Europe': 375, 'North America': 224, 'South America': 83}
添加后: {'Europe': 375, 'North America': 224, 'South America': 83}
[2026-03-11 18:00:00.454124] 开始添加学校...
[2026-03-11 18:00:00.480525] 添加了 0 所学校
添加前: {'Europe': 375, 'North America': 224, 'South America': 83}
添加后: {'Europe': 375, 'North America': 224, 'South America': 83}
[2026-03-11 22:00:48.343640] 开始添加学校...
[2026-03-11 22:00:48.386329] 添加了 0 所学校
添加前: {'Europe': 375, 'North America': 224, 'South America': 83}
添加后: {'Europe': 375, 'North America': 224, 'South America': 83}
[2026-03-12 03:00:01.117629] 开始添加学校...
[2026-03-12 03:00:01.144433] 添加了 0 所学校
添加前: {'Europe': 375, 'North America': 224, 'South America': 83}
添加后: {'Europe': 375, 'North America': 224, 'South America': 83}
[2026-03-12 05:00:00.843099] 开始添加学校...
[2026-03-12 05:00:00.870104] 添加了 0 所学校
添加前: {'Europe': 375, 'North America': 224, 'South America': 83}
添加后: {'Europe': 375, 'North America': 224, 'South America': 83}
[2026-03-12 06:01:07.285785] 开始添加学校...
[2026-03-12 06:01:07.312384] 添加了 0 所学校
添加前: {'Europe': 375, 'North America': 224, 'South America': 83}
添加后: {'Europe': 375, 'North America': 224, 'South America': 83}
[2026-03-12 08:02:29.684755] 开始添加学校...
[2026-03-12 08:02:29.709857] 添加了 0 所学校
添加前: {'Europe': 375, 'North America': 224, 'South America': 83}
添加后: {'Europe': 375, 'North America': 224, 'South America': 83}
[2026-03-12 09:03:58.628914] 开始添加学校...
[2026-03-12 09:03:58.653553] 添加了 0 所学校
添加前: {'Europe': 375, 'North America': 224, 'South America': 83}
添加后: {'Europe': 375, 'North America': 224, 'South America': 83}
[2026-03-12 10:04:01.856540] 开始添加学校...
[2026-03-12 10:04:01.879993] 添加了 0 所学校
添加前: {'Europe': 375, 'North America': 224, 'South America': 83}
添加后: {'Europe': 375, 'North America': 224, 'South America': 83}
[2026-03-12 11:04:59.286088] 开始添加学校...
[2026-03-12 11:04:59.316553] 添加了 0 所学校
添加前: {'Europe': 375, 'North America': 224, 'South America': 83}
添加后: {'Europe': 375, 'North America': 224, 'South America': 83}
[2026-03-12 12:00:00.622612] 开始添加学校...
[2026-03-12 12:00:00.647749] 添加了 0 所学校
添加前: {'Europe': 375, 'North America': 224, 'South America': 83}
添加后: {'Europe': 375, 'North America': 224, 'South America': 83}
[2026-03-12 13:00:00.461651] 开始添加学校...
[2026-03-12 13:00:00.488511] 添加了 0 所学校
添加前: {'Europe': 375, 'North America': 224, 'South America': 83}
添加后: {'Europe': 375, 'North America': 224, 'South America': 83}
[2026-03-12 16:00:03.951911] 开始添加学校...
[2026-03-12 16:00:03.986489] 添加了 0 所学校
添加前: {'Europe': 375, 'North America': 224, 'South America': 83}
添加后: {'Europe': 375, 'North America': 224, 'South America': 83}
[2026-03-12 17:00:00.899360] 开始添加学校...
[2026-03-12 17:00:00.926665] 添加了 0 所学校
添加前: {'Europe': 375, 'North America': 224, 'South America': 83}
添加后: {'Europe': 375, 'North America': 224, 'South America': 83}
[2026-03-13 04:00:00.774374] 开始添加学校...
[2026-03-13 04:00:00.785132] 添加了 0 所学校
添加前: {'Europe': 375, 'North America': 224, 'South America': 83}
添加后: {'Europe': 375, 'North America': 224, 'South America': 83}
[2026-03-13 09:03:26.840745] 开始添加学校...
[2026-03-13 09:03:26.854782] 添加了 0 所学校
添加前: {'Europe': 375, 'North America': 224, 'South America': 83}
添加后: {'Europe': 375, 'North America': 224, 'South America': 83}
[2026-03-13 10:04:10.032872] 开始添加学校...
[2026-03-13 10:04:10.044816] 添加了 0 所学校
添加前: {'Europe': 375, 'North America': 224, 'South America': 83}
添加后: {'Europe': 375, 'North America': 224, 'South America': 83}
[2026-03-13 13:07:52.811415] 开始添加学校...
[2026-03-13 13:07:52.837594] 添加了 0 所学校
添加前: {'Europe': 375, 'North America': 224, 'South America': 83}
添加后: {'Europe': 375, 'North America': 224, 'South America': 83}
[2026-03-13 22:00:47.047618] 开始添加学校...
[2026-03-13 22:00:47.074845] 添加了 0 所学校
添加前: {'Europe': 375, 'North America': 224, 'South America': 83}
添加后: {'Europe': 375, 'North America': 224, 'South America': 83}
[2026-03-14 06:01:12.569721] 开始添加学校...
[2026-03-14 06:01:12.600521] 添加了 0 所学校
添加前: {'Europe': 375, 'North America': 224, 'South America': 83}
添加后: {'Europe': 375, 'North America': 224, 'South America': 83}
[2026-03-14 09:03:22.638437] 开始添加学校...
[2026-03-14 09:03:22.665342] 添加了 0 所学校
添加前: {'Europe': 375, 'North America': 224, 'South America': 83}
添加后: {'Europe': 375, 'North America': 224, 'South America': 83}
[2026-03-14 10:04:49.547144] 开始添加学校...
[2026-03-14 10:04:49.574321] 添加了 0 所学校
添加前: {'Europe': 375, 'North America': 224, 'South America': 83}
添加后: {'Europe': 375, 'North America': 224, 'South America': 83}
[2026-03-14 11:05:19.201594] 开始添加学校...
[2026-03-14 11:05:19.228156] 添加了 0 所学校
添加前: {'Europe': 375, 'North America': 224, 'South America': 83}
添加后: {'Europe': 375, 'North America': 224, 'South America': 83}
[2026-03-14 12:00:01.182953] 开始添加学校...
[2026-03-14 12:00:01.210433] 添加了 0 所学校
添加前: {'Europe': 375, 'North America': 224, 'South America': 83}
添加后: {'Europe': 375, 'North America': 224, 'South America': 83}
[2026-03-14 14:08:41.918709] 开始添加学校...
[2026-03-14 14:08:41.930638] 添加了 0 所学校
添加前: {'Europe': 375, 'North America': 224, 'South America': 83}
添加后: {'Europe': 375, 'North America': 224, 'South America': 83}
[2026-03-14 22:00:27.948567] 开始添加学校...
[2026-03-14 22:00:27.976057] 添加了 0 所学校
添加前: {'Europe': 375, 'North America': 224, 'South America': 83}
添加后: {'Europe': 375, 'North America': 224, 'South America': 83}
[2026-03-15 07:00:32.780793] 开始添加学校...
[2026-03-15 07:00:32.808372] 添加了 0 所学校
添加前: {'Europe': 375, 'North America': 224, 'South America': 83}
添加后: {'Europe': 375, 'North America': 224, 'South America': 83}
[2026-03-15 11:05:08.587460] 开始添加学校...
[2026-03-15 11:05:08.616053] 添加了 0 所学校
添加前: {'Europe': 375, 'North America': 224, 'South America': 83}
添加后: {'Europe': 375, 'North America': 224, 'South America': 83}
[2026-03-15 13:07:25.800060] 开始添加学校...
[2026-03-15 13:07:25.827974] 添加了 0 所学校
添加前: {'Europe': 375, 'North America': 224, 'South America': 83}
添加后: {'Europe': 375, 'North America': 224, 'South America': 83}
[2026-03-16 06:01:43.137157] 开始添加学校...
[2026-03-16 06:01:43.170326] 添加了 0 所学校
添加前: {'Europe': 375, 'North America': 224, 'South America': 83}
添加后: {'Europe': 375, 'North America': 224, 'South America': 83}
[2026-03-16 07:00:35.381087] 开始添加学校...
[2026-03-16 07:00:35.401137] 添加了 0 所学校
添加前: {'Europe': 375, 'North America': 224, 'South America': 83}
添加后: {'Europe': 375, 'North America': 224, 'South America': 83}
[2026-03-16 09:03:39.030719] 开始添加学校...
[2026-03-16 09:03:39.058922] 添加了 0 所学校
添加前: {'Europe': 375, 'North America': 224, 'South America': 83}
添加后: {'Europe': 375, 'North America': 224, 'South America': 83}
[2026-03-16 10:04:14.672216] 开始添加学校...
[2026-03-16 10:04:14.702192] 添加了 0 所学校
添加前: {'Europe': 375, 'North America': 224, 'South America': 83}
添加后: {'Europe': 375, 'North America': 224, 'South America': 83}
[2026-03-16 11:05:45.852781] 开始添加学校...
[2026-03-16 11:05:45.884235] 添加了 0 所学校
添加前: {'Europe': 375, 'North America': 224, 'South America': 83}
添加后: {'Europe': 375, 'North America': 224, 'South America': 83}
[2026-03-16 12:07:00.071886] 开始添加学校...
[2026-03-16 12:07:00.101024] 添加了 0 所学校
添加前: {'Europe': 375, 'North America': 224, 'South America': 83}
添加后: {'Europe': 375, 'North America': 224, 'South America': 83}
[2026-03-16 13:07:04.156458] 开始添加学校...
[2026-03-16 13:07:04.181080] 添加了 0 所学校
添加前: {'Europe': 375, 'North America': 224, 'South America': 83}
添加后: {'Europe': 375, 'North America': 224, 'South America': 83}
[2026-03-16 14:08:42.345446] 开始添加学校...
[2026-03-16 14:08:42.374422] 添加了 0 所学校
添加前: {'Europe': 375, 'North America': 224, 'South America': 83}
添加后: {'Europe': 375, 'North America': 224, 'South America': 83}
[2026-03-16 15:00:00.793259] 开始添加学校...
[2026-03-16 15:00:00.807191] 添加了 0 所学校
添加前: {'Europe': 375, 'North America': 224, 'South America': 83}
添加后: {'Europe': 375, 'North America': 224, 'South America': 83}
[2026-03-16 22:00:00.545757] 开始添加学校...
[2026-03-16 22:00:00.581968] 添加了 0 所学校
添加前: {'Europe': 375, 'North America': 224, 'South America': 83}
添加后: {'Europe': 375, 'North America': 224, 'South America': 83}
[2026-03-17 06:01:46.437023] 开始添加学校...
[2026-03-17 06:01:46.464709] 添加了 0 所学校
添加前: {'Europe': 375, 'North America': 224, 'South America': 83}
添加后: {'Europe': 375, 'North America': 224, 'South America': 83}
[2026-03-17 07:00:18.260341] 开始添加学校...
[2026-03-17 07:00:18.286947] 添加了 0 所学校
添加前: {'Europe': 375, 'North America': 224, 'South America': 83}
添加后: {'Europe': 375, 'North America': 224, 'South America': 83}
[2026-03-17 08:02:08.798186] 开始添加学校...
[2026-03-17 08:02:08.825167] 添加了 0 所学校
添加前: {'Europe': 375, 'North America': 224, 'South America': 83}
添加后: {'Europe': 375, 'North America': 224, 'South America': 83}
[2026-03-17 09:00:00.372612] 开始添加学校...
[2026-03-17 09:00:00.384500] 添加了 0 所学校
添加前: {'Europe': 375, 'North America': 224, 'South America': 83}
添加后: {'Europe': 375, 'North America': 224, 'South America': 83}
[2026-03-17 13:06:54.879221] 开始添加学校...
[2026-03-17 13:06:54.906754] 添加了 0 所学校
添加前: {'Europe': 375, 'North America': 224, 'South America': 83}
添加后: {'Europe': 375, 'North America': 224, 'South America': 83}
[2026-03-17 16:00:01.062853] 开始添加学校...
[2026-03-17 16:00:01.089850] 添加了 0 所学校
添加前: {'Europe': 375, 'North America': 224, 'South America': 83}
添加后: {'Europe': 375, 'North America': 224, 'South America': 83}
[2026-03-17 22:00:05.592338] 开始添加学校...
[2026-03-17 22:00:05.619845] 添加了 0 所学校
添加前: {'Europe': 375, 'North America': 224, 'South America': 83}
添加后: {'Europe': 375, 'North America': 224, 'South America': 83}
[2026-03-18 09:00:23.125108] 开始添加学校...
[2026-03-18 09:00:23.149347] 添加了 0 所学校
添加前: {'Europe': 364, 'North America': 224, 'South America': 83}
添加后: {'Europe': 364, 'North America': 224, 'South America': 83}
[2026-03-18 10:00:00.148558] 开始添加学校...
[2026-03-18 10:00:00.178236] 添加了 0 所学校
添加前: {'Europe': 364, 'North America': 224, 'South America': 83}
添加后: {'Europe': 364, 'North America': 224, 'South America': 83}
[2026-03-18 12:00:00.948944] 开始添加学校...
[2026-03-18 12:00:00.974412] 添加了 0 所学校
添加前: {'Europe': 364, 'North America': 224, 'South America': 83}
添加后: {'Europe': 364, 'North America': 224, 'South America': 83}
[2026-03-18 23:00:00.482397] 开始添加学校...
[2026-03-18 23:00:00.508130] 添加了 0 所学校
添加前: {'Europe': 364, 'North America': 224, 'South America': 83}
添加后: {'Europe': 364, 'North America': 224, 'South America': 83}
[2026-03-19 07:00:01.107327] 开始添加学校...
[2026-03-19 07:00:01.135303] 添加了 0 所学校
添加前: {'Europe': 364, 'North America': 224, 'South America': 83}
添加后: {'Europe': 364, 'North America': 224, 'South America': 83}
[2026-03-19 08:00:00.559654] 开始添加学校...
[2026-03-19 08:00:00.579995] 添加了 0 所学校
添加前: {'Europe': 364, 'North America': 224, 'South America': 83}
添加后: {'Europe': 364, 'North America': 224, 'South America': 83}
[2026-03-19 09:00:00.585863] 开始添加学校...
[2026-03-19 09:00:00.610880] 添加了 0 所学校
添加前: {'Europe': 364, 'North America': 224, 'South America': 83}
添加后: {'Europe': 364, 'North America': 224, 'South America': 83}
[2026-03-19 10:00:01.167378] 开始添加学校...
[2026-03-19 10:00:01.196019] 添加了 0 所学校
添加前: {'Europe': 364, 'North America': 224, 'South America': 83}
添加后: {'Europe': 364, 'North America': 224, 'South America': 83}
[2026-03-19 11:00:00.554755] 开始添加学校...
[2026-03-19 11:00:00.581884] 添加了 0 所学校
添加前: {'Europe': 364, 'North America': 224, 'South America': 83}
添加后: {'Europe': 364, 'North America': 224, 'South America': 83}
[2026-03-19 12:01:05.558151] 开始添加学校...
[2026-03-19 12:01:05.583787] 添加了 0 所学校
添加前: {'Europe': 364, 'North America': 224, 'South America': 83}
添加后: {'Europe': 364, 'North America': 224, 'South America': 83}
[2026-03-19 14:00:27.176710] 开始添加学校...
[2026-03-19 14:00:27.202442] 添加了 0 所学校
添加前: {'Europe': 364, 'North America': 224, 'South America': 83}
添加后: {'Europe': 364, 'North America': 224, 'South America': 83}
[2026-03-19 15:00:00.541779] 开始添加学校...
[2026-03-19 15:00:00.569306] 添加了 0 所学校
添加前: {'Europe': 364, 'North America': 224, 'South America': 83}
添加后: {'Europe': 364, 'North America': 224, 'South America': 83}
[2026-03-19 16:00:00.251065] 开始添加学校...
[2026-03-19 16:00:00.278369] 添加了 0 所学校
添加前: {'Europe': 364, 'North America': 224, 'South America': 83}
添加后: {'Europe': 364, 'North America': 224, 'South America': 83}
[2026-03-19 17:00:00.456760] 开始添加学校...
[2026-03-19 17:00:00.482481] 添加了 0 所学校
添加前: {'Europe': 364, 'North America': 224, 'South America': 83}
添加后: {'Europe': 364, 'North America': 224, 'South America': 83}
[2026-03-19 18:00:00.209045] 开始添加学校...
[2026-03-19 18:00:00.233170] 添加了 0 所学校
添加前: {'Europe': 364, 'North America': 224, 'South America': 83}
添加后: {'Europe': 364, 'North America': 224, 'South America': 83}
[2026-03-19 19:01:57.155310] 开始添加学校...
[2026-03-19 19:01:57.179714] 添加了 0 所学校
添加前: {'Europe': 364, 'North America': 224, 'South America': 83}
添加后: {'Europe': 364, 'North America': 224, 'South America': 83}
[2026-03-19 20:00:01.005682] 开始添加学校...
[2026-03-19 20:00:01.031141] 添加了 0 所学校
添加前: {'Europe': 364, 'North America': 224, 'South America': 83}
添加后: {'Europe': 364, 'North America': 224, 'South America': 83}
[2026-03-19 21:00:00.310612] 开始添加学校...
[2026-03-19 21:00:00.341695] 添加了 0 所学校
添加前: {'Europe': 364, 'North America': 224, 'South America': 83}
添加后: {'Europe': 364, 'North America': 224, 'South America': 83}
[2026-03-19 22:00:00.499586] 开始添加学校...
[2026-03-19 22:00:00.525160] 添加了 0 所学校
添加前: {'Europe': 364, 'North America': 224, 'South America': 83}
添加后: {'Europe': 364, 'North America': 224, 'South America': 83}
[2026-03-19 23:00:00.642170] 开始添加学校...
[2026-03-19 23:00:00.668482] 添加了 0 所学校
添加前: {'Europe': 364, 'North America': 224, 'South America': 83}
添加后: {'Europe': 364, 'North America': 224, 'South America': 83}
[2026-03-20 00:00:01.035422] 开始添加学校...
[2026-03-20 00:00:01.062201] 添加了 0 所学校
添加前: {'Europe': 364, 'North America': 224, 'South America': 83}
添加后: {'Europe': 364, 'North America': 224, 'South America': 83}
[2026-03-20 01:00:00.849393] 开始添加学校...
[2026-03-20 01:00:00.876269] 添加了 0 所学校
添加前: {'Europe': 364, 'North America': 224, 'South America': 83}
添加后: {'Europe': 364, 'North America': 224, 'South America': 83}
[2026-03-20 02:00:00.266149] 开始添加学校...
[2026-03-20 02:00:00.291608] 添加了 0 所学校
添加前: {'Europe': 364, 'North America': 224, 'South America': 83}
添加后: {'Europe': 364, 'North America': 224, 'South America': 83}
[2026-03-20 03:00:01.030647] 开始添加学校...
[2026-03-20 03:00:01.056472] 添加了 0 所学校
添加前: {'Europe': 364, 'North America': 224, 'South America': 83}
添加后: {'Europe': 364, 'North America': 224, 'South America': 83}
[2026-03-20 04:00:00.571272] 开始添加学校...
[2026-03-20 04:00:00.615392] 添加了 0 所学校
添加前: {'Europe': 364, 'North America': 224, 'South America': 83}
添加后: {'Europe': 364, 'North America': 224, 'South America': 83}
[2026-03-20 05:00:00.570846] 开始添加学校...
[2026-03-20 05:00:00.615246] 添加了 0 所学校
添加前: {'Europe': 364, 'North America': 224, 'South America': 83}
添加后: {'Europe': 364, 'North America': 224, 'South America': 83}
[2026-03-20 06:00:00.800473] 开始添加学校...
[2026-03-20 06:00:00.844840] 添加了 0 所学校
添加前: {'Europe': 364, 'North America': 224, 'South America': 83}
添加后: {'Europe': 364, 'North America': 224, 'South America': 83}
[2026-03-20 07:00:00.716234] 开始添加学校...
[2026-03-20 07:00:00.742906] 添加了 0 所学校
添加前: {'Europe': 364, 'North America': 224, 'South America': 83}
添加后: {'Europe': 364, 'North America': 224, 'South America': 83}
[2026-03-20 08:01:26.272373] 开始添加学校...
[2026-03-20 08:01:26.297781] 添加了 0 所学校
添加前: {'Europe': 364, 'North America': 224, 'South America': 83}
添加后: {'Europe': 364, 'North America': 224, 'South America': 83}
[2026-03-20 09:00:00.497980] 开始添加学校...
[2026-03-20 09:00:00.523962] 添加了 0 所学校
添加前: {'Europe': 364, 'North America': 224, 'South America': 83}
添加后: {'Europe': 364, 'North America': 224, 'South America': 83}
[2026-03-20 11:00:00.232640] 开始添加学校...
[2026-03-20 11:00:00.258077] 添加了 0 所学校
添加前: {'Europe': 364, 'North America': 224, 'South America': 83}
添加后: {'Europe': 364, 'North America': 224, 'South America': 83}
[2026-03-20 12:02:51.622065] 开始添加学校...
[2026-03-20 12:02:51.646030] 添加了 0 所学校
添加前: {'Europe': 364, 'North America': 224, 'South America': 83}
添加后: {'Europe': 364, 'North America': 224, 'South America': 83}
[2026-03-20 15:05:15.883580] 开始添加学校...
[2026-03-20 15:05:15.910406] 添加了 0 所学校
添加前: {'Europe': 364, 'North America': 224, 'South America': 83}
添加后: {'Europe': 364, 'North America': 224, 'South America': 83}
[2026-03-20 16:07:16.346990] 开始添加学校...
[2026-03-20 16:07:16.371609] 添加了 0 所学校
添加前: {'Europe': 364, 'North America': 224, 'South America': 83}
添加后: {'Europe': 364, 'North America': 224, 'South America': 83}
[2026-03-20 18:00:00.511932] 开始添加学校...
[2026-03-20 18:00:00.528777] 添加了 0 所学校
添加前: {'Europe': 364, 'North America': 224, 'South America': 83}
添加后: {'Europe': 364, 'North America': 224, 'South America': 83}
[2026-03-21 06:01:11.676673] 开始添加学校...
[2026-03-21 06:01:11.705205] 添加了 0 所学校
添加前: {'Europe': 364, 'North America': 224, 'South America': 83}
添加后: {'Europe': 364, 'North America': 224, 'South America': 83}
[2026-03-21 07:00:33.304258] 开始添加学校...
[2026-03-21 07:00:33.315663] 添加了 0 所学校
添加前: {'Europe': 364, 'North America': 224, 'South America': 83}
添加后: {'Europe': 364, 'North America': 224, 'South America': 83}
[2026-03-21 11:04:08.480045] 开始添加学校...
[2026-03-21 11:04:08.508290] 添加了 0 所学校
添加前: {'Europe': 364, 'North America': 224, 'South America': 83}
添加后: {'Europe': 364, 'North America': 224, 'South America': 83}
[2026-03-21 12:05:36.816246] 开始添加学校...
[2026-03-21 12:05:36.845217] 添加了 0 所学校
添加前: {'Europe': 364, 'North America': 224, 'South America': 83}
添加后: {'Europe': 364, 'North America': 224, 'South America': 83}
[2026-03-21 13:06:27.112753] 开始添加学校...
[2026-03-21 13:06:27.140488] 添加了 0 所学校
添加前: {'Europe': 364, 'North America': 224, 'South America': 83}
添加后: {'Europe': 364, 'North America': 224, 'South America': 83}
[2026-03-21 14:07:40.302384] 开始添加学校...
[2026-03-21 14:07:40.331738] 添加了 0 所学校
添加前: {'Europe': 364, 'North America': 224, 'South America': 83}
添加后: {'Europe': 364, 'North America': 224, 'South America': 83}
[2026-03-21 15:00:00.865184] 开始添加学校...
[2026-03-21 15:00:00.886324] 添加了 0 所学校
添加前: {'Europe': 364, 'North America': 224, 'South America': 83}
添加后: {'Europe': 364, 'North America': 224, 'South America': 83}
[2026-03-22 01:00:00.625295] 开始添加学校...
[2026-03-22 01:00:00.654084] 添加了 0 所学校
添加前: {'Europe': 364, 'North America': 224, 'South America': 83}
添加后: {'Europe': 364, 'North America': 224, 'South America': 83}
[2026-03-22 06:01:22.225489] 开始添加学校...
[2026-03-22 06:01:22.252152] 添加了 0 所学校
添加前: {'Europe': 364, 'North America': 224, 'South America': 83}
添加后: {'Europe': 364, 'North America': 224, 'South America': 83}
[2026-03-22 07:00:18.391704] 开始添加学校...
[2026-03-22 07:00:18.418504] 添加了 0 所学校
添加前: {'Europe': 364, 'North America': 224, 'South America': 83}
添加后: {'Europe': 364, 'North America': 224, 'South America': 83}
[2026-03-22 11:05:24.150273] 开始添加学校...
[2026-03-22 11:05:24.182179] 添加了 0 所学校
添加前: {'Europe': 364, 'North America': 224, 'South America': 83}
添加后: {'Europe': 364, 'North America': 224, 'South America': 83}
[2026-03-22 12:06:27.764998] 开始添加学校...
[2026-03-22 12:06:27.795716] 添加了 0 所学校
添加前: {'Europe': 364, 'North America': 224, 'South America': 83}
添加后: {'Europe': 364, 'North America': 224, 'South America': 83}
[2026-03-22 14:08:27.466174] 开始添加学校...
[2026-03-22 14:08:27.497732] 添加了 0 所学校
添加前: {'Europe': 364, 'North America': 224, 'South America': 83}
添加后: {'Europe': 364, 'North America': 224, 'South America': 83}
[2026-03-23 07:00:28.585881] 开始添加学校...
[2026-03-23 07:00:28.613685] 添加了 0 所学校
添加前: {'Europe': 364, 'North America': 224, 'South America': 83}
添加后: {'Europe': 364, 'North America': 224, 'South America': 83}
[2026-03-23 11:00:00.627992] 开始添加学校...
[2026-03-23 11:00:00.660149] 添加了 0 所学校
添加前: {'Europe': 364, 'North America': 224, 'South America': 83}
添加后: {'Europe': 364, 'North America': 224, 'South America': 83}
[2026-03-23 12:00:00.656056] 开始添加学校...
[2026-03-23 12:00:00.686206] 添加了 0 所学校
添加前: {'Europe': 364, 'North America': 224, 'South America': 83}
添加后: {'Europe': 364, 'North America': 224, 'South America': 83}
[2026-03-23 14:00:00.524509] 开始添加学校...
[2026-03-23 14:00:00.537452] 添加了 0 所学校
添加前: {'Europe': 364, 'North America': 224, 'South America': 83}
添加后: {'Europe': 364, 'North America': 224, 'South America': 83}
[2026-03-23 17:04:38.787431] 开始添加学校...
[2026-03-23 17:04:38.814357] 添加了 0 所学校
添加前: {'Europe': 364, 'North America': 224, 'South America': 83}
添加后: {'Europe': 364, 'North America': 224, 'South America': 83}
[2026-03-23 18:04:21.940206] 开始添加学校...
[2026-03-23 18:04:21.974174] 添加了 0 所学校
添加前: {'Europe': 364, 'North America': 224, 'South America': 83}
添加后: {'Europe': 364, 'North America': 224, 'South America': 83}
[2026-03-23 21:00:00.829542] 开始添加学校...
[2026-03-23 21:00:00.856303] 添加了 0 所学校
添加前: {'Europe': 364, 'North America': 224, 'South America': 83}
添加后: {'Europe': 364, 'North America': 224, 'South America': 83}
[2026-03-23 22:00:14.573838] 开始添加学校...
[2026-03-23 22:00:14.597823] 添加了 0 所学校
添加前: {'Europe': 364, 'North America': 224, 'South America': 83}
添加后: {'Europe': 364, 'North America': 224, 'South America': 83}
[2026-03-24 06:01:40.864108] 开始添加学校...
[2026-03-24 06:01:40.890821] 添加了 0 所学校
添加前: {'Europe': 364, 'North America': 224, 'South America': 83}
添加后: {'Europe': 364, 'North America': 224, 'South America': 83}
[2026-03-24 07:00:43.732665] 开始添加学校...
[2026-03-24 07:00:43.757182] 添加了 0 所学校
添加前: {'Europe': 364, 'North America': 224, 'South America': 83}
添加后: {'Europe': 364, 'North America': 224, 'South America': 83}
[2026-03-24 08:02:04.467710] 开始添加学校...
[2026-03-24 08:02:04.495066] 添加了 0 所学校
添加前: {'Europe': 364, 'North America': 224, 'South America': 83}
添加后: {'Europe': 364, 'North America': 224, 'South America': 83}
[2026-03-24 09:00:00.780424] 开始添加学校...
[2026-03-24 09:00:00.805366] 添加了 0 所学校
添加前: {'Europe': 364, 'North America': 224, 'South America': 83}
添加后: {'Europe': 364, 'North America': 224, 'South America': 83}
[2026-03-24 12:00:01.038118] 开始添加学校...
[2026-03-24 12:00:01.061859] 添加了 0 所学校
添加前: {'Europe': 364, 'North America': 224, 'South America': 83}
添加后: {'Europe': 364, 'North America': 224, 'South America': 83}
[2026-03-24 14:03:13.978389] 开始添加学校...
[2026-03-24 14:03:14.006824] 添加了 0 所学校
添加前: {'Europe': 364, 'North America': 224, 'South America': 83}
添加后: {'Europe': 364, 'North America': 224, 'South America': 83}
[2026-03-24 17:00:01.015535] 开始添加学校...
[2026-03-24 17:00:01.044739] 添加了 0 所学校
添加前: {'Europe': 364, 'North America': 224, 'South America': 83}
添加后: {'Europe': 364, 'North America': 224, 'South America': 83}
[2026-03-24 18:02:47.164099] 开始添加学校...
[2026-03-24 18:02:47.192572] 添加了 0 所学校
添加前: {'Europe': 364, 'North America': 224, 'South America': 83}
添加后: {'Europe': 364, 'North America': 224, 'South America': 83}
[2026-03-24 22:00:23.482627] 开始添加学校...
[2026-03-24 22:00:23.506944] 添加了 0 所学校
添加前: {'Europe': 364, 'North America': 224, 'South America': 83}
添加后: {'Europe': 364, 'North America': 224, 'South America': 83}
[2026-03-25 07:00:00.642348] 开始添加学校...
[2026-03-25 07:00:00.666955] 添加了 0 所学校
添加前: {'Europe': 364, 'North America': 224, 'South America': 83}
添加后: {'Europe': 364, 'North America': 224, 'South America': 83}
[2026-03-25 08:00:00.971431] 开始添加学校...
[2026-03-25 08:00:01.019671] 添加了 0 所学校
添加前: {'Europe': 364, 'North America': 224, 'South America': 83}
添加后: {'Europe': 364, 'North America': 224, 'South America': 83}
[2026-03-25 09:00:00.203062] 开始添加学校...
[2026-03-25 09:00:00.227452] 添加了 0 所学校
添加前: {'Europe': 364, 'North America': 224, 'South America': 83}
添加后: {'Europe': 364, 'North America': 224, 'South America': 83}
[2026-03-25 10:00:00.145835] 开始添加学校...
[2026-03-25 10:00:00.172611] 添加了 0 所学校
添加前: {'Europe': 364, 'North America': 224, 'South America': 83}
添加后: {'Europe': 364, 'North America': 224, 'South America': 83}
[2026-03-25 12:00:00.776458] 开始添加学校...
[2026-03-25 12:00:00.794795] 添加了 0 所学校
添加前: {'Europe': 364, 'North America': 224, 'South America': 83}
添加后: {'Europe': 364, 'North America': 224, 'South America': 83}
[2026-03-25 13:00:00.846803] 开始添加学校...
[2026-03-25 13:00:00.859695] 添加了 0 所学校
添加前: {'Europe': 364, 'North America': 224, 'South America': 83}
添加后: {'Europe': 364, 'North America': 224, 'South America': 83}
[2026-03-25 14:00:00.294949] 开始添加学校...
[2026-03-25 14:00:00.321014] 添加了 0 所学校
添加前: {'Europe': 364, 'North America': 224, 'South America': 83}
添加后: {'Europe': 364, 'North America': 224, 'South America': 83}
[2026-03-25 16:00:12.146205] 开始添加学校...
[2026-03-25 16:00:12.156756] 添加了 0 所学校
添加前: {'Europe': 364, 'North America': 224, 'South America': 83}
添加后: {'Europe': 364, 'North America': 224, 'South America': 83}
[2026-03-25 17:00:00.644634] 开始添加学校...
[2026-03-25 17:00:00.673207] 添加了 0 所学校
添加前: {'Europe': 364, 'North America': 224, 'South America': 83}
添加后: {'Europe': 364, 'North America': 224, 'South America': 83}
[2026-03-25 18:00:01.124708] 开始添加学校...
[2026-03-25 18:00:01.154190] 添加了 0 所学校
添加前: {'Europe': 364, 'North America': 224, 'South America': 83}
添加后: {'Europe': 364, 'North America': 224, 'South America': 83}
[2026-03-25 19:00:00.716050] 开始添加学校...
[2026-03-25 19:00:00.732561] 添加了 0 所学校
添加前: {'Europe': 364, 'North America': 224, 'South America': 83}
添加后: {'Europe': 364, 'North America': 224, 'South America': 83}
[2026-03-25 20:00:00.766628] 开始添加学校...
[2026-03-25 20:00:00.778128] 添加了 0 所学校
添加前: {'Europe': 364, 'North America': 224, 'South America': 83}
添加后: {'Europe': 364, 'North America': 224, 'South America': 83}
[2026-03-25 22:00:00.272945] 开始添加学校...
[2026-03-25 22:00:00.303305] 添加了 0 所学校
添加前: {'Europe': 364, 'North America': 224, 'South America': 83}
添加后: {'Europe': 364, 'North America': 224, 'South America': 83}
[2026-03-25 23:00:00.421694] 开始添加学校...
[2026-03-25 23:00:00.433766] 添加了 0 所学校
添加前: {'Europe': 364, 'North America': 224, 'South America': 83}
添加后: {'Europe': 364, 'North America': 224, 'South America': 83}
[2026-03-26 00:00:00.405824] 开始添加学校...
[2026-03-26 00:00:00.433831] 添加了 0 所学校
添加前: {'Europe': 364, 'North America': 224, 'South America': 83}
添加后: {'Europe': 364, 'North America': 224, 'South America': 83}
[2026-03-26 01:00:00.716115] 开始添加学校...
[2026-03-26 01:00:00.732107] 添加了 0 所学校
添加前: {'Europe': 364, 'North America': 224, 'South America': 83}
添加后: {'Europe': 364, 'North America': 224, 'South America': 83}
[2026-03-26 02:00:00.469887] 开始添加学校...
[2026-03-26 02:00:00.498472] 添加了 0 所学校
添加前: {'Europe': 364, 'North America': 224, 'South America': 83}
添加后: {'Europe': 364, 'North America': 224, 'South America': 83}
[2026-03-26 03:00:00.366048] 开始添加学校...
[2026-03-26 03:00:00.385939] 添加了 0 所学校
添加前: {'Europe': 364, 'North America': 224, 'South America': 83}
添加后: {'Europe': 364, 'North America': 224, 'South America': 83}
[2026-03-26 04:00:00.957721] 开始添加学校...
[2026-03-26 04:00:00.970535] 添加了 0 所学校
添加前: {'Europe': 364, 'North America': 224, 'South America': 83}
添加后: {'Europe': 364, 'North America': 224, 'South America': 83}
[2026-03-26 05:00:00.234618] 开始添加学校...
[2026-03-26 05:00:00.264700] 添加了 0 所学校
添加前: {'Europe': 364, 'North America': 224, 'South America': 83}
添加后: {'Europe': 364, 'North America': 224, 'South America': 83}
[2026-03-26 06:00:01.179993] 开始添加学校...
[2026-03-26 06:00:01.210324] 添加了 0 所学校
添加前: {'Europe': 364, 'North America': 224, 'South America': 83}
添加后: {'Europe': 364, 'North America': 224, 'South America': 83}
[2026-03-26 07:00:00.586537] 开始添加学校...
[2026-03-26 07:00:00.613244] 添加了 0 所学校
添加前: {'Europe': 364, 'North America': 224, 'South America': 83}
添加后: {'Europe': 364, 'North America': 224, 'South America': 83}
[2026-03-26 08:01:30.513590] 开始添加学校...
[2026-03-26 08:01:30.533467] 添加了 0 所学校
添加前: {'Europe': 364, 'North America': 224, 'South America': 83}
添加后: {'Europe': 364, 'North America': 224, 'South America': 83}
[2026-03-26 09:00:00.576002] 开始添加学校...
[2026-03-26 09:00:00.591947] 添加了 0 所学校
添加前: {'Europe': 364, 'North America': 224, 'South America': 83}
添加后: {'Europe': 364, 'North America': 224, 'South America': 83}
[2026-03-26 10:00:00.435665] 开始添加学校...
[2026-03-26 10:00:00.465617] 添加了 0 所学校
添加前: {'Europe': 364, 'North America': 224, 'South America': 83}
添加后: {'Europe': 364, 'North America': 224, 'South America': 83}
[2026-03-26 11:00:01.150473] 开始添加学校...
[2026-03-26 11:00:01.170267] 添加了 0 所学校
添加前: {'Europe': 364, 'North America': 224, 'South America': 83}
添加后: {'Europe': 364, 'North America': 224, 'South America': 83}
[2026-03-26 12:00:00.841435] 开始添加学校...
[2026-03-26 12:00:00.872308] 添加了 0 所学校
添加前: {'Europe': 364, 'North America': 224, 'South America': 83}
添加后: {'Europe': 364, 'North America': 224, 'South America': 83}
[2026-03-26 14:00:00.562507] 开始添加学校...
[2026-03-26 14:00:00.578214] 添加了 0 所学校
添加前: {'Europe': 364, 'North America': 224, 'South America': 83}
添加后: {'Europe': 364, 'North America': 224, 'South America': 83}
[2026-03-26 17:00:00.880949] 开始添加学校...
[2026-03-26 17:00:00.895076] 添加了 0 所学校
添加前: {'Europe': 364, 'North America': 224, 'South America': 83}
添加后: {'Europe': 364, 'North America': 224, 'South America': 83}
[2026-03-26 19:00:00.477982] 开始添加学校...
[2026-03-26 19:00:00.502416] 添加了 0 所学校
添加前: {'Europe': 364, 'North America': 224, 'South America': 83}
添加后: {'Europe': 364, 'North America': 224, 'South America': 83}
[2026-03-27 06:01:17.401029] 开始添加学校...
[2026-03-27 06:01:17.423677] 添加了 0 所学校
添加前: {'Europe': 364, 'North America': 224, 'South America': 83}
添加后: {'Europe': 364, 'North America': 224, 'South America': 83}
[2026-03-27 07:00:12.643543] 开始添加学校...
[2026-03-27 07:00:12.658763] 添加了 0 所学校
添加前: {'Europe': 364, 'North America': 224, 'South America': 83}
添加后: {'Europe': 364, 'North America': 224, 'South America': 83}
[2026-03-27 08:02:28.588280] 开始添加学校...
[2026-03-27 08:02:28.606368] 添加了 0 所学校
添加前: {'Europe': 364, 'North America': 224, 'South America': 83}
添加后: {'Europe': 364, 'North America': 224, 'South America': 83}
[2026-03-27 09:00:00.606902] 开始添加学校...
[2026-03-27 09:00:00.622979] 添加了 0 所学校
添加前: {'Europe': 364, 'North America': 224, 'South America': 83}
添加后: {'Europe': 364, 'North America': 224, 'South America': 83}
[2026-03-27 11:00:01.480667] 开始添加学校...
[2026-03-27 11:00:01.493318] 添加了 50 所学校
添加前: {'Europe': 364, 'North America': 224, 'South America': 83}
添加后: {'Europe': 399, 'North America': 239, 'South America': 83}
[2026-03-27 12:00:00.189732] 开始添加学校...
[2026-03-27 12:00:00.205122] 添加了 0 所学校
添加前: {'Europe': 370, 'North America': 224, 'South America': 84}
添加后: {'Europe': 370, 'North America': 224, 'South America': 84}
[2026-03-27 13:00:00.877476] 开始添加学校...
[2026-03-27 13:00:00.889735] 添加了 0 所学校
添加前: {'Europe': 370, 'North America': 224, 'South America': 84}
添加后: {'Europe': 370, 'North America': 224, 'South America': 84}
[2026-03-27 16:00:01.116382] 开始添加学校...
[2026-03-27 16:00:01.153971] 添加了 0 所学校
添加前: {'Europe': 370, 'North America': 224, 'South America': 84}
添加后: {'Europe': 370, 'North America': 224, 'South America': 84}
[2026-03-27 17:00:00.359542] 开始添加学校...
[2026-03-27 17:00:00.388154] 添加了 0 所学校
添加前: {'Europe': 370, 'North America': 224, 'South America': 84}
添加后: {'Europe': 370, 'North America': 224, 'South America': 84}
[2026-03-27 18:00:00.754635] 开始添加学校...
[2026-03-27 18:00:00.770386] 添加了 0 所学校
添加前: {'Europe': 370, 'North America': 224, 'South America': 84}
添加后: {'Europe': 370, 'North America': 224, 'South America': 84}
[2026-03-27 19:00:00.412935] 开始添加学校...
[2026-03-27 19:00:00.445453] 添加了 0 所学校
添加前: {'Europe': 370, 'North America': 224, 'South America': 84}
添加后: {'Europe': 370, 'North America': 224, 'South America': 84}
[2026-03-27 20:00:00.710407] 开始添加学校...
[2026-03-27 20:00:00.741363] 添加了 0 所学校
添加前: {'Europe': 370, 'North America': 224, 'South America': 84}
添加后: {'Europe': 370, 'North America': 224, 'South America': 84}
[2026-03-27 21:00:00.536005] 开始添加学校...
[2026-03-27 21:00:00.551461] 添加了 0 所学校
添加前: {'Europe': 370, 'North America': 224, 'South America': 84}
添加后: {'Europe': 370, 'North America': 224, 'South America': 84}
[2026-03-27 22:00:00.581013] 开始添加学校...
[2026-03-27 22:00:00.597789] 添加了 0 所学校
添加前: {'Europe': 370, 'North America': 224, 'South America': 84}
添加后: {'Europe': 370, 'North America': 224, 'South America': 84}
[2026-03-27 23:00:01.183364] 开始添加学校...
[2026-03-27 23:00:01.213910] 添加了 0 所学校
添加前: {'Europe': 370, 'North America': 224, 'South America': 84}
添加后: {'Europe': 370, 'North America': 224, 'South America': 84}
[2026-03-28 00:00:00.500807] 开始添加学校...
[2026-03-28 00:00:00.514332] 添加了 0 所学校
添加前: {'Europe': 370, 'North America': 224, 'South America': 84}
添加后: {'Europe': 370, 'North America': 224, 'South America': 84}
[2026-03-28 01:00:00.588472] 开始添加学校...
[2026-03-28 01:00:00.604745] 添加了 0 所学校
添加前: {'Europe': 370, 'North America': 224, 'South America': 84}
添加后: {'Europe': 370, 'North America': 224, 'South America': 84}
[2026-03-28 02:00:00.206728] 开始添加学校...
[2026-03-28 02:00:00.223087] 添加了 0 所学校
添加前: {'Europe': 370, 'North America': 224, 'South America': 84}
添加后: {'Europe': 370, 'North America': 224, 'South America': 84}
[2026-03-28 03:00:00.795955] 开始添加学校...
[2026-03-28 03:00:00.808348] 添加了 0 所学校
添加前: {'Europe': 370, 'North America': 224, 'South America': 84}
添加后: {'Europe': 370, 'North America': 224, 'South America': 84}
[2026-03-28 04:00:00.651242] 开始添加学校...
[2026-03-28 04:00:00.670913] 添加了 0 所学校
添加前: {'Europe': 370, 'North America': 224, 'South America': 84}
添加后: {'Europe': 370, 'North America': 224, 'South America': 84}
[2026-03-28 05:00:00.545799] 开始添加学校...
[2026-03-28 05:00:00.577606] 添加了 0 所学校
添加前: {'Europe': 370, 'North America': 224, 'South America': 84}
添加后: {'Europe': 370, 'North America': 224, 'South America': 84}
[2026-03-28 06:00:00.926315] 开始添加学校...
[2026-03-28 06:00:00.938222] 添加了 0 所学校
添加前: {'Europe': 370, 'North America': 224, 'South America': 84}
添加后: {'Europe': 370, 'North America': 224, 'South America': 84}
[2026-03-28 07:00:00.395498] 开始添加学校...
[2026-03-28 07:00:00.408389] 添加了 0 所学校
添加前: {'Europe': 370, 'North America': 224, 'South America': 84}
添加后: {'Europe': 370, 'North America': 224, 'South America': 84}
[2026-03-28 08:00:01.207135] 开始添加学校...
[2026-03-28 08:00:01.242030] 添加了 0 所学校
添加前: {'Europe': 370, 'North America': 224, 'South America': 84}
添加后: {'Europe': 370, 'North America': 224, 'South America': 84}
[2026-03-28 09:00:01.294339] 开始添加学校...
[2026-03-28 09:00:01.341218] 添加了 0 所学校
添加前: {'Europe': 370, 'North America': 224, 'South America': 84}
添加后: {'Europe': 370, 'North America': 224, 'South America': 84}
[2026-03-28 10:00:01.042516] 开始添加学校...
[2026-03-28 10:00:01.055522] 添加了 0 所学校
添加前: {'Europe': 370, 'North America': 224, 'South America': 84}
添加后: {'Europe': 370, 'North America': 224, 'South America': 84}
[2026-03-28 11:00:00.629027] 开始添加学校...
[2026-03-28 11:00:00.672293] 添加了 0 所学校
添加前: {'Europe': 370, 'North America': 224, 'South America': 84}
添加后: {'Europe': 370, 'North America': 224, 'South America': 84}
[2026-03-28 12:00:00.758783] 开始添加学校...
[2026-03-28 12:00:00.777090] 添加了 0 所学校
添加前: {'Europe': 370, 'North America': 224, 'South America': 84}
添加后: {'Europe': 370, 'North America': 224, 'South America': 84}
[2026-03-28 13:00:00.427887] 开始添加学校...
[2026-03-28 13:00:00.450263] 添加了 0 所学校
添加前: {'Europe': 370, 'North America': 224, 'South America': 84}
添加后: {'Europe': 370, 'North America': 224, 'South America': 84}
[2026-03-28 14:00:00.652882] 开始添加学校...
[2026-03-28 14:00:00.686433] 添加了 0 所学校
添加前: {'Europe': 370, 'North America': 224, 'South America': 84}
添加后: {'Europe': 370, 'North America': 224, 'South America': 84}
[2026-03-28 15:00:00.827168] 开始添加学校...
[2026-03-28 15:00:00.863380] 添加了 0 所学校
添加前: {'Europe': 370, 'North America': 224, 'South America': 84}
添加后: {'Europe': 370, 'North America': 224, 'South America': 84}
[2026-03-28 16:00:00.530657] 开始添加学校...
[2026-03-28 16:00:00.547490] 添加了 0 所学校
添加前: {'Europe': 370, 'North America': 224, 'South America': 84}
添加后: {'Europe': 370, 'North America': 224, 'South America': 84}
[2026-03-28 17:00:00.740576] 开始添加学校...
[2026-03-28 17:00:00.774834] 添加了 0 所学校
添加前: {'Europe': 370, 'North America': 224, 'South America': 84}
添加后: {'Europe': 370, 'North America': 224, 'South America': 84}
[2026-03-28 18:00:00.755716] 开始添加学校...
[2026-03-28 18:00:00.790799] 添加了 0 所学校
添加前: {'Europe': 370, 'North America': 224, 'South America': 84}
添加后: {'Europe': 370, 'North America': 224, 'South America': 84}
[2026-03-28 19:00:01.042982] 开始添加学校...
[2026-03-28 19:00:01.068102] 添加了 0 所学校
添加前: {'Europe': 370, 'North America': 224, 'South America': 84}
添加后: {'Europe': 370, 'North America': 224, 'South America': 84}
[2026-03-28 20:00:00.847600] 开始添加学校...
[2026-03-28 20:00:00.883403] 添加了 0 所学校
添加前: {'Europe': 370, 'North America': 224, 'South America': 84}
添加后: {'Europe': 370, 'North America': 224, 'South America': 84}
[2026-03-28 21:00:00.706522] 开始添加学校...
[2026-03-28 21:00:00.740560] 添加了 0 所学校
添加前: {'Europe': 370, 'North America': 224, 'South America': 84}
添加后: {'Europe': 370, 'North America': 224, 'South America': 84}
[2026-03-28 22:00:00.426473] 开始添加学校...
[2026-03-28 22:00:00.457355] 添加了 0 所学校
添加前: {'Europe': 370, 'North America': 224, 'South America': 84}
添加后: {'Europe': 370, 'North America': 224, 'South America': 84}
[2026-03-28 23:00:00.577733] 开始添加学校...
[2026-03-28 23:00:00.592508] 添加了 0 所学校
添加前: {'Europe': 370, 'North America': 224, 'South America': 84}
添加后: {'Europe': 370, 'North America': 224, 'South America': 84}
[2026-03-29 00:00:01.022911] 开始添加学校...
[2026-03-29 00:00:01.058615] 添加了 0 所学校
添加前: {'Europe': 370, 'North America': 224, 'South America': 84}
添加后: {'Europe': 370, 'North America': 224, 'South America': 84}
[2026-03-29 01:00:00.102098] 开始添加学校...
[2026-03-29 01:00:00.128633] 添加了 0 所学校
添加前: {'Europe': 370, 'North America': 224, 'South America': 84}
添加后: {'Europe': 370, 'North America': 224, 'South America': 84}
[2026-03-29 02:00:00.298413] 开始添加学校...
[2026-03-29 02:00:00.317850] 添加了 0 所学校
添加前: {'Europe': 370, 'North America': 224, 'South America': 84}
添加后: {'Europe': 370, 'North America': 224, 'South America': 84}
[2026-03-29 03:00:01.126441] 开始添加学校...
[2026-03-29 03:00:01.142080] 添加了 0 所学校
添加前: {'Europe': 370, 'North America': 224, 'South America': 84}
添加后: {'Europe': 370, 'North America': 224, 'South America': 84}
[2026-03-29 07:00:00.563987] 开始添加学校...
[2026-03-29 07:00:00.585848] 添加了 0 所学校
添加前: {'Europe': 370, 'North America': 224, 'South America': 84}
添加后: {'Europe': 370, 'North America': 224, 'South America': 84}
[2026-03-29 08:00:00.808813] 开始添加学校...
[2026-03-29 08:00:00.820724] 添加了 0 所学校
添加前: {'Europe': 370, 'North America': 224, 'South America': 84}
添加后: {'Europe': 370, 'North America': 224, 'South America': 84}
[2026-03-29 09:00:00.873225] 开始添加学校...
[2026-03-29 09:00:00.903675] 添加了 0 所学校
添加前: {'Europe': 370, 'North America': 224, 'South America': 84}
添加后: {'Europe': 370, 'North America': 224, 'South America': 84}
[2026-03-29 10:00:00.363161] 开始添加学校...
[2026-03-29 10:00:00.391438] 添加了 0 所学校
添加前: {'Europe': 370, 'North America': 224, 'South America': 84}
添加后: {'Europe': 370, 'North America': 224, 'South America': 84}
[2026-03-29 11:00:00.408361] 开始添加学校...
[2026-03-29 11:00:00.419408] 添加了 0 所学校
添加前: {'Europe': 370, 'North America': 224, 'South America': 84}
添加后: {'Europe': 370, 'North America': 224, 'South America': 84}
[2026-03-29 12:00:00.524112] 开始添加学校...
[2026-03-29 12:00:00.547804] 添加了 0 所学校
添加前: {'Europe': 370, 'North America': 224, 'South America': 84}
添加后: {'Europe': 370, 'North America': 224, 'South America': 84}
[2026-03-29 13:00:00.952546] 开始添加学校...
[2026-03-29 13:00:00.982487] 添加了 0 所学校
添加前: {'Europe': 370, 'North America': 224, 'South America': 84}
添加后: {'Europe': 370, 'North America': 224, 'South America': 84}
[2026-03-29 14:00:00.464715] 开始添加学校...
[2026-03-29 14:00:00.475583] 添加了 0 所学校
添加前: {'Europe': 370, 'North America': 224, 'South America': 84}
添加后: {'Europe': 370, 'North America': 224, 'South America': 84}
[2026-03-29 15:00:01.246773] 开始添加学校...
[2026-03-29 15:00:01.281388] 添加了 0 所学校
添加前: {'Europe': 370, 'North America': 224, 'South America': 84}
添加后: {'Europe': 370, 'North America': 224, 'South America': 84}
[2026-03-29 16:00:00.262279] 开始添加学校...
[2026-03-29 16:00:00.294692] 添加了 0 所学校
添加前: {'Europe': 370, 'North America': 224, 'South America': 84}
添加后: {'Europe': 370, 'North America': 224, 'South America': 84}
[2026-03-29 17:00:00.574557] 开始添加学校...
[2026-03-29 17:00:00.614803] 添加了 0 所学校
添加前: {'Europe': 370, 'North America': 224, 'South America': 84}
添加后: {'Europe': 370, 'North America': 224, 'South America': 84}
[2026-03-29 18:00:01.200747] 开始添加学校...
[2026-03-29 18:00:01.216241] 添加了 0 所学校
添加前: {'Europe': 370, 'North America': 224, 'South America': 84}
添加后: {'Europe': 370, 'North America': 224, 'South America': 84}
[2026-03-29 19:00:00.249372] 开始添加学校...
[2026-03-29 19:00:00.282641] 添加了 0 所学校
添加前: {'Europe': 370, 'North America': 224, 'South America': 84}
添加后: {'Europe': 370, 'North America': 224, 'South America': 84}
[2026-03-29 20:00:00.930158] 开始添加学校...
[2026-03-29 20:00:00.965159] 添加了 0 所学校
添加前: {'Europe': 370, 'North America': 224, 'South America': 84}
添加后: {'Europe': 370, 'North America': 224, 'South America': 84}
[2026-03-29 21:00:00.563112] 开始添加学校...
[2026-03-29 21:00:00.580145] 添加了 0 所学校
添加前: {'Europe': 370, 'North America': 224, 'South America': 84}
添加后: {'Europe': 370, 'North America': 224, 'South America': 84}
[2026-03-29 22:00:00.566475] 开始添加学校...
[2026-03-29 22:00:00.603784] 添加了 0 所学校
添加前: {'Europe': 370, 'North America': 224, 'South America': 84}
添加后: {'Europe': 370, 'North America': 224, 'South America': 84}
[2026-03-29 23:00:00.552094] 开始添加学校...
[2026-03-29 23:00:00.586810] 添加了 0 所学校
添加前: {'Europe': 370, 'North America': 224, 'South America': 84}
添加后: {'Europe': 370, 'North America': 224, 'South America': 84}
[2026-03-30 00:00:00.640571] 开始添加学校...
[2026-03-30 00:00:00.662385] 添加了 0 所学校
添加前: {'Europe': 370, 'North America': 224, 'South America': 84}
添加后: {'Europe': 370, 'North America': 224, 'South America': 84}
[2026-03-30 01:00:00.380760] 开始添加学校...
[2026-03-30 01:00:00.413966] 添加了 0 所学校
添加前: {'Europe': 370, 'North America': 224, 'South America': 84}
添加后: {'Europe': 370, 'North America': 224, 'South America': 84}
[2026-03-30 02:00:00.553002] 开始添加学校...
[2026-03-30 02:00:00.591894] 添加了 0 所学校
添加前: {'Europe': 370, 'North America': 224, 'South America': 84}
添加后: {'Europe': 370, 'North America': 224, 'South America': 84}
[2026-03-30 03:00:00.720594] 开始添加学校...
[2026-03-30 03:00:00.736793] 添加了 0 所学校
添加前: {'Europe': 370, 'North America': 224, 'South America': 84}
添加后: {'Europe': 370, 'North America': 224, 'South America': 84}
[2026-03-30 04:00:00.309014] 开始添加学校...
[2026-03-30 04:00:00.342304] 添加了 0 所学校
添加前: {'Europe': 370, 'North America': 224, 'South America': 84}
添加后: {'Europe': 370, 'North America': 224, 'South America': 84}
[2026-03-30 05:00:00.510363] 开始添加学校...
[2026-03-30 05:00:00.548527] 添加了 0 所学校
添加前: {'Europe': 370, 'North America': 224, 'South America': 84}
添加后: {'Europe': 370, 'North America': 224, 'South America': 84}
[2026-03-30 06:00:00.498587] 开始添加学校...
[2026-03-30 06:00:00.521682] 添加了 0 所学校
添加前: {'Europe': 370, 'North America': 224, 'South America': 84}
添加后: {'Europe': 370, 'North America': 224, 'South America': 84}
[2026-03-30 07:00:00.716844] 开始添加学校...
[2026-03-30 07:00:00.754390] 添加了 0 所学校
添加前: {'Europe': 370, 'North America': 224, 'South America': 84}
添加后: {'Europe': 370, 'North America': 224, 'South America': 84}
[2026-03-30 08:00:00.290661] 开始添加学校...
[2026-03-30 08:00:00.327965] 添加了 0 所学校
添加前: {'Europe': 370, 'North America': 224, 'South America': 84}
添加后: {'Europe': 370, 'North America': 224, 'South America': 84}
[2026-03-30 09:00:01.133931] 开始添加学校...
[2026-03-30 09:00:01.161669] 添加了 0 所学校
添加前: {'Europe': 370, 'North America': 224, 'South America': 84}
添加后: {'Europe': 370, 'North America': 224, 'South America': 84}
[2026-03-30 10:00:01.110034] 开始添加学校...
[2026-03-30 10:00:01.130554] 添加了 0 所学校
添加前: {'Europe': 370, 'North America': 224, 'South America': 84}
添加后: {'Europe': 370, 'North America': 224, 'South America': 84}
[2026-03-30 11:00:00.559117] 开始添加学校...
[2026-03-30 11:00:00.595785] 添加了 0 所学校
添加前: {'Europe': 370, 'North America': 224, 'South America': 84}
添加后: {'Europe': 370, 'North America': 224, 'South America': 84}
[2026-03-30 12:00:00.579776] 开始添加学校...
[2026-03-30 12:00:00.616596] 添加了 0 所学校
添加前: {'Europe': 370, 'North America': 224, 'South America': 84}
添加后: {'Europe': 370, 'North America': 224, 'South America': 84}
[2026-03-30 13:00:00.477184] 开始添加学校...
[2026-03-30 13:00:00.517563] 添加了 0 所学校
添加前: {'Europe': 370, 'North America': 224, 'South America': 84}
添加后: {'Europe': 370, 'North America': 224, 'South America': 84}
[2026-03-30 14:00:00.935144] 开始添加学校...
[2026-03-30 14:00:00.977673] 添加了 0 所学校
添加前: {'Europe': 370, 'North America': 224, 'South America': 84}
添加后: {'Europe': 370, 'North America': 224, 'South America': 84}
[2026-03-30 15:00:01.074277] 开始添加学校...
[2026-03-30 15:00:01.110417] 添加了 0 所学校
添加前: {'Europe': 370, 'North America': 224, 'South America': 84}
添加后: {'Europe': 370, 'North America': 224, 'South America': 84}
[2026-03-30 16:00:00.776749] 开始添加学校...
[2026-03-30 16:00:00.818092] 添加了 0 所学校
添加前: {'Europe': 370, 'North America': 224, 'South America': 84}
添加后: {'Europe': 370, 'North America': 224, 'South America': 84}
[2026-03-30 17:00:00.601989] 开始添加学校...
[2026-03-30 17:00:00.643201] 添加了 0 所学校
添加前: {'Europe': 370, 'North America': 224, 'South America': 84}
添加后: {'Europe': 370, 'North America': 224, 'South America': 84}
[2026-03-30 18:00:00.911332] 开始添加学校...
[2026-03-30 18:00:00.942097] 添加了 0 所学校
添加前: {'Europe': 370, 'North America': 224, 'South America': 84}
添加后: {'Europe': 370, 'North America': 224, 'South America': 84}
[2026-03-30 19:00:00.436958] 开始添加学校...
[2026-03-30 19:00:00.481578] 添加了 0 所学校
添加前: {'Europe': 370, 'North America': 224, 'South America': 84}
添加后: {'Europe': 370, 'North America': 224, 'South America': 84}
[2026-03-30 20:00:01.198052] 开始添加学校...
[2026-03-30 20:00:01.240144] 添加了 0 所学校
添加前: {'Europe': 370, 'North America': 224, 'South America': 84}
添加后: {'Europe': 370, 'North America': 224, 'South America': 84}
[2026-03-30 21:00:01.194306] 开始添加学校...
[2026-03-30 21:00:01.229135] 添加了 0 所学校
添加前: {'Europe': 370, 'North America': 224, 'South America': 84}
添加后: {'Europe': 370, 'North America': 224, 'South America': 84}
[2026-03-30 22:00:00.476444] 开始添加学校...
[2026-03-30 22:00:00.495242] 添加了 0 所学校
添加前: {'Europe': 370, 'North America': 224, 'South America': 84}
添加后: {'Europe': 370, 'North America': 224, 'South America': 84}
[2026-03-30 23:00:01.190674] 开始添加学校...
[2026-03-30 23:00:01.225686] 添加了 0 所学校
添加前: {'Europe': 370, 'North America': 224, 'South America': 84}
添加后: {'Europe': 370, 'North America': 224, 'South America': 84}
[2026-03-31 00:00:01.184248] 开始添加学校...
[2026-03-31 00:00:01.215546] 添加了 0 所学校
添加前: {'Europe': 370, 'North America': 224, 'South America': 84}
添加后: {'Europe': 370, 'North America': 224, 'South America': 84}
[2026-03-31 01:00:00.668302] 开始添加学校...
[2026-03-31 01:00:00.680866] 添加了 0 所学校
添加前: {'Europe': 370, 'North America': 224, 'South America': 84}
添加后: {'Europe': 370, 'North America': 224, 'South America': 84}
[2026-03-31 02:00:01.227629] 开始添加学校...
[2026-03-31 02:00:01.265658] 添加了 0 所学校
添加前: {'Europe': 370, 'North America': 224, 'South America': 84}
添加后: {'Europe': 370, 'North America': 224, 'South America': 84}
[2026-03-31 03:00:00.395380] 开始添加学校...
[2026-03-31 03:00:00.434552] 添加了 0 所学校
添加前: {'Europe': 370, 'North America': 224, 'South America': 84}
添加后: {'Europe': 370, 'North America': 224, 'South America': 84}
[2026-03-31 04:00:00.404170] 开始添加学校...
[2026-03-31 04:00:00.431076] 添加了 0 所学校
添加前: {'Europe': 370, 'North America': 224, 'South America': 84}
添加后: {'Europe': 370, 'North America': 224, 'South America': 84}
[2026-03-31 05:00:01.075336] 开始添加学校...
[2026-03-31 05:00:01.111889] 添加了 0 所学校
添加前: {'Europe': 370, 'North America': 224, 'South America': 84}
添加后: {'Europe': 370, 'North America': 224, 'South America': 84}
[2026-03-31 06:00:00.791528] 开始添加学校...
[2026-03-31 06:00:00.828787] 添加了 0 所学校
添加前: {'Europe': 370, 'North America': 224, 'South America': 84}
添加后: {'Europe': 370, 'North America': 224, 'South America': 84}
[2026-03-31 07:00:00.554578] 开始添加学校...
[2026-03-31 07:00:00.580398] 添加了 0 所学校
添加前: {'Europe': 370, 'North America': 224, 'South America': 84}
添加后: {'Europe': 370, 'North America': 224, 'South America': 84}
[2026-03-31 08:00:00.690944] 开始添加学校...
[2026-03-31 08:00:00.707643] 添加了 0 所学校
添加前: {'Europe': 370, 'North America': 224, 'South America': 84}
添加后: {'Europe': 370, 'North America': 224, 'South America': 84}
[2026-03-31 09:00:00.464784] 开始添加学校...
[2026-03-31 09:00:00.500444] 添加了 0 所学校
添加前: {'Europe': 370, 'North America': 224, 'South America': 84}
添加后: {'Europe': 370, 'North America': 224, 'South America': 84}
[2026-03-31 10:00:01.221924] 开始添加学校...
[2026-03-31 10:00:01.238876] 添加了 0 所学校
添加前: {'Europe': 370, 'North America': 224, 'South America': 84}
添加后: {'Europe': 370, 'North America': 224, 'South America': 84}
[2026-03-31 11:00:00.919043] 开始添加学校...
[2026-03-31 11:00:00.953094] 添加了 0 所学校
添加前: {'Europe': 370, 'North America': 224, 'South America': 84}
添加后: {'Europe': 370, 'North America': 224, 'South America': 84}
[2026-03-31 13:00:00.194813] 开始添加学校...
[2026-03-31 13:00:00.215402] 添加了 0 所学校
添加前: {'Europe': 370, 'North America': 224, 'South America': 84}
添加后: {'Europe': 370, 'North America': 224, 'South America': 84}
[2026-03-31 14:07:00.309135] 开始添加学校...
[2026-03-31 14:07:00.346420] 添加了 0 所学校
添加前: {'Europe': 370, 'North America': 224, 'South America': 84}
添加后: {'Europe': 370, 'North America': 224, 'South America': 84}
[2026-03-31 15:00:01.052926] 开始添加学校...
[2026-03-31 15:00:01.068705] 添加了 0 所学校
添加前: {'Europe': 370, 'North America': 224, 'South America': 84}
添加后: {'Europe': 370, 'North America': 224, 'South America': 84}
[2026-03-31 16:00:00.182580] 开始添加学校...
[2026-03-31 16:00:00.199586] 添加了 0 所学校
添加前: {'Europe': 370, 'North America': 224, 'South America': 84}
添加后: {'Europe': 370, 'North America': 224, 'South America': 84}
[2026-03-31 18:01:34.860982] 开始添加学校...
[2026-03-31 18:01:34.898109] 添加了 0 所学校
添加前: {'Europe': 370, 'North America': 224, 'South America': 84}
添加后: {'Europe': 370, 'North America': 224, 'South America': 84}
[2026-03-31 21:02:51.885646] 开始添加学校...
[2026-03-31 21:02:51.922861] 添加了 0 所学校
添加前: {'Europe': 370, 'North America': 224, 'South America': 84}
添加后: {'Europe': 370, 'North America': 224, 'South America': 84}
[2026-03-31 22:00:46.811605] 开始添加学校...
[2026-03-31 22:00:46.830444] 添加了 0 所学校
添加前: {'Europe': 370, 'North America': 224, 'South America': 84}
添加后: {'Europe': 370, 'North America': 224, 'South America': 84}
[2026-04-01 01:00:00.394367] 开始添加学校...
[2026-04-01 01:00:00.407133] 添加了 0 所学校
添加前: {'Europe': 370, 'North America': 224, 'South America': 84}
添加后: {'Europe': 370, 'North America': 224, 'South America': 84}
[2026-04-01 02:00:00.285094] 开始添加学校...
[2026-04-01 02:00:00.301076] 添加了 0 所学校
添加前: {'Europe': 370, 'North America': 224, 'South America': 84}
添加后: {'Europe': 370, 'North America': 224, 'South America': 84}
[2026-04-01 03:00:00.675083] 开始添加学校...
[2026-04-01 03:00:00.700127] 添加了 0 所学校
添加前: {'Europe': 370, 'North America': 224, 'South America': 84}
添加后: {'Europe': 370, 'North America': 224, 'South America': 84}
[2026-04-01 07:00:47.137600] 开始添加学校...
[2026-04-01 07:00:47.171696] 添加了 0 所学校
添加前: {'Europe': 370, 'North America': 224, 'South America': 84}
添加后: {'Europe': 370, 'North America': 224, 'South America': 84}
[2026-04-01 09:00:00.883835] 开始添加学校...
[2026-04-01 09:00:00.902630] 添加了 0 所学校
添加前: {'Europe': 370, 'North America': 224, 'South America': 84}
添加后: {'Europe': 370, 'North America': 224, 'South America': 84}
[2026-04-01 11:01:10.813832] 开始添加学校...
[2026-04-01 11:01:10.844606] 添加了 0 所学校
添加前: {'Europe': 370, 'North America': 224, 'South America': 84}
添加后: {'Europe': 370, 'North America': 224, 'South America': 84}
[2026-04-01 12:00:49.253814] 开始添加学校...
[2026-04-01 12:00:49.276076] 添加了 0 所学校
添加前: {'Europe': 370, 'North America': 224, 'South America': 84}
添加后: {'Europe': 370, 'North America': 224, 'South America': 84}
[2026-04-01 13:00:01.031284] 开始添加学校...
[2026-04-01 13:00:01.046351] 添加了 0 所学校
添加前: {'Europe': 370, 'North America': 224, 'South America': 84}
添加后: {'Europe': 370, 'North America': 224, 'South America': 84}
[2026-04-01 14:00:00.481589] 开始添加学校...
[2026-04-01 14:00:00.502760] 添加了 0 所学校
添加前: {'Europe': 370, 'North America': 224, 'South America': 84}
添加后: {'Europe': 370, 'North America': 224, 'South America': 84}
[2026-04-01 15:00:01.159338] 开始添加学校...
[2026-04-01 15:00:01.176151] 添加了 0 所学校
添加前: {'Europe': 370, 'North America': 224, 'South America': 84}
添加后: {'Europe': 370, 'North America': 224, 'South America': 84}
[2026-04-03 10:02:14.997567] 开始添加学校...
[2026-04-03 10:06:25.088863] 添加了 0 所学校
添加前: {'Europe': 370, 'North America': 224, 'South America': 84}
添加后: {'Europe': 370, 'North America': 224, 'South America': 84}
[2026-04-03 11:00:00.349398] 开始添加学校...
[2026-04-03 11:00:00.380688] 添加了 0 所学校
添加前: {'Europe': 370, 'North America': 224, 'South America': 84}
添加后: {'Europe': 370, 'North America': 224, 'South America': 84}
[2026-04-03 12:04:04.249534] 开始添加学校...
[2026-04-03 12:04:04.311293] 添加了 0 所学校
添加前: {'Europe': 370, 'North America': 224, 'South America': 84}
添加后: {'Europe': 370, 'North America': 224, 'South America': 84}
[2026-04-03 15:00:00.272407] 开始添加学校...
[2026-04-03 15:00:00.321443] 添加了 0 所学校
添加前: {'Europe': 370, 'North America': 224, 'South America': 84}
添加后: {'Europe': 370, 'North America': 224, 'South America': 84}
[2026-04-03 16:00:00.786238] 开始添加学校...
[2026-04-03 16:00:00.827666] 添加了 0 所学校
添加前: {'Europe': 370, 'North America': 224, 'South America': 84}
添加后: {'Europe': 370, 'North America': 224, 'South America': 84}
[2026-04-03 17:00:00.982771] 开始添加学校...
[2026-04-03 17:00:01.018529] 添加了 0 所学校
添加前: {'Europe': 370, 'North America': 224, 'South America': 84}
添加后: {'Europe': 370, 'North America': 224, 'South America': 84}
[2026-04-03 18:00:00.398854] 开始添加学校...
[2026-04-03 18:00:00.435035] 添加了 0 所学校
添加前: {'Europe': 370, 'North America': 224, 'South America': 84}
添加后: {'Europe': 370, 'North America': 224, 'South America': 84}
[2026-04-04 10:00:01.113986] 开始添加学校...
[2026-04-04 10:00:01.132083] 添加了 0 所学校
添加前: {'Europe': 370, 'North America': 224, 'South America': 84}
添加后: {'Europe': 370, 'North America': 224, 'South America': 84}
[2026-04-04 11:00:00.280767] 开始添加学校...
[2026-04-04 11:00:00.314138] 添加了 0 所学校
添加前: {'Europe': 370, 'North America': 224, 'South America': 84}
添加后: {'Europe': 370, 'North America': 224, 'South America': 84}
[2026-04-13 22:00:00.831248] 开始添加学校...
[2026-04-13 22:00:00.871819] 添加了 0 所学校
添加前: {'Europe': 370, 'North America': 224, 'South America': 84}
添加后: {'Europe': 370, 'North America': 224, 'South America': 84}
[2026-04-14 11:00:00.487256] 开始添加学校...
[2026-04-14 11:00:00.527422] 添加了 0 所学校
添加前: {'Europe': 370, 'North America': 224, 'South America': 84}
添加后: {'Europe': 370, 'North America': 224, 'South America': 84}
[2026-04-14 13:00:01.029364] 开始添加学校...
[2026-04-14 13:00:01.060875] 添加了 0 所学校
添加前: {'Europe': 370, 'North America': 224, 'South America': 84}
添加后: {'Europe': 370, 'North America': 224, 'South America': 84}
[2026-04-14 16:00:00.725533] 开始添加学校...
[2026-04-14 16:00:00.760084] 添加了 0 所学校
添加前: {'Europe': 370, 'North America': 224, 'South America': 84}
添加后: {'Europe': 370, 'North America': 224, 'South America': 84}
[2026-04-14 20:00:00.852032] 开始添加学校...
[2026-04-14 20:00:00.894416] 添加了 0 所学校
添加前: {'Europe': 370, 'North America': 224, 'South America': 84}
添加后: {'Europe': 370, 'North America': 224, 'South America': 84}
[2026-04-14 21:00:00.372707] 开始添加学校...
[2026-04-14 21:00:00.419034] 添加了 0 所学校
添加前: {'Europe': 370, 'North America': 224, 'South America': 84}
添加后: {'Europe': 370, 'North America': 224, 'South America': 84}
[2026-04-14 22:00:01.182989] 开始添加学校...
[2026-04-14 22:00:01.207267] 添加了 0 所学校
添加前: {'Europe': 370, 'North America': 224, 'South America': 84}
添加后: {'Europe': 370, 'North America': 224, 'South America': 84}
[2026-04-14 23:00:01.077041] 开始添加学校...
[2026-04-14 23:00:01.111551] 添加了 0 所学校
添加前: {'Europe': 370, 'North America': 224, 'South America': 84}
添加后: {'Europe': 370, 'North America': 224, 'South America': 84}
[2026-04-15 00:00:00.480351] 开始添加学校...
[2026-04-15 00:00:00.520581] 添加了 0 所学校
添加前: {'Europe': 370, 'North America': 224, 'South America': 84}
添加后: {'Europe': 370, 'North America': 224, 'South America': 84}
[2026-04-15 06:01:42.560773] 开始添加学校...
[2026-04-15 06:01:42.597819] 添加了 0 所学校
添加前: {'Europe': 370, 'North America': 224, 'South America': 84}
添加后: {'Europe': 370, 'North America': 224, 'South America': 84}
[2026-04-15 07:00:01.118483] 开始添加学校...
[2026-04-15 07:00:01.150642] 添加了 0 所学校
添加前: {'Europe': 370, 'North America': 224, 'South America': 84}
添加后: {'Europe': 370, 'North America': 224, 'South America': 84}
[2026-04-15 08:04:46.291212] 开始添加学校...
[2026-04-15 08:04:46.341636] 添加了 0 所学校
添加前: {'Europe': 370, 'North America': 224, 'South America': 84}
添加后: {'Europe': 370, 'North America': 224, 'South America': 84}
[2026-04-15 09:00:47.271464] 开始添加学校...
[2026-04-15 09:00:47.291765] 添加了 0 所学校
添加前: {'Europe': 370, 'North America': 224, 'South America': 84}
添加后: {'Europe': 370, 'North America': 224, 'South America': 84}
[2026-04-15 15:01:48.062514] 开始添加学校...
[2026-04-15 15:01:48.102319] 添加了 0 所学校
添加前: {'Europe': 370, 'North America': 224, 'South America': 84}
添加后: {'Europe': 370, 'North America': 224, 'South America': 84}
[2026-04-15 17:00:00.957086] 开始添加学校...
[2026-04-15 17:00:00.983048] 添加了 0 所学校
添加前: {'Europe': 370, 'North America': 224, 'South America': 84}
添加后: {'Europe': 370, 'North America': 224, 'South America': 84}
[2026-04-15 19:01:47.745748] 开始添加学校...
[2026-04-15 19:01:47.771099] 添加了 0 所学校
添加前: {'Europe': 370, 'North America': 224, 'South America': 84}
添加后: {'Europe': 370, 'North America': 224, 'South America': 84}
[2026-04-15 20:04:24.869822] 开始添加学校...
[2026-04-15 20:04:24.903129] 添加了 0 所学校
添加前: {'Europe': 370, 'North America': 224, 'South America': 84}
添加后: {'Europe': 370, 'North America': 224, 'South America': 84}
[2026-04-15 21:00:21.717491] 开始添加学校...
[2026-04-15 21:00:21.755271] 添加了 0 所学校
添加前: {'Europe': 370, 'North America': 224, 'South America': 84}
添加后: {'Europe': 370, 'North America': 224, 'South America': 84}
[2026-04-15 22:00:28.097419] 开始添加学校...
[2026-04-15 22:00:28.131957] 添加了 0 所学校
添加前: {'Europe': 370, 'North America': 224, 'South America': 84}
添加后: {'Europe': 370, 'North America': 224, 'South America': 84}
[2026-04-15 23:00:00.714868] 开始添加学校...
[2026-04-15 23:00:00.750751] 添加了 0 所学校
添加前: {'Europe': 370, 'North America': 224, 'South America': 84}
添加后: {'Europe': 370, 'North America': 224, 'South America': 84}
[2026-04-16 07:00:12.352175] 开始添加学校...
[2026-04-16 07:00:12.393458] 添加了 0 所学校
添加前: {'Europe': 370, 'North America': 224, 'South America': 84}
添加后: {'Europe': 370, 'North America': 224, 'South America': 84}
[2026-04-16 14:01:52.295698] 开始添加学校...
[2026-04-16 14:01:52.333380] 添加了 0 所学校
添加前: {'Europe': 370, 'North America': 224, 'South America': 84}
添加后: {'Europe': 370, 'North America': 224, 'South America': 84}
[2026-04-16 15:00:35.123601] 开始添加学校...
[2026-04-16 15:00:35.157055] 添加了 0 所学校
添加前: {'Europe': 370, 'North America': 224, 'South America': 84}
添加后: {'Europe': 370, 'North America': 224, 'South America': 84}
[2026-04-16 16:00:18.180290] 开始添加学校...
[2026-04-16 16:00:18.201353] 添加了 0 所学校
添加前: {'Europe': 370, 'North America': 224, 'South America': 84}
添加后: {'Europe': 370, 'North America': 224, 'South America': 84}
[2026-04-16 20:05:20.907686] 开始添加学校...
[2026-04-16 20:05:20.950375] 添加了 0 所学校
添加前: {'Europe': 370, 'North America': 224, 'South America': 84}
添加后: {'Europe': 370, 'North America': 224, 'South America': 84}
[2026-04-16 21:00:26.963066] 开始添加学校...
[2026-04-16 21:00:26.986177] 添加了 0 所学校
添加前: {'Europe': 370, 'North America': 224, 'South America': 84}
添加后: {'Europe': 370, 'North America': 224, 'South America': 84}
[2026-04-16 23:00:05.000164] 开始添加学校...
[2026-04-16 23:00:05.040208] 添加了 0 所学校
添加前: {'Europe': 370, 'North America': 224, 'South America': 84}
添加后: {'Europe': 370, 'North America': 224, 'South America': 84}
[2026-04-17 07:00:24.937741] 开始添加学校...
[2026-04-17 07:00:25.023430] 添加了 0 所学校
添加前: {'Europe': 370, 'North America': 224, 'South America': 84}
添加后: {'Europe': 370, 'North America': 224, 'South America': 84}
[2026-04-17 09:00:00.497284] 开始添加学校...
[2026-04-17 09:00:00.535509] 添加了 0 所学校
添加前: {'Europe': 370, 'North America': 224, 'South America': 84}
添加后: {'Europe': 370, 'North America': 224, 'South America': 84}
[2026-04-17 10:00:08.916608] 开始添加学校...
[2026-04-17 10:00:08.955124] 添加了 0 所学校
添加前: {'Europe': 370, 'North America': 224, 'South America': 84}
添加后: {'Europe': 370, 'North America': 224, 'South America': 84}
[2026-04-17 11:00:08.760688] 开始添加学校...
[2026-04-17 11:00:08.801509] 添加了 0 所学校
添加前: {'Europe': 370, 'North America': 224, 'South America': 84}
添加后: {'Europe': 370, 'North America': 224, 'South America': 84}
[2026-04-17 12:00:09.542556] 开始添加学校...
[2026-04-17 12:00:09.580552] 添加了 0 所学校
添加前: {'Europe': 370, 'North America': 224, 'South America': 84}
添加后: {'Europe': 370, 'North America': 224, 'South America': 84}
[2026-04-17 13:00:10.107004] 开始添加学校...
[2026-04-17 13:00:10.142097] 添加了 0 所学校
添加前: {'Europe': 370, 'North America': 224, 'South America': 84}
添加后: {'Europe': 370, 'North America': 224, 'South America': 84}
[2026-04-17 14:00:09.922142] 开始添加学校...
[2026-04-17 14:00:09.959820] 添加了 0 所学校
添加前: {'Europe': 370, 'North America': 224, 'South America': 84}
添加后: {'Europe': 370, 'North America': 224, 'South America': 84}
[2026-04-17 15:00:10.226692] 开始添加学校...
[2026-04-17 15:00:10.273113] 添加了 0 所学校
添加前: {'Europe': 370, 'North America': 224, 'South America': 84}
添加后: {'Europe': 370, 'North America': 224, 'South America': 84}
[2026-04-17 16:00:10.200129] 开始添加学校...
[2026-04-17 16:00:10.235104] 添加了 0 所学校
添加前: {'Europe': 370, 'North America': 224, 'South America': 84}
添加后: {'Europe': 370, 'North America': 224, 'South America': 84}
[2026-04-17 17:00:01.249834] 开始添加学校...
[2026-04-17 17:00:01.291444] 添加了 0 所学校
添加前: {'Europe': 370, 'North America': 224, 'South America': 84}
添加后: {'Europe': 370, 'North America': 224, 'South America': 84}
[2026-04-17 18:00:09.312602] 开始添加学校...
[2026-04-17 18:00:09.354712] 添加了 0 所学校
添加前: {'Europe': 370, 'North America': 224, 'South America': 84}
添加后: {'Europe': 370, 'North America': 224, 'South America': 84}
[2026-04-17 20:00:19.380556] 开始添加学校...
[2026-04-17 20:00:19.424001] 添加了 0 所学校
添加前: {'Europe': 370, 'North America': 224, 'South America': 84}
添加后: {'Europe': 370, 'North America': 224, 'South America': 84}
[2026-04-17 21:00:08.713312] 开始添加学校...
[2026-04-17 21:00:08.749710] 添加了 0 所学校
添加前: {'Europe': 370, 'North America': 224, 'South America': 84}
添加后: {'Europe': 370, 'North America': 224, 'South America': 84}
[2026-04-17 22:00:03.834427] 开始添加学校...
[2026-04-17 22:00:03.878303] 添加了 0 所学校
添加前: {'Europe': 370, 'North America': 224, 'South America': 84}
添加后: {'Europe': 370, 'North America': 224, 'South America': 84}
[2026-04-17 23:00:10.999775] 开始添加学校...
[2026-04-17 23:00:11.037133] 添加了 0 所学校
添加前: {'Europe': 370, 'North America': 224, 'South America': 84}
添加后: {'Europe': 370, 'North America': 224, 'South America': 84}
[2026-04-18 00:00:00.628740] 开始添加学校...
[2026-04-18 00:00:00.666739] 添加了 0 所学校
添加前: {'Europe': 370, 'North America': 224, 'South America': 84}
添加后: {'Europe': 370, 'North America': 224, 'South America': 84}
[2026-04-18 01:00:10.354035] 开始添加学校...
[2026-04-18 01:00:10.385675] 添加了 0 所学校
添加前: {'Europe': 370, 'North America': 224, 'South America': 84}
添加后: {'Europe': 370, 'North America': 224, 'South America': 84}
[2026-04-18 02:00:10.100329] 开始添加学校...
[2026-04-18 02:00:10.142250] 添加了 0 所学校
添加前: {'Europe': 370, 'North America': 224, 'South America': 84}
添加后: {'Europe': 370, 'North America': 224, 'South America': 84}
[2026-04-18 03:00:09.053870] 开始添加学校...
[2026-04-18 03:00:09.093854] 添加了 0 所学校
添加前: {'Europe': 370, 'North America': 224, 'South America': 84}
添加后: {'Europe': 370, 'North America': 224, 'South America': 84}
[2026-04-18 04:00:00.398747] 开始添加学校...
[2026-04-18 04:00:00.442581] 添加了 0 所学校
添加前: {'Europe': 370, 'North America': 224, 'South America': 84}
添加后: {'Europe': 370, 'North America': 224, 'South America': 84}
[2026-04-18 07:00:09.372873] 开始添加学校...
[2026-04-18 07:00:09.414586] 添加了 0 所学校
添加前: {'Europe': 370, 'North America': 224, 'South America': 84}
添加后: {'Europe': 370, 'North America': 224, 'South America': 84}
[2026-04-18 08:00:09.359022] 开始添加学校...
[2026-04-18 08:00:09.399822] 添加了 0 所学校
添加前: {'Europe': 370, 'North America': 224, 'South America': 84}
添加后: {'Europe': 370, 'North America': 224, 'South America': 84}
[2026-04-18 09:00:05.605599] 开始添加学校...
[2026-04-18 09:00:05.646805] 添加了 0 所学校
添加前: {'Europe': 370, 'North America': 224, 'South America': 84}
添加后: {'Europe': 370, 'North America': 224, 'South America': 84}
[2026-04-18 11:00:05.668883] 开始添加学校...
[2026-04-18 11:00:05.708094] 添加了 0 所学校
添加前: {'Europe': 370, 'North America': 224, 'South America': 84}
添加后: {'Europe': 370, 'North America': 224, 'South America': 84}
[2026-04-18 12:00:09.362591] 开始添加学校...
[2026-04-18 12:00:09.403446] 添加了 0 所学校
添加前: {'Europe': 370, 'North America': 224, 'South America': 84}
添加后: {'Europe': 370, 'North America': 224, 'South America': 84}
[2026-04-18 13:00:09.495308] 开始添加学校...
[2026-04-18 13:00:09.536546] 添加了 0 所学校
添加前: {'Europe': 370, 'North America': 224, 'South America': 84}
添加后: {'Europe': 370, 'North America': 224, 'South America': 84}
[2026-04-18 15:00:09.702781] 开始添加学校...
[2026-04-18 15:00:09.745011] 添加了 0 所学校
添加前: {'Europe': 370, 'North America': 224, 'South America': 84}
添加后: {'Europe': 370, 'North America': 224, 'South America': 84}
[2026-04-18 16:00:09.287792] 开始添加学校...
[2026-04-18 16:00:09.329999] 添加了 0 所学校
添加前: {'Europe': 370, 'North America': 224, 'South America': 84}
添加后: {'Europe': 370, 'North America': 224, 'South America': 84}
[2026-04-18 18:00:10.086585] 开始添加学校...
[2026-04-18 18:00:10.128825] 添加了 0 所学校
添加前: {'Europe': 370, 'North America': 224, 'South America': 84}
添加后: {'Europe': 370, 'North America': 224, 'South America': 84}
[2026-04-18 19:00:10.296862] 开始添加学校...
[2026-04-18 19:00:10.336119] 添加了 0 所学校
添加前: {'Europe': 370, 'North America': 224, 'South America': 84}
添加后: {'Europe': 370, 'North America': 224, 'South America': 84}
[2026-04-18 20:00:07.723926] 开始添加学校...
[2026-04-18 20:00:07.765681] 添加了 0 所学校
添加前: {'Europe': 370, 'North America': 224, 'South America': 84}
添加后: {'Europe': 370, 'North America': 224, 'South America': 84}
[2026-04-18 22:00:09.814315] 开始添加学校...
[2026-04-18 22:00:09.856159] 添加了 0 所学校
添加前: {'Europe': 370, 'North America': 224, 'South America': 84}
添加后: {'Europe': 370, 'North America': 224, 'South America': 84}
[2026-04-18 23:00:08.423215] 开始添加学校...
[2026-04-18 23:00:08.467083] 添加了 0 所学校
添加前: {'Europe': 370, 'North America': 224, 'South America': 84}
添加后: {'Europe': 370, 'North America': 224, 'South America': 84}
