[2026-03-26 13:39:26] ============================================================
[2026-03-26 13:39:26] 优化版校徽批量抓取 v2
[2026-03-26 13:39:26] ============================================================
[2026-03-26 13:39:26] 处理学校数量: 100
[2026-03-26 13:39:28] [1/100] ✓ [website] NTW&JWA L YUEN LONG NURSERY SCHOOL
[2026-03-26 13:39:30] [2/100] ✓ [website] FANLING RHENISH CHURCH SECONDARY SCHOOL
[2026-03-26 13:39:43] [3/100] ✗ GERTRUDE SIMON LUTHERAN EVENING COLLEGE
[2026-03-26 13:40:15] [4/100] ✗ KENTVILLE KINDERGARTEN
[2026-03-26 13:40:29] [5/100] ✗ MA TAU CHUNG GOVERNMENT PRIMARY SCH
[2026-03-26 13:40:43] [6/100] ✗ LUTHERAN TSANG SHING SIU LEUN SCHOOL
[2026-03-26 13:40:50] [7/100] ✓ [website] KARLAM ANGLO-CHINESE KINDERGARTEN
[2026-03-26 13:41:03] [8/100] ✗ HOLY CROSS LUTHERAN EVENING COLLEGE
[2026-03-26 13:41:07] [9/100] ✓ [website] SKH MA ON SHAN HOLY SPIRIT PRIMARY SCH
[2026-03-26 13:41:09] [10/100] ✓ [website] CCC BUT SAN PRIMARY SCHOOL
[2026-03-26 13:41:13] [11/100] ✓ [website] NTW&JWA L SHEUNG SHUI NURSERY SCHOOL
[2026-03-26 13:41:15] [12/100] ✓ [website] NAM WAH CATHOLIC SECONDARY SCHOOL
[2026-03-26 13:41:17] [13/100] ✓ [website] TWGH CHANG MING THIEN COLLEGE
[2026-03-26 13:41:23] [14/100] ✓ [website] HKFEW WONG CHO BAU SCHOOL
[2026-03-26 13:41:35] [15/100] ✓ [website] C&MA TAI O KINDERGARTEN
[2026-03-26 13:41:46] [16/100] ✗ JOCKEY CLUB HONG CHI SCHOOL
[2026-03-26 13:41:47] [17/100] ✓ [website] SA TIN PING NURSERY SCHOOL
[2026-03-26 13:42:00] [18/100] ✓ [website] TAK NGA SECONDARY SCHOOL
[2026-03-26 13:42:04] [19/100] ✓ [website] VICTORIA KINDERGARTEN
[2026-03-26 13:42:50] [20/100] ✓ [website] HHCKLA BUDDHIST PO KWONG SCHOOL
[2026-03-26 13:42:50] --- 进度: 20/100 ---
[2026-03-26 13:43:03] [21/100] ✓ [website] LOK KING KINDERGARTEN
[2026-03-26 13:43:18] [22/100] ✗ SKH GOOD SHEPHERD PRIMARY SCHOOL
[2026-03-26 13:43:26] [23/100] ✓ [website] ST ROSE OF LIMA'S KINDERGARTEN
[2026-03-26 13:43:33] [24/100] ✓ [website] LKWFSL LAU WONG FAT SECONDARY SCHOOL
[2026-03-26 13:43:33] [25/100] ✓ [website] PLK CHONG KEE TING PRIMARY SCHOOL
[2026-03-26 13:44:06] [26/100] ✗ ST DOMINIC ANGLO-CHINESE KINDERGARTEN
[2026-03-26 13:44:09] [27/100] ✓ [website] SAVIOUR LUTHERAN SCHOOL
[2026-03-26 13:44:13] [28/100] ✓ [website] PRISTINE KINDERGARTEN
[2026-03-26 13:44:14] [29/100] ✓ [website] ISLAMIC KASIM TUET MEMORIAL COLLEGE
[2026-03-26 13:44:25] [30/100] ✓ [website] DISCOVERY MIND KINDERGARTEN
[2026-03-26 13:44:31] [31/100] ✓ [website] TIN SHUI WAI GOVERNMENT PRIMARY SCHOOL
[2026-03-26 13:44:35] [32/100] ✓ [website] HKMA K S LO COLLEGE
[2026-03-26 13:44:57] [33/100] ✗ SKH LEUNG KWAI YEE SECONDARY SCHOOL
[2026-03-26 13:45:04] [34/100] ✓ [website] WITTY KINDERGARTEN
[2026-03-26 13:45:05] [35/100] ✓ [website] DIOCESAN GIRLS' SCHOOL
[2026-03-26 13:45:13] [36/100] ✓ [website] TACK CHING GIRLS' SECONDARY SCHOOL
[2026-03-26 13:45:20] [37/100] ✓ [website] GLORIA CREATIVE KINDERGARTEN
[2026-03-26 13:45:36] [38/100] ✓ [website] SHATIN TSUNG TSIN SCHOOL
[2026-03-26 13:45:38] [39/100] ✓ [website] INVICTUS SECONDARY SCHOOL
[2026-03-26 13:46:18] [40/100] ✗ KIANGSU-CHEKIANG COLLEGE (SHATIN)
[2026-03-26 13:46:18] --- 进度: 40/100 ---
[2026-03-26 13:46:23] [41/100] ✓ [website] KINGSTON INTERNATIONAL KINDERGARTEN
[2026-03-26 13:46:25] [42/100] ✓ [website] ELCHK LUTHERAN ACADEMY
[2026-03-26 13:46:49] [43/100] ✗ ANFIELD SCHOOL
[2026-03-26 13:46:56] [44/100] ✓ [website] PLK MRS TAM WAH CHING KINDERGARTEN
[2026-03-26 13:47:16] [45/100] ✗ ANFIELD ST. BOSCO KOON YING SCHOOL
[2026-03-26 13:47:35] [46/100] ✗ TAK NGA PRIMARY SCHOOL
[2026-03-26 13:47:55] [47/100] ✓ [website] ST ROSE OF LIMA'S COLLEGE
[2026-03-26 13:47:56] [48/100] ✓ [website] DISCOVERY MONTESSORI ACADEMY
[2026-03-26 13:47:57] [49/100] ✓ [website] KIT SAM LAM BING YIM SECONDARY SCHOOL
[2026-03-26 13:47:59] [50/100] ✓ [website] SHEK LEI CATHOLIC PRIMARY SCHOOL
[2026-03-26 13:48:11] [51/100] ✗ TONG MEI ROAD GOVERNMENT PRIMARY SCH
[2026-03-26 13:48:22] [52/100] ✗ St. Teresa's School
[2026-03-26 13:48:26] [53/100] ✓ [website] EBENEZER NEW HOPE SCHOOL
[2026-03-26 13:48:29] [54/100] ✓ [website] HONGKONG LIMAI SCHOOL
[2026-03-26 13:48:41] [55/100] ✓ [website] MOON LOK KINDERGARTEN
[2026-03-26 13:49:04] [56/100] ✗ TSUEN WAN CHIU CHOW PUBLIC SCHOOL
[2026-03-26 13:49:11] [57/100] ✓ [website] HONG CHI SHIU PONG MORNINGHOPE SCHOOL
[2026-03-26 13:49:16] [58/100] ✓ [website] CCC KEI FAAT KINDERGARTEN
[2026-03-26 13:49:33] [59/100] ✗ CCC FONG YUN WAH SECONDARY SCHOOL
[2026-03-26 13:49:33] [60/100] ✓ [website] ST MARY'S CANOSSIAN SCHOOL
[2026-03-26 13:49:33] --- 进度: 60/100 ---
[2026-03-26 13:49:34] [61/100] ✓ [website] EXCEL LONDON COLLEGE (TSIM SHA TSUI)
[2026-03-26 13:49:35] [62/100] ✓ [website] TSEUNG KWAN O GOVERNMENT PRI SCHOOL
[2026-03-26 13:49:37] [63/100] ✓ [website] PUI KIU COLLEGE
[2026-03-26 13:49:38] [64/100] ✓ [website] SKH ST PETER'S PRIMARY SCHOOL
[2026-03-26 13:49:41] [65/100] ✓ [website] CATHOLIC MING YUEN SECONDARY SCHOOL
[2026-03-26 13:50:13] [66/100] ✗ TWGH CHEN ZAO MEN COLLEGE
[2026-03-26 13:50:15] [67/100] ✓ [website] KOWLOON TRUE LIGHT SCH (PRIMARY SECTION)
[2026-03-26 13:50:37] [68/100] ✗ AGNES KINDERGARTEN (GRANDEUR TERRACE)
[2026-03-26 13:50:45] [69/100] ✓ [website] POH TANG PUI KING MEMORIAL COLLEGE
[2026-03-26 13:50:54] [70/100] ✓ [website] CANNAN KINDERGARTEN (CENTRAL CAINE ROAD)
[2026-03-26 13:51:16] [71/100] ✗ HKYWCA CHIU OI WAH NURSERY SCHOOL
[2026-03-26 13:51:28] [72/100] ✗ WONG TAI SIN GOVERNMENT PRIMARY SCH
[2026-03-26 13:51:40] [73/100] ✓ [website] CCC WANCHAI CHURCH KEI TO PRIMARY SCHOOL
[2026-03-26 13:51:43] [74/100] ✓ [website] SCIENTIA SECONDARY SCHOOL
[2026-03-26 13:51:56] [75/100] ✗ HKCS CENTRAL NURSERY SCHOOL
[2026-03-26 13:51:59] [76/100] ✓ [website] POPE PAUL VI COLLEGE
[2026-03-26 13:52:07] [77/100] ✓ [website] SUEN MEI KINDERGARTEN
[2026-03-26 13:52:13] [78/100] ✓ [website] HKSPC OCEAN SHORES NURSERY SCHOOL
[2026-03-26 13:52:25] [79/100] ✗ CATILINE ANGLO-CHINESE KINDERGARTEN
[2026-03-26 13:52:26] [80/100] ✓ [website] PARKVIEW INTERNATIONAL PRE-SCHOOL (KLN)
[2026-03-26 13:52:26] --- 进度: 80/100 ---
[2026-03-26 13:52:42] [81/100] ✗ PLK TANG YUK TIEN COLLEGE
[2026-03-26 13:52:54] [82/100] ✗ GOOD HEALTH KINDERGARTEN (MA ON SHAN)
[2026-03-26 13:53:02] [83/100] ✓ [website] HEEP YUNN PRIMARY SCHOOL
[2026-03-26 13:53:15] [84/100] ✗ PUI KIU INTERNATIONAL KINDERGARTEN
[2026-03-26 13:53:17] [85/100] ✓ [website] HK & KLN KFWA SUN FONG CHUNG COLLEGE
[2026-03-26 13:53:30] [86/100] ✓ [website] SKH CHU YAN PRIMARY SCHOOL
[2026-03-26 13:53:36] [87/100] ✓ [website] PRECIOUS BLOOD PRIMARY SCHOOL
[2026-03-26 13:53:54] [88/100] ✗ SHARON LUTHERAN CHURCH KINDERGARTEN
[2026-03-26 13:53:57] [89/100] ✓ [website] HEUNG TO MIDDLE SCHOOL (TIN SHUI WAI)
[2026-03-26 13:53:58] [90/100] ✓ [website] HON WAH COLLEGE
[2026-03-26 13:53:59] [91/100] ✓ [website] SKH LAM WOO MEMORIAL SECONDARY SCHOOL
[2026-03-26 13:54:24] [92/100] ✓ [website] HIGHGATE HOUSE SCHOOL - THE PEAK
[2026-03-26 13:54:27] [93/100] ✓ [website] THE HARBOUR SCHOOL
[2026-03-26 13:54:28] [94/100] ✓ [website] BUDDHIST TAI KWONG CHI HONG COLLEGE
[2026-03-26 13:55:14] [95/100] ✗ CHI LIN BUDDHIST PRIMARY SCHOOL
[2026-03-26 13:55:27] [96/100] ✗ LUI CHEUNG KWONG LUTHERAN KINDERGARTEN
[2026-03-26 13:55:54] [97/100] ✗ CNEC LEE I YAO MEMORIAL SECONDARY SCHOOL
[2026-03-26 13:56:22] [98/100] ✗ BUDDHIST YIP KEI NAM MEMORIAL COLLEGE
[2026-03-26 13:56:33] [99/100] ✓ [website] SUNG TAK WONG KIN SHEUNG MEMORIAL SCHOOL
[2026-03-26 13:56:54] [100/100] ✗ SHEK LEI ST. JOHN'S CATHOLIC PRIMARY SCH
[2026-03-26 13:56:54] --- 进度: 100/100 ---
[2026-03-26 13:56:54] ============================================================
[2026-03-26 13:56:54] 执行结果
[2026-03-26 13:56:54] ============================================================
[2026-03-26 13:56:54]   website: +68
[2026-03-26 13:56:54]   失败: 32
[2026-03-26 13:56:54]   总成功: +68
[2026-03-26 13:56:54] 总计: 2725/7270 已有校徽 (37.5%)
[2026-03-26 13:56:54] ============================================================
[2026-03-26 13:59:28] ============================================================
[2026-03-26 13:59:28] 优化版校徽批量抓取 v2
[2026-03-26 13:59:28] ============================================================
[2026-03-26 13:59:28] 处理学校数量: 150
[2026-03-26 13:59:33] [1/150] ✓ [website] KWOK MAN SCHOOL
[2026-03-26 13:59:40] [2/150] ✓ [website] SUN ISLAND ENGLISH KINDERGARTEN
[2026-03-26 14:00:00] [3/150] ✗ TAI KWONG HILARY COLLEGE
[2026-03-26 14:00:22] [4/150] ✗ TSANG MUI MILLENNIUM SCHOOL
[2026-03-26 14:00:25] [5/150] ✓ [website] MARY ROSE SCHOOL
[2026-03-26 14:00:26] [6/150] ✓ [website] QESOSA TONG KWOK WAH SECONDARY SCHOOL
[2026-03-26 14:00:27] [7/150] ✓ [website] SKH ST MATTHEW'S PRIMARY SCHOOL
[2026-03-26 14:00:33] [8/150] ✓ [website] KING LAM CATHOLIC PRIMARY SCHOOL
[2026-03-26 14:00:49] [9/150] ✓ [website] ST MARGARET MARY'S CATHOLIC KINDERGARTEN
[2026-03-26 14:00:50] [10/150] ✓ [website] TSUI LAM ESTATE BAPTIST KINDERGARTEN
[2026-03-26 14:00:51] [11/150] ✓ [website] TONG MEI ROAD GOVERNMENT PRIMARY SCH
[2026-03-26 14:00:52] [12/150] ✓ [website] ARISTLE INTERNATIONAL KINDERGARTEN
[2026-03-26 14:00:54] [13/150] ✓ [website] TWGH CHEN ZAO MEN COLLEGE
[2026-03-26 14:00:55] [14/150] ✓ [website] CARMEL ALISON LAM PRIMARY SCHOOL
[2026-03-26 14:01:51] ============================================================
[2026-03-26 14:01:51] 优化版校徽批量抓取 v2
[2026-03-26 14:01:51] ============================================================
[2026-03-26 14:01:51] 处理学校数量: 200
[2026-03-26 14:02:10] [1/200] ✗ FDBWA CHOW CHIN YAU SCHOOL
[2026-03-26 14:03:07] ============================================================
[2026-03-26 14:03:07] 优化版校徽批量抓取 v2
[2026-03-26 14:03:07] ============================================================
[2026-03-26 14:03:07] 处理学校数量: 200
[2026-03-26 14:03:20] [1/200] ✓ [website] ABERDEEN ST PETER'S CATHOLIC PRIMARY SCH
[2026-03-26 14:03:23] [2/200] ✓ [website] ACADEMY OF INNOVATION (CONFUCIUS HALL)
[2026-03-26 14:03:25] ============================================================
[2026-03-26 14:03:25] 优化版校徽批量抓取 v2
[2026-03-26 14:03:25] ============================================================
[2026-03-26 14:03:25] 处理学校数量: 200
[2026-03-26 14:03:26] [3/200] ✗ GOOD HEALTH KINDERGARTEN (MA ON SHAN)
[2026-03-26 14:03:26] [1/200] ✓ [website] TWGH WONG SEE SUM KINDERGARTEN
[2026-03-26 14:03:28] [2/200] ✓ [website] ST. TERESA SECONDARY SCHOOL
[2026-03-26 14:03:28] [3/200] ✓ [website] SMALL WORLD CHRISTIAN KINDERGARTEN
[2026-03-26 14:03:28] [4/200] ✓ [website] NG YUK SECONDARY SCHOOL
[2026-03-26 14:03:30] [4/200] ✓ [website] Buddhist Wing Yan School
[2026-03-26 14:03:31] [5/200] ✓ [website] SKH TIN WAN CHI NAM PRIMARY SCHOOL
[2026-03-26 14:03:31] [6/200] ✓ [website] TWGH SC GAW MEMORIAL COLLEGE
[2026-03-26 14:03:32] [5/200] ✓ [website] TWGH LEE CHING DEA MEMORIAL COLLEGE
[2026-03-26 14:03:33] [6/200] ✓ [website] CATILINE ANGLO-CHINESE KINDERGARTEN
[2026-03-26 14:03:34] [7/200] ✓ [website] ISLAMIC PRIMARY SCHOOL
[2026-03-26 14:03:50] [7/200] ✗ HKSKH HA SUI WAN NURSERY SCHOOL
[2026-03-26 14:03:55] [8/200] ✓ [website] KOWLOON TRUE LIGHT SCHOOL (KG SECTION)
[2026-03-26 14:03:57] [9/200] ✓ [website] HKSPC SZE WU SHU MIN NURSERY SCHOOL
[2026-03-26 14:03:58] [10/200] ✓ [website] SHUN SANG ANGLO-CHINESE KINDERGARTEN
[2026-03-26 14:03:58] [8/200] ✗ ELCHK  HING WAH NURSERY SCHOOL
[2026-03-26 14:03:59] [11/200] ✓ [website] AMOY COLLEGE
[2026-03-26 14:04:01] [9/200] ✓ [website] CHUNG SING SCHOOL
[2026-03-26 14:04:02] [12/200] ✓ [website] STFA LEUNG KAU KUI COLLEGE
[2026-03-26 14:04:04] [10/200] ✓ [website] PLK YU LEE MO FAN MEMORIAL SCHOOL
[2026-03-26 14:04:04] [13/200] ✓ [website] BOX HILL (HK) INTERNATIONAL KINDERGARTEN
[2026-03-26 14:04:07] [14/200] ✗ DIOCESAN PREPARATORY SCHOOL
[2026-03-26 14:04:08] [11/200] ✓ [website] CREATIVE KINDERGARTEN (HENG FA CHUEN)
[2026-03-26 14:04:09] [15/200] ✓ [website] KWAI CHUNG METHODIST COLLEGE
[2026-03-26 14:04:10] [12/200] ✗ KIN SANG LUTHERAN KINDERGARTEN
[2026-03-26 14:04:13] [16/200] ✓ [website] ST JOSEPH'S PRIMARY SCHOOL
[2026-03-26 14:04:15] [17/200] ✓ [website] TANG KING PO SCHOOL
[2026-03-26 14:04:16] [13/200] ✓ [website] CHEUNG SHA WAN CATHOLIC SECONDARY SCHOOL
[2026-03-26 14:04:16] [18/200] ✓ [website] YCH ZONTA CLUB OF KOWLOON KINDERGARTEN
[2026-03-26 14:04:16] [14/200] ✓ [website] GARDEN HOUSE WALDORF KINDERGARTEN
[2026-03-26 14:04:17] [19/200] ✓ [website] YUK YIN SCHOOL
[2026-03-26 14:04:17] [15/200] ✓ [website] JING JING INTERNATIONAL KINDERGARTEN
[2026-03-26 14:04:19] [16/200] ✓ [website] TWGH MRS FUNG WONG FUNG TING COLLEGE
[2026-03-26 14:04:20] [20/200] ✓ [website] CARITAS NURSERY SCHOOL - LEI YUE MUN
[2026-03-26 14:04:20] --- 进度: 20/200 ---
[2026-03-26 14:04:20] [21/200] ✓ [website] HHCKLA BUDDHIST WAI KWONG KINDERGARTEN
[2026-03-26 14:04:21] [22/200] ✓ [website] AOG HEBRON SECONDARY SCHOOL
[2026-03-26 14:04:22] [17/200] ✗ ST ANDREW'S CATHOLIC KINDERGARTEN
[2026-03-26 14:04:23] [18/200] ✓ [website] ZENITH KINDERGARTEN (SIU HONG)
[2026-03-26 14:04:25] [19/200] ✓ [website] YCH LAN CHI PAT MEMORIAL SECONDARY SCH
[2026-03-26 14:04:25] [23/200] ✗ BUSY BEES KINDERGARTEN
[2026-03-26 14:04:27] [20/200] ✗ CITY COLLEGE
[2026-03-26 14:04:27] --- 进度: 20/200 ---
[2026-03-26 14:04:28] [21/200] ✓ [website] TWGHS CHIAP HUA CHENG'S NURSERY SCHOOL
[2026-03-26 14:04:28] [24/200] ✗ WONG SHIU CHI SECONDARY SCHOOL
[2026-03-26 14:04:28] [22/200] ✓ [website] SHATIN PUI YING COLLEGE
[2026-03-26 14:04:29] [23/200] ✓ [website] SAGARMATHA KINDERGARTEN
[2026-03-26 14:04:29] [25/200] ✓ [website] BUDDHIST WONG WAN TIN COLLEGE
[2026-03-26 14:04:30] [24/200] ✓ [website] HENG ON BAPTIST NURSERY SCHOOL
[2026-03-26 14:04:31] [26/200] ✓ [website] ST MONICA'S KINDERGARTEN
[2026-03-26 14:04:31] [25/200] ✓ [website] SI YUAN SCHOOL OF THE PRECIOUS BLOOD
[2026-03-26 14:04:31] [27/200] ✓ [website] ANCHORS ACADEMY
[2026-03-26 14:04:32] [28/200] ✓ [website] ST FRANCIS OF ASSISI'S CARITAS SCHOOL
[2026-03-26 14:04:33] [26/200] ✓ [website] SHATIN JUNIOR SCHOOL
[2026-03-26 14:04:34] [27/200] ✓ [website] GIGAMIND KINDERGARTEN
[2026-03-26 14:04:35] [28/200] ✓ [website] MELODY ANGLO-CHINESE KINDERGARTEN
[2026-03-26 14:04:36] [29/200] ✗ CCC WANCHAI CHURCH KINDERGARTEN
[2026-03-26 14:04:37] [29/200] ✓ [website] MENG TAK CATHOLIC SCHOOL
[2026-03-26 14:04:38] [30/200] ✓ [website] BUDDHIST WING YAN SCHOOL
[2026-03-26 14:04:38] [30/200] ✓ [website] PUI TAK CANOSSIAN PRIMARY SCHOOL
[2026-03-26 14:04:39] [31/200] ✓ [website] CASTAR KINDERGARTEN
[2026-03-26 14:04:40] [32/200] ✓ [website] TWGHS FONG SHU CHUEN NURSERY SCHOOL
[2026-03-26 14:04:40] [31/200] ✓ [website] LOK SIN TONG TUNG CHING BOR KINDERGARTEN
[2026-03-26 14:04:42] [33/200] ✓ [website] BUDDHIST SUM TUNG FOOK KINDERGARTEN
[2026-03-26 14:04:43] [34/200] ✓ [website] DAVID (EXODUS) KINDERGARTEN
[2026-03-26 14:04:44] [35/200] ✓ [website] SA FU KEUNG KINDERGARTEN
[2026-03-26 14:04:45] [32/200] ✓ [website] KOWLOON TRUE LIGHT SCHOOL (KG SECTION)
[2026-03-26 14:04:45] [33/200] ✓ [website] SAINT TOO BLOOM ACADEMY
[2026-03-26 14:04:48] [34/200] ✗ ZENITH KINDERGARTEN (SHERWOOD)
[2026-03-26 14:04:50] [35/200] ✓ [website] CONFUCIAN TAI SHING PRIMARY SCHOOL
[2026-03-26 14:04:51] [36/200] ✓ [website] GUIDEPOSTS KINDERGARTEN
[2026-03-26 14:04:52] [37/200] ✓ [website] GLENEALY SCHOOL
[2026-03-26 14:04:55] [38/200] ✗ TAI PO BAPTIST KINDERGARTEN
[2026-03-26 14:04:57] [39/200] ✓ [website] CCC KEI LONG COLLEGE
[2026-03-26 14:04:59] [40/200] ✓ [website] ST ANDREW'S CATHOLIC PRIMARY SCHOOL
[2026-03-26 14:04:59] --- 进度: 40/200 ---
[2026-03-26 14:05:00] [41/200] ✓ [website] YAN CHAI HOSPITAL SHAN KING KINDERGARTEN
[2026-03-26 14:05:00] [36/200] ✗ ELCHK  HING WAH NURSERY SCHOOL
[2026-03-26 14:05:01] [42/200] ✓ [website] CCC CHUN KWONG PRIMARY SCHOOL
[2026-03-26 14:05:02] [37/200] ✓ [website] MAGART INTERNATIONAL KINDERGARTEN
[2026-03-26 14:05:05] [38/200] ✓ [website] CANNAN KINDERGARTEN (CHARMING GARDEN)
[2026-03-26 14:05:05] [43/200] ✗ ABERDEEN TECHNICAL SCHOOL
[2026-03-26 14:05:06] [44/200] ✓ [website] REDEMPTION LUTHERAN KINDERGARTEN
[2026-03-26 14:05:09] [39/200] ✗ HONG YING ANGLO-CHINESE KINDERGARTEN
[2026-03-26 14:05:09] [45/200] ✗ CCC TAI O PRIMARY SCHOOL
[2026-03-26 14:05:10] [46/200] ✓ [website] TSING YI TRADE ASSOCIATION KINDERGARTEN
[2026-03-26 14:05:12] [40/200] ✗ HKCS SHEK KIP MEI NURSERY SCHOOL
[2026-03-26 14:05:12] --- 进度: 40/200 ---
[2026-03-26 14:05:12] [47/200] ✓ [website] LOK SIN TONG LEUNG KAU KUI COLLEGE
[2026-03-26 14:05:15] [48/200] ✓ [website] KAM TSIN VILLAGE HO TUNG SCHOOL
[2026-03-26 14:05:16] [41/200] ✓ [website] MKMCF MA CHAN DUEN HEY MEM COLLEGE
[2026-03-26 14:05:16] [49/200] ✓ [website] YUEN LONG CATHOLIC SECONDARY SCHOOL
[2026-03-26 14:05:17] [42/200] ✓ [website] CREATIVE PRIMARY SCHOOL
[2026-03-26 14:05:17] [43/200] ✓ [website] SHENG KUNG HUI ST BENEDICT'S SCHOOL
[2026-03-26 14:05:18] [50/200] ✓ [website] S.K.H. YAN LAAP MEMORIAL PRIMARY SCHOOL
[2026-03-26 14:05:19] [44/200] ✓ [website] TAI KOK TSUI CATHOLIC PRIMARY SCHOOL
[2026-03-26 14:05:20] [45/200] ✓ [website] LING LIANG CHURCH M H LAU SECONDARY SCH
[2026-03-26 14:05:21] [51/200] ✗ CARITAS JOCKEY CLUB LOK YAN SCHOOL
[2026-03-26 14:05:22] [52/200] ✓ [website] ANCHORS KINDERGARTEN
[2026-03-26 14:05:23] [53/200] ✓ [website] ST MONICA'S KINDERGARTEN
[2026-03-26 14:05:23] [46/200] ✓ [website] OUR LADY OF THE ROSARY COLLEGE
[2026-03-26 14:05:25] [47/200] ✓ [website] MAN KIU COLLEGE
[2026-03-26 14:05:25] [54/200] ✓ [website] SHAU KEI WAN METHODIST KINDERGARTEN
[2026-03-26 14:05:27] [55/200] ✓ [website] CCC CHUEN YUEN SECOND PRIMARY SCHOOL
[2026-03-26 14:05:31] [56/200] ✓ [website] KINGSTON INTERNATIONAL SCHOOL
[2026-03-26 14:05:31] [57/200] ✓ [website] METHODIST LEE WAI LEE COLLEGE
[2026-03-26 14:05:32] [58/200] ✓ [website] SHATIN COLLEGE
[2026-03-26 14:05:34] [59/200] ✓ [website] CANNAN KINDERGARTEN (RIVIERA GARDEN)
[2026-03-26 14:05:36] [60/200] ✓ [website] HKSPC BUTTERFLY ESTATE NURSERY SCHOOL
[2026-03-26 14:05:36] --- 进度: 60/200 ---
[2026-03-26 14:05:36] [61/200] ✓ [website] HKMA DAVID LI KWOK PO COLLEGE
[2026-03-26 14:05:39] [62/200] ✗ HKCS SHEK KIP MEI NURSERY SCHOOL
[2026-03-26 14:05:40] [63/200] ✓ [website] CCC HEEP WOH KINDERGARTEN
[2026-03-26 14:05:43] [64/200] ✓ [website] CARITAS PELLETIER SCHOOL
[2026-03-26 14:05:43] [48/200] ✗ SEMPLE MEMORIAL SECONDARY SCHOOL
[2026-03-26 14:05:44] [49/200] ✓ [website] SUNKIDS KINDERGARTEN
[2026-03-26 14:05:44] [50/200] ✓ [website] ST PAUL'S SCHOOL (LAM TIN)
[2026-03-26 14:05:45] [65/200] ✓ [website] DIOCESAN BOYS' SCHOOL
[2026-03-26 14:05:47] [51/200] ✓ [website] SAN WUI COMMERCIAL SOCIETY SCHOOL
[2026-03-26 14:05:48] [66/200] ✗ TUEN MUN GOVERNMENT PRIMARY SCHOOL
[2026-03-26 14:05:48] [52/200] ✓ [website] CCC KEI YUEN COLLEGE
[2026-03-26 14:05:49] [53/200] ✓ [website] WISELY KINDERGARTEN
[2026-03-26 14:05:50] [54/200] ✓ [website] HKSPC HK BANK FOUNDATION NURSERY SCHOOL
[2026-03-26 14:05:52] [55/200] ✓ [website] Kowloon Boys School
[2026-03-26 14:05:53] [56/200] ✓ [website] JOCKEY CLUB SARAH ROE SCHOOL
[2026-03-26 14:05:57] [57/200] ✗ MARYKNOLL FATHERS' SCHOOL
[2026-03-26 14:05:59] [58/200] ✓ [website] TSUNG TSIN COLLEGE
[2026-03-26 14:06:00] [59/200] ✓ [website] TIN SHUI WAI METHODIST PRIMARY SCHOOL
[2026-03-26 14:06:02] [60/200] ✓ [website] SKH FUNG KEI PRIMARY SCHOOL
[2026-03-26 14:06:02] --- 进度: 60/200 ---
[2026-03-26 14:06:04] [61/200] ✓ [website] HKFYG CHING LOK KINDERGARTEN (YAUMATEI)
[2026-03-26 14:06:04] [62/200] ✓ [website] S.K.H. ST. ANDREW'S PRIMARY SCHOOL
[2026-03-26 14:06:05] [67/200] ✓ [website] OUR LADY'S KINDERGARTEN
[2026-03-26 14:06:08] [63/200] ✓ [website] INVICTUS SCHOOL
[2026-03-26 14:06:08] [68/200] ✗ MA ON SHAN LING LIANG KINDERGARTEN
[2026-03-26 14:06:10] [64/200] ✓ [website] SKH KA FUK WING CHUN PRIMARY SCHOOL
[2026-03-26 14:06:10] [65/200] ✓ [website] REGINA COELI ANGLO-CHINESE KINDERGARTEN
[2026-03-26 14:06:12] [66/200] ✓ [website] STFA TAM PAK YU COLLEGE
[2026-03-26 14:06:18] [67/200] ✓ [website] PUI SHING CATHOLIC SECONDARY SCHOOL
[2026-03-26 14:06:19] [68/200] ✓ [website] ANNUNCIATION CATHOLIC KINDERGARTEN
[2026-03-26 14:06:23] [69/200] ✓ [website] SAHK B M KOTEWALL MEMORIAL SCHOOL
[2026-03-26 14:06:23] [70/200] ✓ [website] BUDDHIST CHI KWONG KINDERGARTEN
[2026-03-26 14:06:25] [71/200] ✓ [website] TAK OI SECONDARY SCHOOL
[2026-03-26 14:06:26] [72/200] ✓ [website] YORK MONTESSORI INTL PRE-SCHOOL (YL)
[2026-03-26 14:06:26] [69/200] ✗ ST JOAN OF ARC SECONDARY SCHOOL
[2026-03-26 14:06:27] [73/200] ✓ [website] NTW&JWA LEUNG SING TAK PRIMARY SCHOOL
[2026-03-26 14:06:29] [70/200] ✗ BENEVOLENT LIGHT KINDERGARTEN
[2026-03-26 14:06:31] [74/200] ✓ [website] TSUNG TSIN MISSION GRACEFUL KINDERGARTEN
[2026-03-26 14:06:32] [75/200] ✓ [website] BUDDHIST FOO HONG KINDERGARTEN
[2026-03-26 14:06:34] [71/200] ✗ ELCHK  LING KUNG NURSERY SCHOOL
[2026-03-26 14:06:36] [76/200] ✗ ELCHK  CHUNG ON NURSERY SCHOOL
[2026-03-26 14:06:37] [72/200] ✗ SKH YUEN CHEN MAUN CHEN PRIMARY SCHOOL
[2026-03-26 14:06:37] [73/200] ✓ [website] THE SALVATION ARMY SO UK KINDERGARTEN
[2026-03-26 14:06:39] [74/200] ✓ [website] PUI KIU INTERNATIONAL KINDERGARTEN (PICT
[2026-03-26 14:06:40] [77/200] ✗ SHARON LUTHERAN CHURCH KINDERGARTEN
[2026-03-26 14:06:44] [78/200] ✗ RIGHTMIND KINDERGARTEN
[2026-03-26 14:06:45] [75/200] ✗ JOYFUL WORLD KINDERGARTEN (BELVEDERE)
[2026-03-26 14:06:45] [79/200] ✓ [website] ST. TERESA SECONDARY SCHOOL
[2026-03-26 14:06:47] [76/200] ✓ [website] CANNAN KINDERGARTEN (TSUEN WAN)
[2026-03-26 14:06:47] [80/200] ✓ [website] KWAI CHUNG BAPTIST CHURCH KINDERGARTEN
[2026-03-26 14:06:47] --- 进度: 80/200 ---
[2026-03-26 14:06:48] [77/200] ✓ [website] City University of Hong Kong School of L
[2026-03-26 14:06:49] [81/200] ✓ [website] SAI KUNG PRE-SCHOOL GROUP
[2026-03-26 14:06:51] [78/200] ✗ KIANGSU & CHEKIANG PRIMARY SCHOOL
[2026-03-26 14:06:54] [79/200] ✗ HAVEN OF HOPE SUNNYSIDE SCHOOL
[2026-03-26 14:06:56] [80/200] ✓ [website] PLK FONG WONG KAM CHUEN PRIMARY SCHOOL
[2026-03-26 14:06:56] --- 进度: 80/200 ---
[2026-03-26 14:06:56] [82/200] ✓ [website] BUDDHIST SUM HEUNG LAM MEMORIAL COLLEGE
[2026-03-26 14:06:59] [83/200] ✓ [website] LUTHERAN TSANG SHING SIU LEUN SCHOOL
[2026-03-26 14:07:00] [81/200] ✗ TWGH HOK SHAN SCHOOL
[2026-03-26 14:07:01] [84/200] ✓ [website] W F JOSEPH LEE PRIMARY SCHOOL
[2026-03-26 14:07:02] [82/200] ✓ [website] GIGAMIND ENGLISH PRIMARY SCHOOL
[2026-03-26 14:07:04] [85/200] ✗ SHEK LEI ST. JOHN'S CATHOLIC PRIMARY SCH
[2026-03-26 14:07:05] [86/200] ✓ [website] LOK SIN TONG TUNG CHING BOR KINDERGARTEN
[2026-03-26 14:07:06] [83/200] ✗ RAIMONDI COLLEGE KINDERGARTEN SECTION
[2026-03-26 14:07:08] [87/200] ✓ [website] ST MATTHIAS' CHURCH NURSERY SCHOOL
[2026-03-26 14:07:09] [88/200] ✓ [website] ST PAUL'S COLLEGE PRIMARY SCHOOL
[2026-03-26 14:07:09] [84/200] ✗ TKT CATHOLIC PRIMARY SCHOOL (HOI FAN RD)
[2026-03-26 14:07:09] [89/200] ✓ [website] SKH HO CHAK WAN PRIMARY SCHOOL
[2026-03-26 14:07:10] [85/200] ✓ [website] CREATIVE SECONDARY SCHOOL
[2026-03-26 14:07:12] [90/200] ✗ CARITAS JOCKEY CLUB LOK YAN SCHOOL
[2026-03-26 14:07:14] [86/200] ✗ AGNES WISE KINDERGARTEN
[2026-03-26 14:07:15] [91/200] ✓ [website] KOWLOON BAPTIST CHURCH KINDERGARTEN
[2026-03-26 14:07:16] [87/200] ✓ [website] STFA HO YAT TUNG PRIMARY SCHOOL
[2026-03-26 14:07:17] [88/200] ✓ [website] PLK FUNG CHING MEMORIAL PRIMARY SCHOOL
[2026-03-26 14:07:18] [89/200] ✓ [website] KOWLOON TONG SCHOOL
[2026-03-26 14:07:18] [92/200] ✓ [website] ST FRANCIS XAVIER'S COLLEGE
[2026-03-26 14:07:19] [93/200] ✓ [website] CHERISH ENGLISH SCHOOL & KINDERGARTEN
[2026-03-26 14:07:19] [90/200] ✓ [website] CCC ROTARY SECONDARY SCHOOL
[2026-03-26 14:07:21] [94/200] ✗ CITY COLLEGE
[2026-03-26 14:07:23] [91/200] ✓ [website] TELFORD GARDENS KINDERGARTEN
[2026-03-26 14:07:23] [95/200] ✓ [website] SKH LING OI PRIMARY SCHOOL
[2026-03-26 14:07:25] [96/200] ✓ [website] A-ONE KINDERGARTEN
[2026-03-26 14:07:25] [92/200] ✓ [website] LEI YUE MUN METHODIST KINDERGARTEN
[2026-03-26 14:07:25] [97/200] ✓ [website] TELFORD GARDENS ENGLISH KINDERGARTEN
[2026-03-26 14:07:26] [98/200] ✓ [website] CONCORDIA LUTHERAN SCHOOL - NORTH POINT
[2026-03-26 14:07:27] [99/200] ✓ [website] GOOD HOPE SCHOOL
[2026-03-26 14:07:27] [93/200] ✓ [website] PENTECOSTAL SCHOOL
[2026-03-26 14:07:27] [94/200] ✓ [website] CHERISH ENGLISH SCHOOL & KINDERGARTEN
[2026-03-26 14:07:29] [100/200] ✓ [website] Technological and Higher Education Insti
[2026-03-26 14:07:29] --- 进度: 100/200 ---
[2026-03-26 14:07:30] [101/200] ✓ [website] YUEN LONG CATHOLIC SECONDARY SCHOOL
[2026-03-26 14:07:33] [95/200] ✓ [website] SALESIAN SCHOOL
[2026-03-26 14:07:34] [102/200] ✗ BO BO NURSERY SCHOOL
[2026-03-26 14:07:35] [96/200] ✓ [website] TSUEN WAN GOVERNMENT PRIMARY SCHOOL
[2026-03-26 14:07:35] [103/200] ✓ [website] ELCHK LUTHERAN SCHOOL
[2026-03-26 14:07:37] [97/200] ✓ [website] MARYMOUNT SECONDARY SCHOOL
[2026-03-26 14:07:37] [104/200] ✓ [website] TSUEN WAN CATHOLIC PRIMARY SCHOOL
[2026-03-26 14:07:39] [98/200] ✗ TWGHS GINNY MAN KINDERGARTEN
[2026-03-26 14:07:39] [105/200] ✓ [website] CHEUNG CHAU GOVERNMENT SECONDARY SCHOOL
[2026-03-26 14:07:43] [106/200] ✗ TAI PING KINDERGARTEN
[2026-03-26 14:07:44] [107/200] ✓ [website] OUR LADY'S PRIMARY SCHOOL
[2026-03-26 14:07:46] [108/200] ✓ [website] YCH LAN CHI PAT MEMORIAL SECONDARY SCH
[2026-03-26 14:07:46] [109/200] ✓ [website] C&MA JOYFUL PEACE KINDERGARTEN
[2026-03-26 14:07:47] [99/200] ✓ [website] ST JOSEPH'S ANGLO-CHINESE PRIMARY SCHOOL
[2026-03-26 14:07:47] [100/200] ✓ [website] KHALSA DIWAN KINDERGARTEN
[2026-03-26 14:07:47] --- 进度: 100/200 ---
[2026-03-26 14:07:49] [101/200] ✓ [website] SHEK LEI CATHOLIC SECONDARY SCHOOL
[2026-03-26 14:07:50] [110/200] ✓ [website] TAK SUN KINDERGARTEN
[2026-03-26 14:07:50] [102/200] ✓ [website] CHING CHUNG HAU PO WOON PRIMARY SCHOOL
[2026-03-26 14:07:52] [103/200] ✓ [website] SHENG KUNG HUI KINDERGARTEN
[2026-03-26 14:07:53] [104/200] ✓ [website] ERUDITE GOVERNMENT PRIMARY SCHOOL
[2026-03-26 14:07:53] [111/200] ✓ [website] ALLIANCE PRIMARY SCHOOL, TAI HANG TUNG
[2026-03-26 14:07:54] [105/200] ✓ [website] CASTLE PEAK CATHOLIC PRIMARY SCHOOL
[2026-03-26 14:07:54] [112/200] ✓ [website] CHEUNG CHAU SACRED HEART SCHOOL
[2026-03-26 14:07:56] [106/200] ✓ [website] TWGH LO KON TING MEMORIAL COLLEGE
[2026-03-26 14:07:57] [113/200] ✓ [website] MA ON SHAN LING LIANG PRIMARY SCHOOL
[2026-03-26 14:07:58] [107/200] ✗ ELCHK, OI LUN NURSERY SCHOOL
[2026-03-26 14:08:00] [108/200] ✓ [website] ST PAUL'S CO-EDUCATIONAL COLLEGE
[2026-03-26 14:08:00] [114/200] ✓ [website] TWGH MRS WU YORK YU MEMORIAL COLLEGE
[2026-03-26 14:08:01] [115/200] ✓ [website] SHATIN PUBLIC SCHOOL
[2026-03-26 14:08:02] [109/200] ✗ ZION LUTHERAN KINDERGARTEN
[2026-03-26 14:08:03] [110/200] ✓ [website] TIVOLI KINDERGARTEN
[2026-03-26 14:08:04] [116/200] ✗ ELCHK  LING ON NURSERY SCHOOL
[2026-03-26 14:08:05] [117/200] ✓ [website] HKYWCA CHOI WAN NURSERY SCHOOL
[2026-03-26 14:08:06] [111/200] ✓ [website] CARITAS ZONTA  CLUB OF HK NURSERY SCHOOL
[2026-03-26 14:08:09] [112/200] ✓ [website] SKH TIN WAN CHI NAM PRIMARY SCHOOL
[2026-03-26 14:08:09] [118/200] ✗ KIANGSU-CHEKIANG COLLEGE (SHATIN)
[2026-03-26 14:08:09] [119/200] ✓ [website] CHUN TOK SCHOOL
[2026-03-26 14:08:10] [113/200] ✓ [website] RAIMONDI COLLEGE PRIMARY SECTION
[2026-03-26 14:08:10] [120/200] ✓ [website] ELCHK TSEUNG KWAN O KINDERGARTEN
[2026-03-26 14:08:10] --- 进度: 120/200 ---
[2026-03-26 14:08:12] [114/200] ✓ [website] SKH LING OI PRIMARY SCHOOL
[2026-03-26 14:08:12] [121/200] ✓ [website] PLK TSE WONG PUI KUEN KINDERGARTEN
[2026-03-26 14:08:13] [122/200] ✓ [website] SA HING YAN KINDERGARTEN
[2026-03-26 14:08:15] [123/200] ✓ [website] UNITED CHRISTIAN COLLEGE (KOWLOON EAST)
[2026-03-26 14:08:15] [115/200] ✓ [website] CCC KWEI WAH SHAN COLLEGE
[2026-03-26 14:08:17] [116/200] ✓ [website] C & M ALLIANCE CHUI CHAK LAM MEM SCHOOL
[2026-03-26 14:08:17] [117/200] ✓ [website] ROCK OF AGES LUTHERAN KINDERGARTEN
[2026-03-26 14:08:18] [118/200] ✓ [website] TSUEN WAN GOVERNMENT SECONDARY SCHOOL
[2026-03-26 14:08:19] [119/200] ✓ [website] FANLING GOVERNMENT PRIMARY SCHOOL
[2026-03-26 14:08:20] [120/200] ✓ [website] SOPHIE KINDERGARTEN
[2026-03-26 14:08:20] --- 进度: 120/200 ---
[2026-03-26 14:08:20] [124/200] ✓ [website] HOLY ANGELS CANOSSIAN SCHOOL
[2026-03-26 14:08:21] [121/200] ✓ [website] LI PO CHUN UNITED WORLD COLLEGE OF HK
[2026-03-26 14:08:23] [122/200] ✓ [website] LST TANG TAK LIM KINDERGARTEN
[2026-03-26 14:08:25] [125/200] ✓ [website] DISCOVERY MONTESSORI SCHOOL
[2026-03-26 14:08:26] [123/200] ✓ [website] CREATIVE KINDERGARTEN
[2026-03-26 14:08:27] [126/200] ✓ [website] SPRING VIEW KINDERGARTEN
[2026-03-26 14:08:28] [124/200] ✓ [website] TUNG CHUNG CATHOLIC SCHOOL
[2026-03-26 14:08:28] [127/200] ✓ [website] PLK ANITA LL CHAN (CENTENARY) SCHOOL
[2026-03-26 14:08:31] [125/200] ✓ [website] CCC FUK YAU KINDERGARTEN
[2026-03-26 14:08:31] [128/200] ✓ [website] PODS KINDERGARTEN
[2026-03-26 14:08:33] [129/200] ✓ [website] BISHOP WALSH PRIMARY SCHOOL
[2026-03-26 14:08:35] [126/200] ✓ [website] TSUNG TSIN MISSION GRACEFUL KINDERGARTEN
[2026-03-26 14:08:35] [130/200] ✓ [website] KAU YAN COLLEGE
[2026-03-26 14:08:36] [131/200] ✓ [website] PLK YAO LING SUN COLLEGE
[2026-03-26 14:08:37] [132/200] ✓ [website] PLK TANG BIK WAN MEMORIAL KINDERGARTEN
[2026-03-26 14:08:38] [127/200] ✗ St. Clare's Primary School
[2026-03-26 14:08:38] [128/200] ✓ [website] TSANG MUI MILLENNIUM SCHOOL
[2026-03-26 14:08:39] [129/200] ✓ [website] LING LIANG CHURCH SAU TAK PRIMARY SCHOOL
[2026-03-26 14:08:40] [130/200] ✓ [website] ST PAUL'S CONVENT SCHOOL
[2026-03-26 14:08:40] [133/200] ✗ TUNG TAK SCHOOL
[2026-03-26 14:08:41] [131/200] ✓ [website] TYYI MFBM NEI MING CHAN LCT MEM COLLEGE
[2026-03-26 14:08:42] [134/200] ✗ TREE OF KNOWLEDGE ACADEMY EDUCATION CTR
[2026-03-26 14:08:44] [132/200] ✓ [website] CREATIVE KINDERGARTEN (SHAM WAN TOWERS)
[2026-03-26 14:08:45] [135/200] ✗ DIAMOND HILL LING LIANG KINDERGARTEN
[2026-03-26 14:08:46] [136/200] ✓ [website] KEEN MIND KINDERGARTEN
[2026-03-26 14:08:47] [137/200] ✓ [website] SHAM SHUI PO BAPTIST CHURCH KINDERGARTEN
[2026-03-26 14:08:47] [133/200] ✗ CHEUNG CHUK SHAN COLLEGE
[2026-03-26 14:08:49] [138/200] ✗ GREENVILLE ANGLO-CHINESE KINDERGARTEN
[2026-03-26 14:08:50] [139/200] ✓ [website] SMALL WORLD CHRISTIAN KINDERGARTEN
[2026-03-26 14:08:51] [134/200] ✓ [website] KENTVILLE KINDERGARTEN
[2026-03-26 14:08:51] [140/200] ✓ [website] SALVATION ARMY PING TIN KINDERGARTEN
[2026-03-26 14:08:51] --- 进度: 140/200 ---
[2026-03-26 14:08:51] [135/200] ✓ [website] TWGHS KWAN FONG NURSERY SCHOOL
[2026-03-26 14:08:53] [141/200] ✓ [website] TOPKIDS INTERNATIONAL KINDERGARTEN (YL)
[2026-03-26 14:08:53] [136/200] ✓ [website] KOWLOON TRUE LIGHT SCHOOL
[2026-03-26 14:08:54] [142/200] ✓ [website] GARDEN HOUSE WALDORF KINDERGARTEN
[2026-03-26 14:08:54] [137/200] ✓ [website] TWGH CY MA MEMORIAL COLLEGE
[2026-03-26 14:08:55] [138/200] ✓ [website] SHUNG TAK CATHOLIC ENGLISH COLLEGE
[2026-03-26 14:08:55] [143/200] ✓ [website] ELCHK YL LUTHERAN SECONDARY SCHOOL
[2026-03-26 14:08:58] [144/200] ✗ GERTRUDE SIMON LUTHERAN EVENING COLLEGE
[2026-03-26 14:08:58] [139/200] ✓ [website] ANFIELD SCHOOL
[2026-03-26 14:08:58] [140/200] ✓ [website] YU CHUN KEUNG MEMORIAL COLLEGE
[2026-03-26 14:08:58] --- 进度: 140/200 ---
[2026-03-26 14:08:59] [145/200] ✓ [website] JAPANESE INTERNATIONAL SCHOOL
[2026-03-26 14:09:00] [146/200] ✓ [website] PLK SIU HON-SUM PRIMARY SCHOOL
[2026-03-26 14:09:01] [147/200] ✓ [website] YUEN LONG GOVERNMENT PRIMARY SCHOOL
[2026-03-26 14:09:02] [148/200] ✓ [website] LAI KING CATHOLIC SECONDARY SCHOOL
[2026-03-26 14:09:06] [149/200] ✓ [website] TAI PO METHODIST SCHOOL
[2026-03-26 14:09:07] [150/200] ✓ [website] Sacred Heart Canossian College
[2026-03-26 14:09:08] [141/200] ✓ [website] CLEARWATER BAY SCHOOL
[2026-03-26 14:09:09] [142/200] ✓ [website] MU KUANG ENGLISH SCHOOL
[2026-03-26 14:09:19] [151/200] ✓ [website] METHODIST SCHOOL
[2026-03-26 14:09:19] [152/200] ✓ [website] ST LORRAINE KINDERGARTEN (YUEN LONG)
[2026-03-26 14:09:25] [153/200] ✓ [website] ANANI KINDERGARTEN
[2026-03-26 14:09:37] [143/200] ✗ FUNG KAI LIU YUN-SUM MEMORIAL SCHOOL
[2026-03-26 14:09:39] [144/200] ✓ [website] WEST ISLAND SCHOOL
[2026-03-26 14:09:49] [154/200] ✓ [website] ELCHK SHATIN LUTHERAN KINDERGARTEN
[2026-03-26 14:09:51] [155/200] ✓ [website] PUI LING SCHOOL OF THE PRECIOUS BLOOD
[2026-03-26 14:09:51] [145/200] ✓ [website] CHUEN YUEN CHURCH KINDERGARTEN
[2026-03-26 14:09:53] [146/200] ✓ [website] C&MA JOYFUL PEACE KINDERGARTEN
[2026-03-26 14:09:55] [147/200] ✓ [website] TOI SHAN ASSOCIATION PRIMARY SCHOOL
[2026-03-26 14:09:57] [148/200] ✓ [website] WISELY KINDERGARTEN
[2026-03-26 14:09:59] [149/200] ✓ [website] TSUNG TSIN CHRISTIAN ACADEMY
[2026-03-26 14:10:03] [150/200] ✓ [website] TSUEN WAN CATHOLIC PRIMARY SCHOOL
[2026-03-26 14:10:08] [151/200] ✓ [website] KAU YAN SCHOOL
[2026-03-26 14:10:08] [156/200] ✗ CCC KEI TSUN PRIMARY SCHOOL
[2026-03-26 14:10:21] [157/200] ✗ TSEUNG KWAN O PUI CHI SCHOOL
[2026-03-26 14:10:25] [152/200] ✗ ST MARK'S SCHOOL
[2026-03-26 14:10:26] [158/200] ✓ [website] CHO YIU CATHOLIC PRIMARY SCHOOL
[2026-03-26 14:10:27] [153/200] ✓ [website] DELIA ENGLISH PRIMARY SCHOOL & KG
[2026-03-26 14:10:28] [159/200] ✓ [website] MINK ANGLO-CHINESE KINDERGARTEN
[2026-03-26 14:10:29] [160/200] ✓ [website] SKH HOLY CARPENTER SECONDARY SCHOOL
[2026-03-26 14:10:29] --- 进度: 160/200 ---
[2026-03-26 14:10:35] [161/200] ✓ [website] HKSPC PORTLAND STREET NURSERY SCHOOL
[2026-03-26 14:10:37] [162/200] ✓ [website] ST BARNABAS' CHURCH KINDERGARTEN
[2026-03-26 14:10:37] [163/200] ✓ [website] HKTA SHUN YEUNG PRIMARY SCHOOL
[2026-03-26 14:10:38] [164/200] ✓ [website] KENNEDY SCHOOL
[2026-03-26 14:10:39] [165/200] ✓ [website] ST PAUL'S CHURCH KINDERGARTEN
[2026-03-26 14:10:41] [154/200] ✗ LUI MING CHOI LUTHERAN COLLEGE
[2026-03-26 14:11:07] [155/200] ✗ TWGH KWAN FONG KAI CHI SCHOOL
[2026-03-26 14:11:08] [166/200] ✗ HKSPC LAM WOO NURSERY SCHOOL
[2026-03-26 14:11:11] [167/200] ✓ [website] INVICTUS KINDERGARTEN
[2026-03-26 14:11:18] [156/200] ✓ [website] CARITAS NURSERY SCHOOL - YAU TONG
[2026-03-26 14:11:25] [157/200] ✓ [website] PLK ANITA LL CHAN (CENTENARY) SCHOOL
[2026-03-26 14:11:30] [158/200] ✓ [website] HKSPC MR & MRS THOMAS TAM NURSERY SCHOOL
[2026-03-26 14:11:32] [159/200] ✓ [website] ST EDWARD'S CATHOLIC PRIMARY SCHOOL
[2026-03-26 14:11:38] [168/200] ✗ KA FUK BAPTIST CHURCH PRE-SCHOOL
[2026-03-26 14:11:52] [169/200] ✗ CHAN'S CREATIVE KINDERGARTEN
[2026-03-26 14:11:59] [160/200] ✗ ANFIELD ST. BOSCO KOON YING SCHOOL
[2026-03-26 14:11:59] --- 进度: 160/200 ---
[2026-03-26 14:12:07] [170/200] ✗ PLK LAW'S FOUNDATION SCHOOL
[2026-03-26 14:12:10] [171/200] ✓ [website] CHAI WAN KOK CATHOLIC PRIMARY SCHOOL
[2026-03-26 14:12:22] [172/200] ✗ WAYFOONG NURSERY SCHOOL
[2026-03-26 14:12:29] [173/200] ✓ [website] TIN SHUI WAI ALLIANCE KINDERGARTEN
[2026-03-26 14:12:35] [161/200] ✗ SAHK KO FOOK IU MEMORIAL SCHOOL
[2026-03-26 14:28:02] [162/200] ✓ [website] HHCKLA BUDDHIST WAI KWONG KINDERGARTEN
[2026-03-26 14:28:03] [163/200] ✓ [website] HKUGA PRIMARY SCHOOL
[2026-03-26 14:28:04] [164/200] ✓ [website] STEWARDS POOI TUN SECONDARY SCHOOL
[2026-03-26 14:28:05] [165/200] ✓ [website] NORD ANGLIA INTERNATIONAL SCHOOL, HK
[2026-03-26 14:28:10] [174/200] ✗ YORK ENGLISH PRE-SCHOOL
[2026-03-26 14:28:13] [175/200] ✓ [website] BUDDHIST CHI KING PRIMARY SCHOOL
[2026-03-26 14:28:24] [166/200] ✗ PLK RIVERAIN PRIMARY SCHOOL
[2026-03-26 14:28:27] [176/200] ✗ MONG KOK AGNES ENGLISH KINDERGARTEN
[2026-03-26 14:28:28] [177/200] ✓ [website] SKH TAK TIN LEE SHIU KEUNG PRIMARY SCH
[2026-03-26 14:28:38] [167/200] ✓ [website] PLK CHOI KOON SHUM KINDERGARTEN
[2026-03-26 14:28:38] [168/200] ✓ [website] SHUN SANG ANGLO-CHINESE KINDERGARTEN
[2026-03-26 14:30:58] [178/200] ✗ CCC KEI WA PRIMARY SCHOOL
[2026-03-26 14:30:59] [169/200] ✗ WAI PENG KINDERGARTEN SCHOOL
[2026-03-26 14:31:00] [179/200] ✗ City University of Hong Kong College of 
[2026-03-26 14:31:18] [180/200] ✗ CHINESE METHODIST SCHOOL (NORTH POINT)
[2026-03-26 14:31:18] --- 进度: 180/200 ---
[2026-03-26 14:31:27] [170/200] ✗ LUI CHEUNG KWONG LUTHERAN PRIMARY SCHOOL
[2026-03-26 14:31:29] [171/200] ✓ [website] WAH YAN COLLEGE, KOWLOON
[2026-03-26 14:31:31] [172/200] ✓ [website] GERTRUDE SIMON LUTHERAN COLLEGE
[2026-03-26 14:31:33] [181/200] ✓ [website] CHEUNG SHA WAN CATHOLIC SECONDARY SCHOOL
[2026-03-26 14:31:33] [173/200] ✓ [website] TWGH MRS WU YORK YU MEMORIAL COLLEGE
[2026-03-26 14:31:44] [174/200] ✓ [website] SKH ST THOMAS' PRIMARY SCHOOL
[2026-03-26 14:32:03] [175/200] ✗ PO LEUNG KUK LIU SEW HAR KINDERGARTEN
[2026-03-26 14:32:04] [176/200] ✓ [website] SHA TIN GOVERNMENT SECONDARY SCHOOL
[2026-03-26 14:32:12] [182/200] ✗ CREATIVE KINDERGARTEN (SCENEWAY GARDEN)
[2026-03-26 14:32:24] [183/200] ✓ [website] SHAU KEI WAN METHODIST KINDERGARTEN
[2026-03-26 14:32:27] [184/200] ✓ [website] YCH TUNG CHI YING MEM SEC SCHOOL
[2026-03-26 14:32:28] [185/200] ✓ [website] CCC, SHATIN CHURCH POK HONG KINDERGARTEN
[2026-03-26 14:32:37] [177/200] ✗ ST CLARE'S GIRLS' SCHOOL
[2026-03-26 14:32:38] [178/200] ✓ [website] SKH CHI FU CHI NAM PRIMARY SCHOOL
[2026-03-26 14:33:07] [186/200] ✗ SA CHAN KWAN TUNG KINDERGARTEN
[2026-03-26 14:33:12] [179/200] ✗ SACRED HEART CANOSSIAN COLLEGE
[2026-03-26 14:33:18] [180/200] ✓ [website] FR CUCCHIARA MEMORIAL SCHOOL
[2026-03-26 14:33:18] --- 进度: 180/200 ---
[2026-03-26 14:33:20] [181/200] ✓ [website] TWGH HUNG WONG KAR GEE KINDERGARTEN
[2026-03-26 14:33:24] [182/200] ✓ [website] TWGHS TSOI WING SING PRIMARY SCHOOL
[2026-03-26 14:33:27] [187/200] ✗ ST THOMAS' CHURCH KINDERGARTEN
[2026-03-26 14:33:36] [183/200] ✓ [website] SHEUNG SHUI CHURCH KINDERGARTEN
[2026-03-26 14:33:40] [188/200] ✓ [website] CCC ROTARY SECONDARY SCHOOL
[2026-03-26 14:33:41] [184/200] ✓ [website] ASBURY METHODIST PRIMARY SCHOOL
[2026-03-26 14:33:42] [189/200] ✓ [website] BAPTIST WING LUNG SECONDARY SCHOOL
[2026-03-26 14:33:45] [190/200] ✓ [website] TWGHS TSOI WING SING PRIMARY SCHOOL
[2026-03-26 14:33:48] [185/200] ✓ [website] ACADEMY OF INNOVATION PRIMARY SCHOOL
[2026-03-26 14:33:59] [191/200] ✓ [website] CANNAN KINDERGARTEN (SIU SAI WAN)
[2026-03-26 14:34:03] ============================================================
[2026-03-26 14:34:03] 优化版校徽批量抓取 v2
[2026-03-26 14:34:03] ============================================================
[2026-03-26 14:34:03] 处理学校数量: 200
[2026-03-26 14:34:05] [186/200] ✗ PO KOK PRIMARY SCHOOL
[2026-03-26 14:34:05] [1/200] ✓ [website] MAN KWAN PAK KAU COLLEGE
[2026-03-26 14:34:07] [192/200] ✓ [website] PENTECOSTAL SCHOOL
[2026-03-26 14:34:09] [193/200] ✓ [website] PUN U ASSOCIATION WAH YAN PRIMARY SCHOOL
[2026-03-26 14:34:10] [194/200] ✓ [website] CARITAS MOTHER TERESA SCHOOL
[2026-03-26 14:34:13] [2/200] ✓ [website] TSEUNG KWAN O METHODIST PRIMARY SCHOOL
[2026-03-26 14:34:35] [187/200] ✗ WONG TAI SIN GOVERNMENT PRIMARY SCH
[2026-03-26 14:34:47] [188/200] ✓ [website] CCC FUK YAU NO. II KINDERGARTEN
[2026-03-26 14:34:52] [3/200] ✗ SA NORTH POINT NURSERY SCHOOL
[2026-03-26 14:34:52] [189/200] ✓ [website] CCC HEEP WOH COLLEGE
[2026-03-26 14:34:58] [4/200] ✓ [website] PHC WING KWONG COLLEGE
[2026-03-26 14:34:59] [5/200] ✓ [website] LAI CHACK MIDDLE SCHOOL
[2026-03-26 14:35:13] [190/200] ✗ ELCHK  KIN MING NURSERY SCHOOL
[2026-03-26 14:35:13] [191/200] ✓ [website] PUI KIU PRIMARY SCHOOL
[2026-03-26 14:35:14] [195/200] ✗ TWGHS TSUI TSIN TONG SCHOOL
[2026-03-26 14:35:15] [192/200] ✓ [website] SKH FUNG KEI PRIMARY SCHOOL
[2026-03-26 14:35:17] [196/200] ✓ [website] CCC FUK YAU NO. II KINDERGARTEN
[2026-03-26 14:35:17] [197/200] ✓ [website] WAI KIU COLLEGE
[2026-03-26 14:35:31] [6/200] ✗ COTTON SPINNERS ASSOCIATION SEC SCHOOL
[2026-03-26 14:35:32] [7/200] ✓ [website] BUDDHIST WONG FUNG LING COLLEGE
[2026-03-26 14:35:36] [198/200] ✗ LKWFS WONG YIU NAM PRIMARY SCHOOL
[2026-03-26 14:35:37] [199/200] ✓ [website] FANLING GOVERNMENT PRIMARY SCHOOL
[2026-03-26 14:35:53] [200/200] ✓ [website] ITALIAN INTERNATIONAL KINDERGARTEN
[2026-03-26 14:35:53] --- 进度: 200/200 ---
[2026-03-26 14:35:53] ============================================================
[2026-03-26 14:35:53] 执行结果
[2026-03-26 14:35:53] ============================================================
[2026-03-26 14:35:53]   website: +157
[2026-03-26 14:35:53]   失败: 43
[2026-03-26 14:35:53]   总成功: +157
[2026-03-26 14:35:53] 总计: 3021/7270 已有校徽 (41.6%)
[2026-03-26 14:35:53] ============================================================
[2026-03-26 14:35:56] [8/200] ✗ BUDDHIST FAT HO MEMORIAL COLLEGE
[2026-03-26 14:36:10] [9/200] ✗ SACRED HEART CANOSSIAN KINDERGARTEN
[2026-03-26 14:36:14] [193/200] ✗ BUDDHIST CHI KWONG KINDERGARTEN
[2026-03-26 14:36:16] [194/200] ✓ [website] S.K.H. YAUTONG KEI HIN PRIMARY SCHOOL
[2026-03-26 14:36:26] [10/200] ✓ [website] MUNSANG COLLEGE KINDERGARTEN
[2026-03-26 14:36:32] [195/200] ✗ ST. HILARY'S KINDERGARTEN (MA ON SHAN)
[2026-03-26 14:36:34] [196/200] ✓ [website] ESF INTERNATIONAL KINDERGARTEN(TSING YI)
[2026-03-26 14:36:34] [197/200] ✓ [website] BUDDHIST MAU FUNG MEMORIAL COLLEGE
[2026-03-26 14:36:38] [198/200] ✓ [website] HKYWCA FAITH HOPE NURSERY SCHOOL
[2026-03-26 14:36:45] [11/200] ✗ TIN KA PING SECONDARY SCHOOL
[2026-03-26 14:37:05] [12/200] ✗ PO KOK PRIMARY SCHOOL
[2026-03-26 14:37:07] [13/200] ✓ [website] ST TERESA'S KINDERGARTEN
[2026-03-26 14:37:12] [14/200] ✓ [website] CHRISTIAN YOUTH CENTRE KINDERGARTEN
[2026-03-26 14:37:22] [15/200] ✓ [website] HAN ACADEMY
[2026-03-26 14:37:35] [16/200] ✗ CCC TAI O PRIMARY SCHOOL
[2026-03-26 14:37:45] [199/200] ✗ ANFIELD INTERNATIONAL KINDERGARTEN
[2026-03-26 14:37:48] [200/200] ✓ [website] SHANGHAI ALUMNI PRIMARY SCHOOL
[2026-03-26 14:37:48] --- 进度: 200/200 ---
[2026-03-26 14:37:48] ============================================================
[2026-03-26 14:37:48] 执行结果
[2026-03-26 14:37:48] ============================================================
[2026-03-26 14:37:48]   website: +154
[2026-03-26 14:37:48]   失败: 46
[2026-03-26 14:37:48]   总成功: +154
[2026-03-26 14:37:48] 总计: 3030/7270 已有校徽 (41.7%)
[2026-03-26 14:37:48] ============================================================
[2026-03-26 14:37:49] [17/200] ✓ [website] YAN OI TONG ALLAN YAP KINDERGARTEN
[2026-03-26 14:38:04] [18/200] ✓ [website] TWGH LUI YUN CHOY MEMORIAL COLLEGE
[2026-03-26 14:38:12] [19/200] ✓ [website] CCC KEI WAI PRIMARY SCHOOL (MA WAN)
[2026-03-26 14:38:26] [20/200] ✗ CHOI JUN SCHOOL
[2026-03-26 14:38:26] --- 进度: 20/200 ---
[2026-03-26 14:38:36] ============================================================
[2026-03-26 14:38:36] 优化版校徽批量抓取 v2
[2026-03-26 14:38:36] ============================================================
[2026-03-26 14:38:36] 处理学校数量: 300
[2026-03-26 14:38:37] [21/200] ✗ TUNG TAK SCHOOL
[2026-03-26 14:39:06] ============================================================
[2026-03-26 14:39:06] 优化版校徽批量抓取 v2
[2026-03-26 14:39:06] ============================================================
[2026-03-26 14:39:06] 处理学校数量: 200
[2026-03-26 14:39:06] [1/300] ✗ IMMACULATE HEART OF MARY KINDERGARTEN
[2026-03-26 14:39:10] [1/200] ✓ [website] ANCHORS KINDERGARTEN (FANLING)
[2026-03-26 14:39:15] [2/200] ✓ [website] C&MA SUN KEI SECONDARY SCHOOL
[2026-03-26 14:39:16] [3/200] ✓ [website] BUDDHIST CHAN WING KAN MEMORIAL SCHOOL
[2026-03-26 14:39:17] [2/300] ✓ [website] HOLY FAMILY CANOSSIAN COLLEGE
[2026-03-26 14:39:25] ============================================================
[2026-03-26 14:39:25] 优化版校徽批量抓取 v2
[2026-03-26 14:39:25] ============================================================
[2026-03-26 14:39:25] 处理学校数量: 200
[2026-03-26 14:39:34] [3/300] ✓ [website] PUI KIU MIDDLE SCHOOL
[2026-03-26 14:39:52] ============================================================
[2026-03-26 14:39:52] 优化版校徽批量抓取 v2
[2026-03-26 14:39:52] ============================================================
[2026-03-26 14:39:52] 处理学校数量: 500
[2026-03-26 14:40:09] [1/500] ✗ IMMACULATE HEART OF MARY SCHOOL
[2026-03-26 14:40:17] [2/500] ✓ [website] SKH ST CLEMENT'S PRIMARY SCHOOL
[2026-03-26 14:47:59] [3/500] ✗ St. Francis of Assisi College
[2026-03-26 14:48:15] [4/500] ✗ GREENVILLE ANGLO-CHINESE KINDERGARTEN
[2026-03-26 15:05:22] [5/500] ✓ [website] S.K.H. TSING YI CHU YAN PRIMARY SCHOOL
[2026-03-26 15:05:23] [6/500] ✓ [website] INTERNATIONAL CHRISTIAN SCHOOL
[2026-03-26 15:05:38] [7/500] ✗ TUEN MUN GOVERNMENT PRIMARY SCHOOL
[2026-03-26 15:06:10] [8/500] ✗ LOK SIN TONG LEE YIN YEE KINDERGARTEN
[2026-03-26 15:06:12] [9/500] ✓ [website] MINK INTERNATIONAL PRE-SCHOOL
[2026-03-26 15:06:28] [10/500] ✗ KIANGSU-CHEKIANG COLLEGE
[2026-03-26 15:06:29] [11/500] ✓ [website] BRADBURY SCHOOL
[2026-03-26 15:06:44] [12/500] ✗ HKFYG CHING LOK KINDERGARTEN
[2026-03-26 15:06:45] [13/500] ✓ [website] PLK GRANDMONT PRIMARY SCHOOL
[2026-03-26 15:06:46] [14/500] ✓ [website] SKH HOLY CROSS PRIMARY SCHOOL
[2026-03-26 15:06:53] [15/500] ✓ [website] LEUNG SHEK CHEE COLLEGE
[2026-03-26 15:06:55] [16/500] ✓ [website] ST ANTONIUS KINDERGARTEN
[2026-03-26 15:08:39] [17/500] ✓ [website] LOU PICHOUN FRENCH KINDERGARTEN
[2026-03-26 15:09:07] [18/500] ✗ YUEN KONG KINDERGARTEN
[2026-03-26 15:09:23] [19/500] ✗ JOYFUL WORLD KINDERGARTEN (SHA TIN)
[2026-03-26 15:09:23] [20/500] ✓ [website] S.K.H. HOLY CARPENTER PRIMARY SCHOOL
[2026-03-26 15:09:23] --- 进度: 20/500 ---
[2026-03-26 15:09:36] [21/500] ✗ HOLY FAMILY CANOSSIAN SCHOOL
[2026-03-26 15:09:48] [22/500] ✓ [website] DISCOVERY BAY INTERNATIONAL SCHOOL
[2026-03-26 15:09:50] [23/500] ✓ [website] ST MARY'S CANOSSIAN COLLEGE
[2026-03-26 15:10:13] [24/500] ✓ [website] PLK MRS VICWOOD KT CHONG KINDERGARTEN
[2026-03-26 15:10:16] [25/500] ✓ [website] ABIDING KINDERGARTEN
[2026-03-26 15:10:28] [26/500] ✗ City University of Hong Kong College of 
[2026-03-26 15:10:30] [27/500] ✓ [website] TIN SHUI WAI METHODIST COLLEGE
[2026-03-26 15:10:45] [28/500] ✓ [website] SHREWSBURY INT'L SCHOOL HK
[2026-03-26 15:10:47] [29/500] ✓ [website] MARYMOUNT PRIMARY SCHOOL
[2026-03-26 15:11:06] [30/500] ✗ CREATIVE KINDERGARTEN (AEGEAN COAST)
[2026-03-26 15:11:35] [31/500] ✗ University of Hong Kong Faculty of Arts
[2026-03-26 15:11:49] [32/500] ✓ [website] CCC KUNG LEE COLLEGE
[2026-03-26 15:11:52] [33/500] ✓ [website] TWGHS LUCINA LAAM HO KINDERGARTEN
[2026-03-26 15:12:05] [34/500] ✗ HONG YING ANGLO-CHINESE KINDERGARTEN
[2026-03-26 15:12:18] [35/500] ✗ LANTAU INTERNATIONAL SCHOOL
[2026-03-26 15:12:44] [36/500] ✗ BO BO NURSERY SCHOOL
[2026-03-26 15:13:05] [37/500] ✗ LOK SIN TONG STEPHEN LEUNG KINDERGARTEN
[2026-03-26 15:13:13] [38/500] ✓ [website] ST. HILARY'S PRIMARY SCHOOL
[2026-03-26 15:13:31] [39/500] ✗ CCC SHUM OI CHURCH KINDERGARTEN
[2026-03-26 15:13:48] [40/500] ✗ PAT HEUNG CENTRAL PRIMARY SCHOOL
[2026-03-26 15:13:48] --- 进度: 40/500 ---
[2026-03-26 15:13:48] [41/500] ✓ [website] TWGHS CHAN HAN NURSERY SCHOOL
[2026-03-26 15:14:18] [42/500] ✗ AOG ST. HILARY'S COLLEGE
[2026-03-26 15:14:48] [43/500] ✗ CARITAS LOK YI SCHOOL
[2026-03-26 15:14:49] [44/500] ✓ [website] PARKVIEW INTERNATIONAL PRE-SCHOOL
[2026-03-26 15:14:56] [45/500] ✓ [website] FANLING ASSEMBLIES OF GOD KINDERGARTEN
[2026-03-26 15:15:30] [46/500] ✗ ZENITH KINDERGARTEN (TSEUNG KWAN O)
[2026-03-26 15:15:47] [47/500] ✗ SKH TSOI KUNG PO SECONDARY SCHOOL
[2026-03-26 15:15:52] [48/500] ✓ [website] HONG CHI LIONS MORNINGHILL SCHOOL
[2026-03-26 15:16:07] [49/500] ✗ SA NORTH POINT NURSERY SCHOOL
[2026-03-26 15:16:07] [50/500] ✓ [website] SHA TAU KOK CENTRAL PRIMARY SCHOOL
[2026-03-26 15:16:31] [51/500] ✓ [website] TWGH LI KA SHING COLLEGE
[2026-03-26 15:17:59] [52/500] ✗ SKH KEI HIN PRIMARY SCHOOL
[2026-03-26 15:18:03] [53/500] ✓ [website] PO LEUNG KUK NGAN PO LING COLLEGE
[2026-03-26 15:18:30] [54/500] ✓ [website] PENTECOSTAL GIN MAO SHENG PRIMARY SCHOOL
[2026-03-26 15:18:41] [55/500] ✗ ELCHK  HING WAH NURSERY SCHOOL
[2026-03-26 15:18:45] [56/500] ✓ [website] PING SHEK ESTATE CATHOLIC PRIMARY SCHOOL
[2026-03-26 15:18:48] [57/500] ✓ [website] PUI CHING PRIMARY SCHOOL
[2026-03-26 15:18:51] [58/500] ✓ [website] CNEC CHRISTIAN KINDERGARTEN
[2026-03-26 15:18:52] [59/500] ✓ [website] ST LORRAINE ENGLISH KINDERGARTEN
[2026-03-26 15:19:08] [60/500] ✗ TWGH HOK SHAN SCHOOL
[2026-03-26 15:19:08] --- 进度: 60/500 ---
[2026-03-26 15:19:22] [61/500] ✗ ST MONICA'S KINDERGARTEN (TSUEN WAN)
[2026-03-26 15:19:24] [62/500] ✓ [website] KING GEORGE V SCHOOL
[2026-03-26 15:19:53] [63/500] ✗ ST FRANCIS' CANOSSIAN SCHOOL
[2026-03-26 15:19:56] [64/500] ✓ [website] EBENEZER SCHOOL
[2026-03-26 15:20:30] [65/500] ✗ TREE OF KNOWLEDGE ACADEMY EDUCATION CTR
[2026-03-26 15:20:55] [66/500] ✗ YORK INTERNATIONAL KINDERGARTEN
[2026-03-26 15:20:56] [67/500] ✓ [website] DEBORAH INT'L PRE-SCHOOL (TSEUNG KWAN O)
[2026-03-26 15:21:00] [68/500] ✓ [website] TUNG CHUNG BAPTIST KINDERGARTEN
[2026-03-26 15:37:36] [69/500] ✓ [website] HKSPC MA TAU CHUNG NURSERY SCHOOL
[2026-03-26 15:37:45] [70/500] ✓ [website] PO LEUNG KUK LAU CHUN KINDERGARTEN
[2026-03-26 15:37:57] [71/500] ✗ MUSLIM COMMUNITY KINDERGARTEN
[2026-03-26 15:38:16] [72/500] ✗ Kowloon Methodist Primary School
[2026-03-26 15:38:17] [73/500] ✓ [website] TIN WAN METHODIST KINDERGARTEN
[2026-03-26 15:38:29] [74/500] ✗ TWGH KWAN FONG KAI CHI SCHOOL
[2026-03-26 15:38:43] [75/500] ✗ YORK INTERNATIONAL PRE-SCHOOL
[2026-03-26 15:54:24] [76/500] ✗ KAM TIN MUNG YEUNG PUBLIC SCHOOL
[2026-03-26 15:54:25] [77/500] ✓ [website] PLK LUK HING TOO PRIMARY SCHOOL
[2026-03-26 15:54:29] [78/500] ✓ [website] PLK TIN KA PING MILLENNIUM PRI SCHOOL
[2026-03-26 15:54:35] [79/500] ✓ [website] YAN CHAI HOSPITAL WING LUNG KINDERGARTEN
[2026-03-26 15:54:38] [80/500] ✓ [website] GARDEN ESTATE BAPTIST NURSERY SCHOOL
[2026-03-26 15:54:38] --- 进度: 80/500 ---
[2026-03-26 15:54:42] [81/500] ✓ [website] APLICHAU KAIFONG PRIMARY SCHOOL
[2026-03-26 15:54:51] [82/500] ✓ [website] LEE KAU YAN MEMORIAL SCHOOL
[2026-03-26 15:54:56] [83/500] ✓ [website] ST MONICA'S ANGLO-CHINESE KINDERGARTEN
[2026-03-26 16:11:02] [84/500] ✗ PUI YING SECONDARY SCHOOL
[2026-03-26 16:11:03] [85/500] ✓ [website] St. Paul's College
[2026-03-26 16:11:17] [86/500] ✗ MKMCF MA CHAN DUEN HEY MEM EV COLLEGE
[2026-03-26 16:11:20] [87/500] ✓ [website] CARITAS LOK JUN SCHOOL
[2026-03-26 16:11:23] [88/500] ✓ [website] KWOK MAN SCHOOL ANGLO-CHINESE KG
[2026-03-26 16:11:27] [89/500] ✓ [website] YAN CHAI HOSPITAL NINA LAM KINDERGARTEN
[2026-03-26 16:11:42] [90/500] ✗ CCC KEI HEEP SECONDARY SCHOOL
[2026-03-26 16:11:52] [91/500] ✓ [website] TWGH WONG FUNG LING COLLEGE
[2026-03-26 16:11:53] [92/500] ✓ [website] BUDDHIST KAM LAI KINDERGARTEN
[2026-03-26 16:11:57] [93/500] ✓ [website] SKH KEI WING PRIMARY SCHOOL
[2026-03-26 16:12:10] [94/500] ✗ KWOK TAK SENG CATHOLIC SECONDARY SCHOOL
[2026-03-26 16:12:38] [95/500] ✗ NEWMAN CATHOLIC COLLEGE
[2026-03-26 16:12:40] [96/500] ✓ [website] STFA WU SIU KUI MEMORIAL PRIMARY SCHOOL
[2026-03-26 16:28:30] [97/500] ✓ [website] SKH KEI TAK PRIMARY SCHOOL
[2026-03-26 16:28:31] [98/500] ✓ [website] JING JING KINDERGARTEN (SHUN LEE BRANCH)
[2026-03-26 16:28:37] [99/500] ✓ [website] ST. LOUIS SCHOOL (PRIMARY SECTION)
[2026-03-26 16:28:39] [100/500] ✓ [website] HONG CHI PINEHILL SCHOOL
[2026-03-26 16:28:39] --- 进度: 100/500 ---
[2026-03-26 16:28:56] [101/500] ✗ ELCHK, HING MAN NURSERY SCHOOL
[2026-03-26 16:28:59] [102/500] ✓ [website] GCEPSA WHAMPOA PRIMARY SCHOOL
[2026-03-26 16:29:03] [103/500] ✓ [website] KOWLOON TONG SCHOOL (SECONDARY SECTION)
[2026-03-26 16:29:33] [104/500] ✗ LUI CHEUNG KWONG LUTHERAN COLLEGE
[2026-03-26 16:29:56] [105/500] ✓ [website] WA YING COLLEGE
[2026-03-26 16:30:02] [106/500] ✓ [website] PLK KAM HING KINDERGARTEN
[2026-03-26 16:30:36] [107/500] ✗ ST DOMINIC ANGLO-CHINESE KINDERGARTEN
[2026-03-26 16:31:01] [108/500] ✓ [website] NORTHERN LAMMA SCHOOL
[2026-03-26 16:31:06] [109/500] ✓ [website] LITTLE NEWTON ANGLO-CHINESE KINDERGARTEN
[2026-03-26 16:31:13] [110/500] ✓ [website] PO LEUNG KUK KIM HUYNH KINDERGARTEN
[2026-03-26 16:31:21] [111/500] ✓ [website] YAN CHAI HOSPITAL YAU OI KINDERGARTEN
[2026-03-26 16:31:46] [112/500] ✗ ST PETER'S SECONDARY SCHOOL
[2026-03-26 16:32:02] [113/500] ✗ St. Joseph's College
[2026-03-26 16:32:08] [114/500] ✓ [website] YAN TAK CATHOLIC PRIMARY SCHOOL
[2026-03-26 16:32:10] [115/500] ✓ [website] SHAUKIWAN TSUNG TSIN SCHOOL
[2026-03-26 16:32:14] [116/500] ✓ [website] YAN OI TONG LAU WONG FAT KINDERGARTEN
[2026-03-26 16:32:15] [117/500] ✓ [website] CHOI HA ESTATE KIT SAM KINDERGARTEN
[2026-03-26 16:32:19] [118/500] ✓ [website] LA PETITE ENFANCE KINDERGARTEN
[2026-03-26 16:32:21] [119/500] ✓ [website] MIGHTY OAKS INTERNATIONAL KINDERGARTEN
[2026-03-26 16:32:22] [120/500] ✓ [website] FUKIEN SECONDARY SCHOOL (SIU SAI WAN)
[2026-03-26 16:32:22] --- 进度: 120/500 ---
[2026-03-26 16:32:35] [121/500] ✗ CARITAS JOCKEY CLUB LOK YAN SCHOOL
[2026-03-26 16:32:38] [122/500] ✓ [website] CCC MING KEI COLLEGE
[2026-03-26 16:33:06] [123/500] ✗ BGCAHK CHEERLAND KINDERGARTEN (WANCHAI)
[2026-03-26 16:33:09] [124/500] ✓ [website] ST MATTHEW'S CHURCH KINDERGARTEN
[2026-03-26 16:33:10] [125/500] ✓ [website] HKRSS TAI PO SECONDARY SCHOOL
[2026-03-26 16:33:11] [126/500] ✓ [website] SKH TSANG SHIU TIM SECONDARY SCHOOL
[2026-03-26 16:33:28] [127/500] ✗ SACRED HEART CANOSSIAN SCHOOL
[2026-03-26 16:33:42] [128/500] ✗ HOLY CROSS LUTHERAN EVENING COLLEGE
[2026-03-26 16:33:47] [129/500] ✓ [website] TWGHS CHOW YIN SUM PRIMARY SCHOOL
[2026-03-26 16:33:59] [130/500] ✗ MAY NGA KINDERGARTEN
[2026-03-26 16:34:10] [131/500] ✗ BILOK ANGLO-CHINESE KINDERGARTEN
[2026-03-26 16:34:13] [132/500] ✓ [website] CARMEL SECONDARY SCHOOL
[2026-03-26 16:34:15] [133/500] ✓ [website] TAI PO RHENISH CHURCH KINDERGARTEN
[2026-03-26 16:34:27] [134/500] ✗ YORK INTERNATIONAL PRE-SCHOOL (TUEN MUN)
[2026-03-26 16:34:28] [135/500] ✓ [website] MEI LAM ESTATE TO KWONG KINDERGARTEN
[2026-03-26 16:34:30] [136/500] ✓ [website] GRACE CHRISTIAN ACADEMY
[2026-03-26 16:34:31] [137/500] ✓ [website] ST THOMAS' CATHOLIC KINDERGARTEN
[2026-03-26 16:34:46] [138/500] ✗ SALESIAN YIP HON PRIMARY SCHOOL
[2026-03-26 16:34:54] [139/500] ✓ [website] PO LEUNG KUK WONG SIU CHING KINDERGARTEN
[2026-03-26 16:35:06] [140/500] ✗ HKCS TIMES NURSERY SCHOOL
[2026-03-26 16:35:06] --- 进度: 140/500 ---
[2026-03-26 16:35:56] [141/500] ✗ CARITAS LOK KAN SCHOOL
[2026-03-26 16:36:27] [142/500] ✗ TAI PO OLD MARKET PUBLIC SCHOOL
[2026-03-26 16:36:31] [143/500] ✓ [website] YEW CHUNG INTL SCH - SECONDARY
[2026-03-26 16:37:00] [144/500] ✗ CHAN'S CREATIVE SCHOOL
[2026-03-26 16:37:11] [145/500] ✗ LKWFS WONG YIU NAM PRIMARY SCHOOL
[2026-03-26 16:37:14] [146/500] ✓ [website] ALLIANCE KINDERGARTEN
[2026-03-26 16:37:14] [147/500] ✓ [website] ST JAMES CATHOLIC KINDERGARTEN
[2026-03-26 16:37:17] [148/500] ✓ [website] AGNES ENGLISH KINDERGARTEN
[2026-03-26 16:37:22] [149/500] ✓ [website] ST ANTHONY'S SCHOOL
[2026-03-26 16:37:23] [150/500] ✓ [website] PLK TONG NAI KAN JUNIOR SEC COLLEGE
[2026-03-26 16:37:24] [151/500] ✓ [website] REGENT'S KINDERGARTEN (BRANCH SCHOOL)
[2026-03-26 16:37:25] [152/500] ✓ [website] BEACON HILL SCHOOL
[2026-03-26 16:37:32] [153/500] ✓ [website] BISHOP HALL JUBILEE SCHOOL
[2026-03-26 16:37:45] [154/500] ✗ YAU YAT CHUEN SCHOOL
[2026-03-26 16:37:45] [155/500] ✓ [website] PARKVIEW PRE-SCHOOL (LOHAS)
[2026-03-26 16:38:00] [156/500] ✗ MARY OF PROVIDENCE PRIMARY SCHOOL
[2026-03-26 16:38:02] [157/500] ✓ [website] TIVOLI ANGLO-CHINESE KINDERGARTEN
[2026-03-26 16:38:03] [158/500] ✓ [website] JUNK BAY KINGSLAND KINDERGARTEN
[2026-03-26 16:41:19] [159/500] ✓ [website] HK RED CROSS PRINCESS ALEXANDRA SCHOOL
[2026-03-26 16:41:31] [160/500] ✗ KA FUK BAPTIST CHURCH PRE-SCHOOL
[2026-03-26 16:41:31] --- 进度: 160/500 ---
[2026-03-26 16:41:52] [161/500] ✓ [website] CCC MONG MAN WAI COLLEGE
[2026-03-26 16:56:15] [162/500] ✗ LEARNING HABITAT KINDERGARTEN (OLYMPIC)
[2026-03-26 16:56:22] [163/500] ✓ [website] TYYI CHAN KWOK CHIU HING TAK PRIMARY SCH
[2026-03-26 16:56:51] [164/500] ✗ SKH ALL SAINTS' MIDDLE SCHOOL
[2026-03-26 16:56:53] [165/500] ✓ [website] ELITE KIDS ANGLO-CHINESE KINDERGARTEN
[2026-03-26 16:56:54] [166/500] ✓ [website] STFA YUNG YAU COLLEGE
[2026-03-26 16:56:56] [167/500] ✓ [website] CNEC CHRISTIAN COLLEGE
[2026-03-26 16:57:15] [168/500] ✗ TAOIST CHING CHUNG PRIMARY SCHOOL
[2026-03-26 16:57:17] [169/500] ✓ [website] HOP YAT CHURCH SCHOOL
[2026-03-26 16:57:18] [170/500] ✓ [website] TAK SUN SECONDARY SCHOOL
[2026-03-26 16:57:21] [171/500] ✓ [website] YAN CHAI HOSPITAL MING TAK KINDERGARTEN
[2026-03-26 16:57:23] [172/500] ✓ [website] NTW&JWA L CHEUNG FAT NURSERY SCHOOL
[2026-03-26 16:57:24] [173/500] ✓ [website] SHA TIN METHODIST PRIMARY SCHOOL
[2026-03-26 16:57:36] [174/500] ✓ [website] CHRIST COLLEGE
[2026-03-26 16:57:40] [175/500] ✓ [website] ST EUGENE DE MAZENOD OBLATE PRIMARY SCH
[2026-03-26 16:57:40] [176/500] ✓ [website] TWGHS FONG LAI MING NURSERY SCHOOL
[2026-03-26 16:57:43] [177/500] ✓ [website] KORNHILL VICTORIA KINDERGARTEN
[2026-03-26 16:57:44] [178/500] ✓ [website] TWGHS  HUNG WONG KAR GEE NURSERY SCHOOL
[2026-03-26 16:57:45] [179/500] ✓ [website] HOLY FAMILY SCHOOL
[2026-03-26 16:57:46] [180/500] ✓ [website] KWAI SHING RHENISH CHURCH KINDERGARTEN
[2026-03-26 16:57:46] --- 进度: 180/500 ---
[2026-03-26 16:57:48] [181/500] ✓ [website] NTW&JWA L POK HONG NURSERY SCHOOL
[2026-03-26 16:58:32] [182/500] ✗ YCH CHOI HIN TO PRIMARY SCHOOL
[2026-03-26 16:58:40] [183/500] ✓ [website] ISLAND SCHOOL
[2026-03-26 16:58:48] [184/500] ✓ [website] TA KU LING LING YING PUBLIC SCHOOL
[2026-03-26 16:58:51] [185/500] ✓ [website] STFA LEE SHAU KEE COLLEGE
[2026-03-26 16:58:52] [186/500] ✓ [website] NG WAH CATHOLIC SECONDARY SCHOOL
[2026-03-26 16:58:54] [187/500] ✓ [website] NAM YING KINDERGARTEN
[2026-03-26 16:59:00] [188/500] ✓ [website] FU YIU KINDERGARTEN
[2026-03-26 16:59:02] [189/500] ✓ [website] STEWARDS POOI YAN KINDERGARTEN
[2026-03-26 16:59:03] [190/500] ✓ [website] YIU WING ANGLO-CHINESE KINDERGARTEN
[2026-03-26 16:59:27] [191/500] ✗ CARITAS RESURRECTION SCHOOL
[2026-03-26 16:59:27] [192/500] ✓ [website] VALTORTA COLLEGE
[2026-03-26 16:59:39] [193/500] ✗ SA TIN KA PING KINDERGARTEN
[2026-03-26 16:59:41] [194/500] ✓ [website] MING WAI INTERNATIONAL KINDERGARTEN
[2026-03-26 16:59:44] [195/500] ✓ [website] ST VINCENT DE PAUL NURSERY SCHOOL
[2026-03-26 16:59:57] [196/500] ✗ TWGH WONG FUT NAM COLLEGE
[2026-03-26 17:00:11] [197/500] ✗ HEEP YUNN SCHOOL PRIVATE KINDERGARTEN
[2026-03-26 17:00:37] [198/500] ✗ ANFIELD ST. BOSCO KOON YING SCHOOL
[2026-03-26 17:00:40] [199/500] ✓ [website] KOWLOON JUNIOR SCHOOL
[2026-03-26 17:00:54] [200/500] ✗ SHIN YAT TONG ON YAT KINDERGARTEN
[2026-03-26 17:00:54] --- 进度: 200/500 ---
[2026-03-26 17:01:21] [201/500] ✗ LUI CHEUNG KWONG LUTHERAN PRIMARY SCHOOL
[2026-03-26 17:01:26] [202/500] ✓ [website] CHIU LUT SAU MEMORIAL SECONDARY SCHOOL
[2026-03-26 17:01:29] [203/500] ✓ [website] KWUN TONG GOVERNMENT PRIMARY SCHOOL
[2026-03-26 17:01:32] [204/500] ✓ [website] NORWEGIAN INTERNATIONAL  SCHOOL
[2026-03-26 17:01:33] [205/500] ✓ [website] PARKVIEW RHINE GARDEN PRE-SCHOOL
[2026-03-26 17:01:39] [206/500] ✓ [website] SHEMA ACADEMY
[2026-03-26 17:01:50] [207/500] ✗ HKCS TAI HANG TUNG NURSERY SCHOOL
[2026-03-26 17:01:56] [208/500] ✓ [website] SRBCEPSA HO SAU KI SCHOOL
[2026-03-26 17:02:00] [209/500] ✓ [website] PLK VICWOOD CHONG KEE TING KINDERGARTEN
[2026-03-26 17:02:02] [210/500] ✓ [website] THINK INTERNATIONAL KINDERGARTEN
[2026-03-26 17:02:09] [211/500] ✓ [website] TWGH TANG SHIU KIN PRIMARY SCHOOL
[2026-03-26 17:02:26] [212/500] ✗ LAM TIN LING LIANG KINDERGARTEN
[2026-03-26 17:02:35] [213/500] ✓ [website] CANNAN KINDERGARTEN (TSEUNG KWAN O)
[2026-03-26 17:02:42] [214/500] ✓ [website] ST ANTONIUS GIRLS' COLLEGE
[2026-03-26 17:02:48] [215/500] ✓ [website] BUDDHIST HUNG SEAN CHAU MEMORIAL COLLEGE
[2026-03-26 17:02:52] [216/500] ✓ [website] PO LEUNG KUK YIP NG BUN BUN KINDERGARTEN
[2026-03-26 17:02:53] [217/500] ✓ [website] CASTAR KINDERGARTEN (LEI MUK SHUE)
[2026-03-26 17:03:07] [218/500] ✓ [website] ABC PATHWAYS SCHOOL (KORNHILL)
[2026-03-26 17:03:08] [219/500] ✓ [website] CLEMENT KINDERGARTEN
[2026-03-26 17:03:12] [220/500] ✓ [website] HKYWCA SHIU PONG NURSERY SCHOOL
[2026-03-26 17:03:12] --- 进度: 220/500 ---
[2026-03-26 17:03:35] [221/500] ✗ SKH KOWLOON BAY KEI LOK PRIMARY SCHOOL
[2026-03-26 17:03:38] [222/500] ✓ [website] CCC HOH FUK TONG PRIMARY SCHOOL
[2026-03-26 17:03:58] [223/500] ✗ PO LEUNG KUK CHOI KAI YAU SCHOOL
[2026-03-26 17:04:00] [224/500] ✓ [website] YUEN YUEN KINDERGARTEN (TIN YAT ESTATE)
[2026-03-26 17:04:03] [225/500] ✓ [website] FUNG KAI LIU YUN-SUM MEMORIAL SCHOOL
[2026-03-26 17:04:07] [226/500] ✓ [website] YLPMSAA TANG SIU TONG SECONDARY SCHOOL
[2026-03-26 17:04:21] [227/500] ✓ [website] PLK TIN KA PING PRIMARY SCHOOL
[2026-03-26 17:05:24] [228/500] ✓ [website] FORTRESS HILL METHODIST SECONDARY SCHOOL
[2026-03-26 17:06:12] [229/500] ✓ [website] AD&FDPOHL LEUNG SING TAK COLLEGE
[2026-03-26 17:06:27] [230/500] ✗ INTL CHR QUALITY MUSIC SEC & PRI SCHOOL
[2026-03-26 17:06:30] [231/500] ✓ [website] TSZ WAN SHAN CATHOLIC PRIMARY SCHOOL
[2026-03-26 17:06:42] [232/500] ✗ CCC TAI O PRIMARY SCHOOL
[2026-03-26 17:06:55] [233/500] ✗ ABC PATHWAYS SCHOOL (KOWLOON TONG)
[2026-03-26 17:06:56] [234/500] ✓ [website] TSUEN WAN OUR LADY KINDERGARTEN
[2026-03-26 17:07:16] [235/500] ✗ RIVIERA FUNFUL KINDERGARTEN
[2026-03-26 17:07:29] [236/500] ✓ [website] BISHOP FORD MEMORIAL SCHOOL
[2026-03-26 17:07:38] [237/500] ✓ [website] CCC CHUEN YUEN FIRST PRI SCHOOL
[2026-03-26 17:07:52] [238/500] ✗ CHIU YANG KINDERGARTEN
[2026-03-26 17:08:03] [239/500] ✗ BENEVOLENT LIGHT KINDERGARTEN
[2026-03-26 17:08:07] [240/500] ✓ [website] FOREST HOUSE WALDORF SCHOOL
[2026-03-26 17:08:07] --- 进度: 240/500 ---
[2026-03-26 17:08:09] [241/500] ✓ [website] SAU MAU PING CATHOLIC PRIMARY SCHOOL
[2026-03-26 17:08:23] [242/500] ✗ SA CHAN KWAN TUNG KINDERGARTEN
[2026-03-26 17:08:24] [243/500] ✓ [website] ELEGANTIA COLLEGE (SPONSORED BY ED CONV)
[2026-03-26 17:08:26] [244/500] ✓ [website] DISCOVERY MIND KINDERGARTEN (TUNG CHUNG)
[2026-03-26 17:08:27] [245/500] ✓ [website] PLK C W CHU COLLEGE
[2026-03-26 17:08:32] [246/500] ✓ [website] CHING CHUNG WU KING KINDERGARTEN
[2026-03-26 17:08:46] [247/500] ✓ [website] PUI TAK CANOSSIAN COLLEGE
[2026-03-26 17:08:51] [248/500] ✓ [website] LOK WAH CATHOLIC PRIMARY SCHOOL
[2026-03-26 17:08:58] [249/500] ✓ [website] CCC KEI FAAT PRIMARY SCHOOL (YAU TONG)
[2026-03-26 17:09:06] [250/500] ✓ [website] CARITAS NURSERY SCHOOL - TSUI LAM
[2026-03-26 17:09:08] [251/500] ✓ [website] BAPTIST LUI MING CHOI SECONDARY SCHOOL
[2026-03-26 17:09:09] [252/500] ✓ [website] CCC KEI CHUN KINDERGARTEN
[2026-03-26 17:09:22] [253/500] ✗ ANCHORS ACADEMY AFFILIATED INT KG
[2026-03-26 17:09:24] [254/500] ✓ [website] NORD ANGLIA INT'L PRE-SCHOOL (SAI KUNG)
[2026-03-26 17:09:28] [255/500] ✓ [website] ST FRANCIS OF ASSISI'S COLLEGE
[2026-03-26 17:09:55] [256/500] ✗ IU SHAN SCHOOL
[2026-03-26 17:10:01] [257/500] ✓ [website] TAI PO BAPTIST PUBLIC SCHOOL
[2026-03-26 17:10:04] [258/500] ✓ [website] TIVOLI KINDERGARTEN (CHING FU)
[2026-03-26 17:10:04] [259/500] ✓ [website] ST LOUIS SCHOOL
[2026-03-26 17:10:13] [260/500] ✓ [website] FANLING LUTHERAN SECONDARY SCHOOL
[2026-03-26 17:10:13] --- 进度: 260/500 ---
[2026-03-26 17:10:13] [261/500] ✓ [website] ST PETER'S CATHOLIC PRIMARY SCHOOL
[2026-03-26 17:10:37] [262/500] ✓ [website] LEAPFROG KINDERGARTEN
[2026-03-26 17:10:41] [263/500] ✓ [website] PLK LEE SHING PIK COLLEGE
[2026-03-26 17:10:54] [264/500] ✗ LIONS CLUBS INT TSEUNG CHUI KING COLLEGE
[2026-03-26 17:10:58] [265/500] ✓ [website] CARITAS MA ON SHAN SECONDARY SCHOOL
[2026-03-26 17:11:00] [266/500] ✓ [website] STFA LEUNG KIT WAH PRIMARY SCHOOL
[2026-03-26 17:11:23] [267/500] ✗ TIN SHUI WAI CATHOLIC PRIMARY SCHOOL
[2026-03-26 17:11:37] [268/500] ✗ MUI WO SCHOOL
[2026-03-26 17:11:38] [269/500] ✓ [website] KWONG MING SCHOOL
[2026-03-26 17:11:38] [270/500] ✓ [website] S.K.H. TSEUNG KWAN O KEI TAK PRIMARY SCH
[2026-03-26 17:11:51] [271/500] ✗ CCC MONGKOK CHURCH KAI OI SCHOOL
[2026-03-26 17:11:55] [272/500] ✓ [website] CHINESE INTERNATIONAL SCHOOL
[2026-03-26 17:11:58] [273/500] ✓ [website] St. Francis Canossian College
[2026-03-26 17:12:02] [274/500] ✓ [website] YAN OI TONG NGAN PO LING KINDERGARTEN
[2026-03-26 17:12:14] [275/500] ✓ [website] KING LING COLLEGE
[2026-03-26 17:12:27] [276/500] ✗ C&MA CHURCH VERBENA KINDERGARTEN
[2026-03-26 17:12:28] [277/500] ✓ [website] BEVERLY ANGLO-CHINESE KINDERGARTEN
[2026-03-26 17:12:31] [278/500] ✓ [website] TACK CHING KINDERGARTEN
[2026-03-26 17:12:58] [279/500] ✗ MOE KINDERGARTEN
[2026-03-26 17:13:12] [280/500] ✗ KWUN TONG GOVERNMENT SECONDARY SCHOOL
[2026-03-26 17:13:12] --- 进度: 280/500 ---
[2026-03-26 17:13:19] [281/500] ✓ [website] LEE CHI TAT MEMORIAL SCHOOL
[2026-03-26 17:13:31] [282/500] ✗ TWGHS GINNY MAN KINDERGARTEN
[2026-03-26 17:13:58] [283/500] ✗ OBLATE PRIMARY SCHOOL
[2026-03-26 17:14:10] [284/500] ✗ JU CHING CHU SECONDARY SCHOOL (TUEN MUN)
[2026-03-26 17:14:23] [285/500] ✗ CHAN'S CREATIVE KINDERGARTEN
[2026-03-26 17:14:27] [286/500] ✓ [website] HHCKLA BUDDHIST CHING KOK LIN ASS SCHOOL
[2026-03-26 17:14:31] [287/500] ✓ [website] SKH LI FOOK HING SECONDARY SCHOOL
[2026-03-26 17:14:44] [288/500] ✗ LUI CHEUNG KWONG LUTHERAN KINDERGARTEN
[2026-03-26 17:14:47] [289/500] ✓ [website] CANADIAN INTERNATIONAL SCHOOL
[2026-03-26 17:15:10] [290/500] ✗ ELCHK HUNG HOM LUTHERAN PRIMARY SCHOOL
[2026-03-26 17:15:16] [291/500] ✓ [website] LEI MUK SHUE CATHOLIC PRIMARY SCHOOL
[2026-03-26 17:15:18] [292/500] ✓ [website] LEUNG KUI KAU LUTHERAN PRIMARY SCHOOL
[2026-03-26 17:15:31] [293/500] ✗ ELCHK, MA TAU WAI NURSERY SCHOOL
[2026-03-26 17:15:42] [294/500] ✗ ELCHK  KIN MING NURSERY SCHOOL
[2026-03-26 17:15:54] [295/500] ✗ WONG TAI SIN GOVERNMENT PRIMARY SCH
[2026-03-26 17:15:56] [296/500] ✓ [website] FUN CREATIVE KINDERGARTEN
[2026-03-26 17:16:08] [297/500] ✗ TRUTH BAPTIST CHURCH GRACE KINDERGARTEN
[2026-03-26 17:16:19] [298/500] ✓ [website] YUEN LONG SAM YUK KINDERGARTEN
[2026-03-26 17:16:36] [299/500] ✗ MANHABIT KINDERGARTEN
[2026-03-26 17:16:51] [300/500] ✓ [website] PLK MR & MRS CHARLIE LEE KINDERGARTEN
[2026-03-26 17:16:51] --- 进度: 300/500 ---
[2026-03-26 17:17:12] [301/500] ✗ LONG PING ESTATE SING YAN KINDERGARTEN
[2026-03-26 17:17:14] [302/500] ✓ [website] CHAN MUNG YAN LUTHERAN KINDERGARTEN
[2026-03-26 17:17:26] [303/500] ✗ WAI PENG KINDERGARTEN SCHOOL
[2026-03-26 17:17:27] [304/500] ✓ [website] ST PAUL'S KINDERGARTEN
[2026-03-26 17:17:30] [305/500] ✓ [website] SKH WING CHUN PRIMARY SCHOOL
[2026-03-26 17:17:33] [306/500] ✓ [website] LST LEUNG KAU KUI PRIMARY SCHOOL (BR)
[2026-03-26 17:17:35] [307/500] ✓ [website] SHEUNG SHUI RHENISH CHURCH KINDERGARTEN
[2026-03-26 17:17:48] [308/500] ✗ C&MA FAIRVIEW PARK KINDERGARTEN
[2026-03-26 17:18:00] [309/500] ✗ CCC FONG YUN WAH SECONDARY SCHOOL
[2026-03-26 17:18:15] [310/500] ✗ PLK VICWOOD KT CHONG SIXTH FORM COLLEGE
[2026-03-26 17:18:37] [311/500] ✗ KIANGSU-CHEKIANG COLLEGE (SHATIN)
[2026-03-26 17:18:43] [312/500] ✓ [website] HENRIETTA SECONDARY SCHOOL
[2026-03-26 17:19:01] [313/500] ✗ St. Clare's Primary School
[2026-03-26 17:19:02] [314/500] ✓ [website] SKH KEI OI PRIMARY SCHOOL
[2026-03-26 17:19:10] [315/500] ✓ [website] CNEC TA TUNG SCHOOL
[2026-03-26 17:19:38] [316/500] ✗ LAM TAI FAI COLLEGE
[2026-03-26 17:19:44] [317/500] ✓ [website] SKH ST JOSEPH'S PRIMARY SCHOOL
[2026-03-26 17:19:50] [318/500] ✓ [website] SKH LAM KAU MOW SECONDARY SCHOOL
[2026-03-26 17:20:04] [319/500] ✗ CCC KEI TSUN PRIMARY SCHOOL
[2026-03-26 17:20:07] [320/500] ✓ [website] CHRISTIAN LITTLE TREE KINDERGARTEN
[2026-03-26 17:20:07] --- 进度: 320/500 ---
[2026-03-26 17:20:19] [321/500] ✗ ELCHK  GRACE NURSERY SCHOOL
[2026-03-26 17:20:39] [322/500] ✗ GERTRUDE SIMON LUTHERAN EVENING COLLEGE
[2026-03-26 17:20:40] [323/500] ✓ [website] SALVATION ARMY SHEK WU SCHOOL
[2026-03-26 17:20:41] [324/500] ✓ [website] PAOC KA CHI SECONDARY SCHOOL
[2026-03-26 17:21:02] [325/500] ✗ TSEUNG KWAN O METHODIST KINDERGARTEN
[2026-03-26 17:21:02] [326/500] ✓ [website] ST STEPHEN'S CHURCH COLLEGE
[2026-03-26 17:21:05] [327/500] ✓ [website] RHENISH MISSION SCHOOL
[2026-03-26 17:21:24] [328/500] ✗ ST PAUL'S COLLEGE
[2026-03-26 17:21:52] [329/500] ✗ HKSKH TUNG CHUNG NURSERY SCHOOL
[2026-03-26 17:21:56] [330/500] ✓ [website] TWGH LIU YAN TAK MEMORIAL KINDERGARTEN
[2026-03-26 17:22:11] [331/500] ✗ SKH GOOD SHEPHERD PRIMARY SCHOOL
[2026-03-26 17:22:45] [332/500] ✓ [website] HKTA TANG HIN MEMORIAL SECONDARY SCHOOL
[2026-03-26 17:23:43] [333/500] ✗ ZENITH ENGLISH PRIMARY SCHOOL
[2026-03-26 17:23:44] [334/500] ✓ [website] SHEK WU HUI PUBLIC SCHOOL
[2026-03-26 17:23:48] [335/500] ✓ [website] CCC HEEP WOH PRIMARY SCHOOL
[2026-03-26 17:24:11] [336/500] ✗ SRBCEPSA LU KWONG FAI MEMORIAL SCHOOL
[2026-03-26 17:24:13] [337/500] ✓ [website] BELILIOS PUBLIC SCHOOL
[2026-03-26 17:24:25] [338/500] ✓ [website] VNSAA ST. HILARY'S SCHOOL
[2026-03-26 17:24:28] [339/500] ✓ [website] KA LING SCHOOL OF THE PRECIOUS BLOOD
[2026-03-26 17:24:47] [340/500] ✗ KIN SANG LUTHERAN KINDERGARTEN
[2026-03-26 17:24:47] --- 进度: 340/500 ---
[2026-03-26 17:25:01] [341/500] ✓ [website] SILVERMINE BAY SCHOOL
[2026-03-26 17:25:03] [342/500] ✓ [website] NEW ASIA ARTS AND BUSINESS COLLEGE
[2026-03-26 17:25:11] [343/500] ✓ [website] CARITAS ST FRANCIS KINDERGARTEN
[2026-03-26 17:25:13] [344/500] ✓ [website] SKH LEE SHIU KEUNG PRIMARY SCHOOL
[2026-03-26 17:25:43] [345/500] ✗ HKSKH HA SUI WAN NURSERY SCHOOL
[2026-03-26 17:25:55] [346/500] ✗ YORK ENGLISH & CHINESE KINDERGARTEN
[2026-03-26 17:26:09] [347/500] ✗ ST FRANCIS' CANOSSIAN COLLEGE
[2026-03-26 17:26:22] [348/500] ✗ HKWMA CHU SHEK LUN SECONDARY SCHOOL
[2026-03-26 17:26:35] [349/500] ✓ [website] AP SCHOOL
[2026-03-26 17:26:49] [350/500] ✓ [website] TAI PO GOVERNMENT PRIMARY SCHOOL
[2026-03-26 17:27:03] [351/500] ✗ HKSPC LAM WOO NURSERY SCHOOL
[2026-03-26 17:27:05] [352/500] ✓ [website] CREATIVE PRIMARY SCHOOL'S KG
[2026-03-26 17:27:21] [353/500] ✗ THE ELCHK FAITH LUTHERAN SCHOOL
[2026-03-26 17:27:49] [354/500] ✗ HK SHENG KUNG HUI KEI OI NURSERY SCHOOL
[2026-03-26 17:28:00] [355/500] ✗ Holy Innocents' High School
[2026-03-26 17:28:16] [356/500] ✗ HEEP YUNN SCHOOL
[2026-03-26 17:28:20] [357/500] ✓ [website] PLK FONG WONG WOON TAI KINDERGARTEN
[2026-03-26 17:28:32] [358/500] ✗ CHOI JUN SCHOOL
[2026-03-26 17:28:40] [359/500] ✓ [website] PROSPEROUS GARDEN BAPTIST NURSERY SCHOOL
[2026-03-26 17:28:45] [360/500] ✓ [website] IMMACULATE HEART OF MARY KINDERGARTEN
[2026-03-26 17:28:45] --- 进度: 360/500 ---
[2026-03-26 17:29:17] [361/500] ✓ [website] CCC HOH FUK TONG COLLEGE
[2026-03-26 17:29:30] [362/500] ✓ [website] KOWLOON CITY BAPTIST CHURCH KINDERGARTEN
[2026-03-26 17:29:42] [363/500] ✗ PLK LAW'S FOUNDATION SCHOOL
[2026-03-26 17:30:38] [364/500] ✗ SKH KEI YAN PRIMARY SCHOOL
[2026-03-26 17:30:43] [365/500] ✓ [website] ST ROSE OF LIMA'S SCHOOL
[2026-03-26 17:30:49] [366/500] ✓ [website] CHRISTIAN ALLIANCE INTERNATIONAL SCHOOL
[2026-03-26 17:32:30] [367/500] ✓ [website] YCH HO SIK NAM PRIMARY SCHOOL
[2026-03-26 17:32:46] ============================================================
[2026-03-26 17:32:46] 优化版校徽批量抓取 v2
[2026-03-26 17:32:46] ============================================================
[2026-03-26 17:32:46] 处理学校数量: 200
[2026-03-26 17:33:15] [1/200] ✗ FUKIEN SECONDARY SCHOOL AFFILIATED SCH
[2026-03-26 17:33:20] [368/500] ✗ BUI O PUBLIC SCHOOL
[2026-03-26 17:33:20] [369/500] ✓ [website] STAR OF THE SEA CATHOLIC KINDERGARTEN
[2026-03-26 17:33:21] [370/500] ✓ [website] ST STEPHEN'S COLLEGE PREPARATORY SCHOOL
[2026-03-26 17:33:26] [2/200] ✗ ELCHK  LING ON NURSERY SCHOOL
[2026-03-26 17:33:38] [3/200] ✗ YCH CHOI HIN TO PRIMARY SCHOOL
[2026-03-26 17:33:43] [371/500] ✗ CHRISTIAN ALLIANCE COLLEGE
[2026-03-26 17:33:54] [4/200] ✗ TWGH HOK SHAN SCHOOL
[2026-03-26 17:33:56] [5/200] ✓ [website] STFA TM LEUNG LEE SAU YU KINDERGARTEN
[2026-03-26 17:33:59] [6/200] ✓ [website] ST MARK'S CHURCH BRADBURY KINDERGARTEN
[2026-03-26 17:34:02] [372/500] ✗ CARMEL LEUNG SING TAK SCHOOL
[2026-03-26 17:34:03] [373/500] ✓ [website] SKH LI PING SECONDARY SCHOOL
[2026-03-26 17:34:10] [7/200] ✗ TAI PO OLD MARKET PUBLIC SCHOOL
[2026-03-26 17:34:25] [8/200] ✗ C&MA CHURCH VERBENA KINDERGARTEN
[2026-03-26 17:34:31] [374/500] ✗ FDBWA CHOW CHIN YAU SCHOOL
[2026-03-26 17:34:34] [375/500] ✓ [website] TUEN MUN CATHOLIC SECONDARY SCHOOL
[2026-03-26 17:34:46] [9/200] ✓ [website] SMART KIDS ANGLO-CHINESE KINDERGARTEN
[2026-03-26 17:34:49] [10/200] ✓ [website] SMKMCF MA KO PAN MEM COLLEGE
[2026-03-26 17:34:54] [376/500] ✗ LOCK TAO CHRISTIAN KINDERGARTEN
[2026-03-26 17:35:16] [377/500] ✗ CREATIVE KINDERGARTEN (TUEN MUN BRANCH)
[2026-03-26 17:35:17] [378/500] ✓ [website] BUDDHIST WONG CHEUK UM PRIMARY SCHOOL
[2026-03-26 17:35:21] [379/500] ✓ [website] TUNG WAN MOK LAW SHUI WAH SCHOOL
[2026-03-26 17:35:25] [11/200] ✗ SACRED HEART CANOSSIAN COLLEGE
[2026-03-26 17:35:28] [380/500] ✓ [website] PLK HORIZON EAST PRIMARY SCHOOL
[2026-03-26 17:35:28] --- 进度: 380/500 ---
[2026-03-26 17:35:30] [12/200] ✓ [website] TWGH LI CHI HO PRIMARY SCHOOL
[2026-03-26 17:35:31] [13/200] ✓ [website] YUEN YUEN KINDERGARTEN (PING TIN ESTATE)
[2026-03-26 17:35:48] [381/500] ✓ [website] LAM TIN METHODIST PRIMARY SCHOOL
[2026-03-26 17:35:48] [382/500] ✓ [website] CHEUNG CHAU SACRED HEART KINDERGARTEN
[2026-03-26 17:35:54] [14/200] ✓ [website] WALL STREET ENGLISH SCHOOL (TSUEN WAN)
[2026-03-26 17:36:10] [15/200] ✓ [website] PO LEUNG KUK CHI PUI KINDERGARTEN
[2026-03-26 17:36:16] [383/500] ✗ HONG CHI MORNINGHILL SCHOOL, TSUI LAM
[2026-03-26 17:36:17] [384/500] ✓ [website] KING'S COLLEGE
[2026-03-26 17:36:20] [385/500] ✓ [website] FARM ROAD GOVERNMENT PRIMARY SCHOOL
[2026-03-26 17:36:21] [386/500] ✓ [website] ST STEPHEN'S CATHOLIC KINDERGARTEN
[2026-03-26 17:36:22] [16/200] ✗ MARYKNOLL FATHERS' SCHOOL
[2026-03-26 17:36:26] [17/200] ✓ [website] LOK SIN TONG YU KAN HING SEC SCHOOL
[2026-03-26 17:36:27] [387/500] ✓ [website] SUN ISLAND KINDERGARTEN (TUNG CHUNG BR)
[2026-03-26 17:36:31] [388/500] ✓ [website] CANOSSA PRIMARY SCHOOL
[2026-03-26 17:36:34] [18/200] ✓ [website] PLK LAM TING LAI LING KINDERGARTEN
[2026-03-26 17:36:43] [389/500] ✗ WAYFOONG NURSERY SCHOOL
[2026-03-26 17:36:45] [19/200] ✓ [website] ST STEPHEN'S GIRLS' COLLEGE KINDERGARTEN
[2026-03-26 17:36:45] [390/500] ✓ [website] MARYKNOLL SECONDARY SCHOOL
[2026-03-26 17:36:51] [391/500] ✓ [website] TWGH YAU TZE TIN MEM COLLEGE
[2026-03-26 17:36:51] [20/200] ✓ [website] ALLIANCE PRIMARY SCHOOL KOWLOON TONG
[2026-03-26 17:36:51] --- 进度: 20/200 ---
[2026-03-26 17:37:03] [392/500] ✗ Cheung Chau College
[2026-03-26 17:37:04] [393/500] ✓ [website] SA ANN WYLLIE MEMORIAL SCHOOL
[2026-03-26 17:37:05] [21/200] ✓ [website] AD&FDPOHL MRS CHENG YAM ON SCHOOL
[2026-03-26 17:37:08] [22/200] ✓ [website] MAY NGA KINDERGARTEN (BRANCH)
[2026-03-26 17:37:17] [394/500] ✓ [website] Marymount Primary School
[2026-03-26 17:37:26] [23/200] ✗ TAK NGA PRIMARY SCHOOL
[2026-03-26 17:37:59] [24/200] ✗ CHIU YANG KINDERGARTEN
[2026-03-26 17:38:03] [395/500] ✗ DIOCESAN PREPARATORY SCHOOL
[2026-03-26 17:38:06] [396/500] ✓ [website] CCC KEI CHI SECONDARY SCHOOL
[2026-03-26 17:38:10] [397/500] ✓ [website] HKYWCA TAI HON FAN NURSERY SCHOOL
[2026-03-26 17:38:22] [25/200] ✗ HHCKLA BUDDHIST CHAN SHI WAN PRIMARY SCH
[2026-03-26 17:38:23] [398/500] ✓ [website] CMA SECONDARY SCHOOL
[2026-03-26 17:38:35] [399/500] ✓ [website] HKSPC SIA WHAMPOA NURSERY SCHOOL
[2026-03-26 17:38:41] [26/200] ✗ LIONS CLUBS INT TSEUNG CHUI KING COLLEGE
[2026-03-26 17:38:49] [400/500] ✗ ALLIANCE PRIMARY SCHOOL, SHEUNG SHUI
[2026-03-26 17:38:49] --- 进度: 400/500 ---
[2026-03-26 17:38:50] [401/500] ✓ [website] LAICHIKOK CATHOLIC PRIMARY SCHOOL
[2026-03-26 17:38:54] [402/500] ✓ [website] PLK CHEE JING YIN PRIMARY SCHOOL
[2026-03-26 17:39:01] [27/200] ✗ CARITAS JOCKEY CLUB LOK YAN SCHOOL
[2026-03-26 17:39:11] [403/500] ✗ HKCA PO LEUNG KUK SCHOOL
[2026-03-26 17:39:14] [404/500] ✓ [website] CARITAS WU CHENG-CHUNG COLLEGE
[2026-03-26 17:39:29] [405/500] ✓ [website] YWCA HIOE TJO YOENG COLLEGE
[2026-03-26 17:39:30] [406/500] ✓ [website] SKH ST MICHAEL'S PRIMARY SCHOOL
[2026-03-26 17:39:32] [28/200] ✗ LUI CHEUNG KWONG LUTHERAN COLLEGE
[2026-03-26 17:39:38] [29/200] ✓ [website] MA ON SHAN METHODIST PRIMARY SCHOOL
[2026-03-26 17:39:44] [407/500] ✗ TRUTH BAPTIST CHURCH KINDERGARTEN
[2026-03-26 17:39:58] [408/500] ✓ [website] CARITAS NURSERY SCHOOL - KENNEDY TOWN
[2026-03-26 17:40:00] [409/500] ✓ [website] CCC YENCHING COLLEGE
[2026-03-26 17:40:03] [410/500] ✓ [website] TWGHS KATHERINE MA KINDERGARTEN
[2026-03-26 17:40:06] [411/500] ✓ [website] CHINESE YMCA KWAI CHUNG KINDERGARTEN
[2026-03-26 17:40:14] [30/200] ✗ CHAN'S CREATIVE SCHOOL
[2026-03-26 17:40:24] [412/500] ✗ HKCS PARIO NURSERY SCHOOL (TP)
[2026-03-26 17:40:26] [413/500] ✓ [website] OUR LADY'S COLLEGE
[2026-03-26 17:40:26] [31/200] ✓ [website] MA ON SHAN ST. JOSEPH'S PRIMARY SCHOOL
[2026-03-26 17:40:28] [32/200] ✓ [website] PRECIOUS BLOOD KINDERGARTEN
[2026-03-26 18:32:26] ============================================================
[2026-03-26 18:32:26] 优化版校徽批量抓取 v2
[2026-03-26 18:32:26] ============================================================
[2026-03-26 18:32:26] 处理学校数量: 200
[2026-03-26 18:32:28] [1/200] ✓ [website] PLK NG TOR TAI KINDERGARTEN
[2026-03-26 18:32:34] [2/200] ✗ ST. HILARY'S KINDERGARTEN (HUNG HOM)
[2026-03-26 18:32:35] [3/200] ✓ [website] ELCHK FAITH LOVE LUTHERAN SCHOOL
[2026-03-26 18:32:41] [4/200] ✓ [website] ANFIELD INTERNATIONAL KINDERGARTEN
[2026-03-26 18:32:45] [5/200] ✗ OASIS ENGLISH KINDERGARTEN
[2026-03-26 18:33:04] [6/200] ✗ TUNG TAK SCHOOL
[2026-03-26 18:33:07] [7/200] ✓ [website] DELIA MEMORIAL SCHOOL (BROADWAY)
[2026-03-26 18:33:09] [8/200] ✗ PO LEUNG KUK LIU SEW HAR KINDERGARTEN
[2026-03-26 18:33:12] [9/200] ✓ [website] TUEN MUN GOVERNMENT SECONDARY SCHOOL
[2026-03-26 18:33:31] [10/200] ✗ MONG KOK AGNES ENGLISH KINDERGARTEN
[2026-03-26 18:33:33] [11/200] ✓ [website] ELCHK LUTHERAN SECONDARY SCHOOL
[2026-03-26 18:33:35] [12/200] ✓ [website] TWGH LEO TUNG-HAI LEE PRIMARY SCHOOL
[2026-03-26 18:33:35] [13/200] ✓ [website] HONG CHI MORNINGHILL SCHOOL, TSUI LAM
[2026-03-26 18:33:36] [14/200] ✓ [website] DAEHAN KOREAN LANGUAGE SCHOOL
[2026-03-26 18:33:37] [15/200] ✓ [website] SIN CHING KINDERGARTEN
[2026-03-26 18:33:39] [16/200] ✓ [website] BAPTIST PUI LI SCHOOL
[2026-03-26 18:33:42] [17/200] ✓ [website] BETHEL HIGH SCHOOL
[2026-03-26 18:33:42] [18/200] ✓ [website] SKH WEI LUN PRIMARY SCHOOL
[2026-03-26 18:33:46] [19/200] ✗ HK & KKWA TING YUK CHEE KINDERGARTEN
[2026-03-26 18:33:47] [20/200] ✓ [website] MA TAU CHUNG GOVERNMENT PRIMARY SCH
[2026-03-26 18:33:47] --- 进度: 20/200 ---
[2026-03-26 18:33:48] [21/200] ✓ [website] GUIDEPOST MONTESSORI INT PRE SCHOOL
[2026-03-26 18:33:49] [22/200] ✓ [website] YUEN LONG MERCHANTS ASSN PRIMARY SCHOOL
[2026-03-26 18:33:53] [23/200] ✗ YUEN LONG PO KOK PRIMARY SCHOOL
[2026-03-26 18:33:56] [24/200] ✓ [website] PUI KIU INTERNATIONAL KINDERGARTEN
[2026-03-26 18:33:56] [25/200] ✓ [website] ASBURY METHODIST KINDERGARTEN
[2026-03-26 18:34:00] [26/200] ✗ LANTAU INTERNATIONAL SCHOOL
[2026-03-26 18:34:01] [27/200] ✓ [website] HHCKLA BUDDHIST WONG CHO SUM SCHOOL
[2026-03-26 18:34:02] [28/200] ✓ [website] SACRED HEART CANOSSIAN SCHOOL
[2026-03-26 18:34:04] [29/200] ✓ [website] HKTA CHING CHUNG SECONDARY SCHOOL
[2026-03-26 18:34:05] [30/200] ✓ [website] CHINESE YMCA KINDERGARTEN
[2026-03-26 18:34:06] [31/200] ✓ [website] SA NG KWOK WAI MEMORIAL KINDERGARTEN
[2026-03-26 18:34:09] [32/200] ✓ [website] YAUMATI CATHOLIC PRIMARY SCHOOL
[2026-03-26 18:34:25] [33/200] ✓ [website] SALESIAN ENGLISH SCHOOL
[2026-03-26 18:34:26] [34/200] ✓ [website] NT AOG CHURCH WAI YAN KINDERGARTEN
[2026-03-26 18:34:30] [35/200] ✗ CHAN'S CREATIVE SCHOOL
[2026-03-26 18:34:30] [36/200] ✓ [website] TWGHS TSENG HIN PEI PRIMARY SCHOOL
[2026-03-26 18:34:32] [37/200] ✓ [website] ST PHILIP LUTHERAN CHURCH KINDERGARTEN
[2026-03-26 18:34:35] [38/200] ✓ [website] PLK CHAN LAI WAI LIN KINDERGARTEN
[2026-03-26 18:34:37] [39/200] ✓ [website] MA ON SHAN TSUNG TSIN SECONDARY SCHOOL
[2026-03-26 18:34:39] [40/200] ✓ [website] HKFYG CHING LOK KINDERGARTEN
[2026-03-26 18:34:39] --- 进度: 40/200 ---
[2026-03-26 18:34:42] [41/200] ✗ ZENITH KINDERGARTEN (SHERWOOD)
[2026-03-26 18:34:45] [42/200] ✗ JOYFUL WORLD KINDERGARTEN (SHA TIN)
[2026-03-26 18:34:48] [43/200] ✗ PUI YING SECONDARY SCHOOL
[2026-03-26 18:34:51] [44/200] ✗ ST MONICA'S KINDERGARTEN (TSUEN WAN)
[2026-03-26 18:34:54] [45/200] ✓ [website] YCH LAW CHAN CHOR SI PRIMARY SCHOOL
[2026-03-26 18:34:58] [46/200] ✗ KWUN TONG BAPTIST CHURCH KINDERGARTEN
[2026-03-26 18:35:00] [47/200] ✓ [website] PLK VICWOOD KT CHONG SIXTH FORM COLLEGE
[2026-03-26 18:35:01] [48/200] ✓ [website] CCC KEI WAN PRIMARY SCHOOL
[2026-03-26 18:35:20] [49/200] ✗ HKSKH HA SUI WAN NURSERY SCHOOL
[2026-03-26 18:35:23] [50/200] ✗ KOWLOON RHENISH SCHOOL
[2026-03-26 18:35:24] [51/200] ✓ [website] ISLAMIC POK OI KINDERGARTEN
[2026-03-26 18:35:28] [52/200] ✗ THE ELCHK FAITH LUTHERAN SCHOOL
[2026-03-26 18:35:30] [53/200] ✓ [website] MING WAI KINDERGARTEN
[2026-03-26 18:35:33] [54/200] ✓ [website] STEWARDS POOI KEI COLLEGE
[2026-03-26 18:35:33] [55/200] ✓ [website] SAINT BRIGIT INTERNATIONAL KINDERGARTEN
[2026-03-26 18:35:36] [56/200] ✗ ELCHK  CHUNG ON NURSERY SCHOOL
[2026-03-26 18:35:39] [57/200] ✗ HARROW LITTLE LIONS KINDERGARTEN
[2026-03-26 18:35:39] [58/200] ✓ [website] KAM LAM CATHOLIC KINDERGARTEN
[2026-03-26 18:35:44] [59/200] ✓ [website] HKCS PARIO KINDERGARTEN (SHATIN)
[2026-03-26 18:35:47] [60/200] ✓ [website] FUK TAK EDUCATION SOCIETY PRIMARY SCHOOL
[2026-03-26 18:35:47] --- 进度: 60/200 ---
[2026-03-26 18:35:49] [61/200] ✓ [website] CALIFORNIA SCHOOL
[2026-03-26 18:35:51] [62/200] ✓ [website] CARITAS KAI YAU NURSERY SCHOOL
[2026-03-26 18:35:51] [63/200] ✓ [website] NING PO COLLEGE
[2026-03-26 18:35:54] [64/200] ✗ LOK SIN TONG LEE YIN YEE KINDERGARTEN
[2026-03-26 18:35:56] [65/200] ✓ [website] PLK WONG WING SHU PRIMARY SCHOOL
[2026-03-26 18:35:58] [66/200] ✓ [website] PO LEUNG KUK CASTAR PRIMARY SCHOOL
[2026-03-26 18:36:01] [67/200] ✗ DIOCESAN PREPARATORY SCHOOL
[2026-03-26 18:36:02] [68/200] ✓ [website] HEEP YUNN SCHOOL
[2026-03-26 18:36:04] [69/200] ✓ [website] ST PETER'S SECONDARY SCHOOL
[2026-03-26 18:36:07] [70/200] ✓ [website] YEW CHUNG INTERNATIONAL SCHOOL
[2026-03-26 18:36:10] [71/200] ✓ [website] TWGH SIN CHU WAN PRIMARY SCHOOL
[2026-03-26 18:36:13] [72/200] ✗ LUK YEUNG KINDERGARTEN
[2026-03-26 18:36:15] [73/200] ✓ [website] HENNESSY ROAD GOVERNMENT PRIMARY SCH
[2026-03-26 18:36:22] [74/200] ✓ [website] CREATIVE KINDERGARTEN (AEGEAN COAST)
[2026-03-26 18:36:24] [75/200] ✗ YCH CHOI HIN TO PRIMARY SCHOOL
[2026-03-26 18:36:26] [76/200] ✓ [website] KAM TSIN VILLAGE HO TUNG KINDERGARTEN
[2026-03-26 18:36:29] [77/200] ✗ GREENVILLE ANGLO-CHINESE KINDERGARTEN
[2026-03-26 18:36:32] [78/200] ✗ EVANGEL COLLEGE
[2026-03-26 18:36:33] [79/200] ✓ [website] ST STEPHEN'S GIRLS' PRIMARY SCHOOL
[2026-03-26 18:36:36] [80/200] ✗ KIN SANG LUTHERAN KINDERGARTEN
[2026-03-26 18:36:36] --- 进度: 80/200 ---
[2026-03-26 18:36:39] [81/200] ✗ KWOK TAK SENG CATHOLIC SECONDARY SCHOOL
[2026-03-26 18:36:40] [82/200] ✓ [website] PLK CHEUNG POON MEI YEE KINDERGARTEN
[2026-03-26 18:36:44] [83/200] ✓ [website] PLK HK TAOIST ASSN YUEN YUEN PRIMARY SCH
[2026-03-26 18:36:46] [84/200] ✓ [website] CCC KEI TSZ PRIMARY SCHOOL
[2026-03-26 18:36:48] [85/200] ✓ [website] ST JOSEPH'S ANGLO-CHINESE SCHOOL
[2026-03-26 18:36:49] [86/200] ✓ [website] JONATHAN INNOVATIVE ENGLISH KINDERGARTEN
[2026-03-26 18:36:52] [87/200] ✗ JOYFUL WORLD KINDERGARTEN (BELVEDERE)
[2026-03-26 18:37:10] [88/200] ✗ HKSKH TUNG CHUNG NURSERY SCHOOL
[2026-03-26 18:37:12] [89/200] ✓ [website] SKH ST JAMES' PRIMARY SCHOOL
[2026-03-26 18:37:15] [90/200] ✗ LKWFS WONG YIU NAM PRIMARY SCHOOL
[2026-03-26 18:37:18] [91/200] ✗ YAUMATI KAIFONG ASSOCIATION SCHOOL
[2026-03-26 18:37:20] [92/200] ✓ [website] STFA CHENG YU TUNG SECONDARY SCHOOL
[2026-03-26 18:37:22] [93/200] ✓ [website] CCC KEI TSUN PRIMARY SCHOOL
[2026-03-26 18:37:25] [94/200] ✗ QUEEN ELIZABETH SCHOOL
[2026-03-26 19:33:54] ============================================================
[2026-03-26 19:33:54] 优化版校徽批量抓取 v2
[2026-03-26 19:33:54] ============================================================
[2026-03-26 19:33:54] 处理学校数量: 200
[2026-03-26 19:34:15] [1/200] ✗ TIN KA PING SECONDARY SCHOOL
[2026-03-26 19:34:15] [2/200] ✓ [website] RUDOLF STEINER EDU FDN HK MARIA COLLEGE
[2026-03-26 19:34:39] [3/200] ✗ TW PUB HO CHUEN YIU MEM PRIMARY SCHOOL
[2026-03-26 19:35:10] [4/200] ✗ CARITAS LOK KAN SCHOOL
[2026-03-26 19:35:13] [5/200] ✓ [website] WILLIAM (SMART) KINDERGARTEN (WHAMPOA)
[2026-03-26 19:35:32] [6/200] ✗ KOWLOON RHENISH SCHOOL
[2026-03-26 19:36:27] [7/200] ✗ SHA TIN METHODIST COLLEGE
[2026-03-26 19:36:31] [8/200] ✗ FDBWA CHOW CHIN YAU SCHOOL
[2026-03-26 19:37:01] [9/200] ✗ OBLATE PRIMARY SCHOOL
[2026-03-26 19:37:19] [10/200] ✗ HKCS SHEK KIP MEI NURSERY SCHOOL
[2026-03-26 19:37:53] [11/200] ✓ [website] TWGHS CHI-LI PAO SCHOOL
[2026-03-26 19:38:05] [12/200] ✗ St. Joseph's College
[2026-03-26 19:38:07] [13/200] ✓ [website] EPOCH ANGLO-CHINESE KINDERGARTEN
[2026-03-26 19:38:20] [14/200] ✗ JU CHING CHU SECONDARY SCHOOL (TUEN MUN)
[2026-03-26 19:38:34] [15/200] ✗ HARROW LITTLE LIONS KINDERGARTEN
[2026-03-26 19:38:41] [16/200] ✓ [website] KWUN TONG MARYKNOLL COLLEGE
[2026-03-26 20:31:44] ============================================================
[2026-03-26 20:31:44] 优化版校徽批量抓取 v2
[2026-03-26 20:31:44] ============================================================
[2026-03-26 20:31:44] 处理学校数量: 200
[2026-03-26 20:31:46] [1/200] ✓ [website] CCC KEI CHUN PRIMARY SCHOOL
[2026-03-26 20:32:11] [2/200] ✗ CARITAS LOK KAN SCHOOL
[2026-03-26 20:32:23] [3/200] ✗ IMMACULATE HEART OF MARY SCHOOL
[2026-03-26 20:32:26] [4/200] ✓ [website] SAU MING PRIMARY SCHOOL
[2026-03-26 20:32:29] [5/200] ✗ Diocesan Boys' School
[2026-03-26 20:32:31] [6/200] ✓ [website] MAGART INTERNATIONAL KINDERGARTEN (FANLI
[2026-03-26 20:32:52] [7/200] ✓ [website] TRUE LIGHT GIRLS' COLLEGE
[2026-03-26 20:32:59] [8/200] ✓ [website] HKYWCA ATHENA KINDERGARTEN
[2026-03-26 20:33:21] [9/200] ✗ DIAMOND HILL LING LIANG KINDERGARTEN
[2026-03-26 20:33:34] [10/200] ✗ KIN SANG LUTHERAN KINDERGARTEN
[2026-03-26 20:33:48] [11/200] ✗ TSUNG TSIN PRIMARY SCHOOL AND KG
[2026-03-26 20:33:54] [12/200] ✓ [website] HKSPC BOC NURSERY SCHOOL
[2026-03-26 20:34:26] [13/200] ✗ SHA TIN METHODIST COLLEGE
[2026-03-26 20:34:55] [14/200] ✗ GARDEN HOUSE WALDORF SCHOOL
[2026-03-26 20:35:34] [15/200] ✗ CHAN'S CREATIVE SCHOOL
[2026-03-26 20:35:48] [16/200] ✓ [website] HKYWCA LUNG HANG NURSERY SCHOOL
[2026-03-26 20:53:42] ============================================================
[2026-03-26 20:53:42] 优化版校徽批量抓取 v2
[2026-03-26 20:53:42] ============================================================
[2026-03-26 20:53:42] 处理学校数量: 200
[2026-03-26 20:53:57] [1/200] ✗ YORK INTERNATIONAL PRE-SCHOOL (WETLAND)
[2026-03-26 21:47:52] ============================================================
[2026-03-26 21:47:52] 优化版校徽批量抓取 v2
[2026-03-26 21:47:52] ============================================================
[2026-03-26 21:47:52] 处理学校数量: 200
[2026-03-26 21:48:18] [1/200] ✗ CHRISTIAN ALLIANCE COLLEGE
[2026-03-26 21:48:38] [2/200] ✗ KOWLOON SAM YUK SECONDARY SCHOOL
[2026-03-26 21:48:43] [3/200] ✓ [website] ABC PATHWAYS SCHOOL (LAM TIN)
