[2026-03-26 13:57:03] ============================================================
[2026-03-26 13:57:03] 优化版校园图片批量抓取 v2
[2026-03-26 13:57:03] ============================================================
[2026-03-26 13:57:03] 需要处理学校: 50
[2026-03-26 13:57:03] [1/50] 处理: 南京理工大学 (China)
[2026-03-26 13:57:03]   ✗ 未找到校园图
[2026-03-26 13:57:04] [2/50] 处理: 巴格达大学 (Iraq)
[2026-03-26 13:57:04]   ✗ 未找到校园图
[2026-03-26 13:57:04] [3/50] 处理: 土库曼建筑学院 (Turkmenistan)
[2026-03-26 13:57:04]   ✗ 未找到校园图
[2026-03-26 13:57:04] [4/50] 处理: Taylor's University (Kota Kinabalu) (Malaysia)
[2026-03-26 13:57:04]   ✗ 未找到校园图
[2026-03-26 13:57:05] [5/50] 处理: 曼海姆大学 (Germany)
[2026-03-26 13:57:05]   ✗ 未找到校园图
[2026-03-26 13:57:05] [6/50] 处理: Jadavpur University (Mumbai) (India)
[2026-03-26 13:57:05]   ✗ 未找到校园图
[2026-03-26 13:57:06] [7/50] 处理: 土库曼国立医科大学 (Turkmenistan)
[2026-03-26 13:57:06]   ✗ 未找到校园图
[2026-03-26 13:57:06] [8/50] 处理: 何文田官立中學 (Hong Kong)
[2026-03-26 13:57:06]   ✗ 未找到校园图
[2026-03-26 13:57:07] [9/50] 处理: 迪拜美国大学 (UAE)
[2026-03-26 13:57:07]   ✗ 未找到校园图
[2026-03-26 13:57:07] [10/50] 处理: Weizmann Institute of Science (Tel Aviv) (Israel)
[2026-03-26 13:57:07]   ✗ 未找到校园图
[2026-03-26 13:57:07] [11/50] 处理: 乌兰巴托大学 (Mongolia)
[2026-03-26 13:57:07]   ✗ 未找到校园图
[2026-03-26 13:57:08] [12/50] 处理: 哈利法·本·扎耶德学院 (UAE)
[2026-03-26 13:57:08]   ✗ 未找到校园图
[2026-03-26 13:57:08] [13/50] 处理: 越南国家大学河内分校 (Vietnam)
[2026-03-26 13:57:08]   ✗ 未找到校园图
[2026-03-26 13:57:09] [14/50] 处理: 港灣學校 (Hong Kong)
[2026-03-26 13:57:09]   ✗ 未找到校园图
[2026-03-26 13:57:09] [15/50] 处理: 费萨尔国王大学 (Saudi Arabia)
[2026-03-26 13:57:09]   ✗ 未找到校园图
[2026-03-26 13:57:10] [16/50] 处理: 羅定邦中學 (Hong Kong)
[2026-03-26 13:57:10]   ✗ 未找到校园图
[2026-03-26 13:57:10] [17/50] 处理: 大埔禮賢會幼稚園 (Hong Kong)
[2026-03-26 13:57:10]   ✗ 未找到校园图
[2026-03-26 13:57:11] [18/50] 处理: 基督教宣道會錦綉幼稚園 (Hong Kong)
[2026-03-26 13:57:11]   ✗ 未找到校园图
[2026-03-26 13:57:11] [19/50] 处理: 马尔代夫国际学校 (Maldives)
[2026-03-26 13:57:11]   ✗ 未找到校园图
[2026-03-26 13:57:11] [20/50] 处理: Royal University of Phnom Penh (Siem Reap) (Cambodia)
[2026-03-26 13:57:11]   ✗ 未找到校园图
[2026-03-26 13:57:12] --- 进度: 20/50 ---
[2026-03-26 13:57:12] [21/50] 处理: 阳钦普格中学 (Bhutan)
[2026-03-26 13:57:12]   ✗ 未找到校园图
[2026-03-26 13:57:12] [22/50] 处理: 循道衛理聯合教會主恩堂幼稚園 (Hong Kong)
[2026-03-26 13:57:12]   ✗ 未找到校园图
[2026-03-26 13:57:13] [23/50] 处理: Ege University (Antalya) (Turkey)
[2026-03-26 13:57:13]   ✗ 未找到校园图
[2026-03-26 13:57:13] [24/50] 处理: 啓思幼稚園（匯景花園） (Hong Kong)
[2026-03-26 13:57:13]   ✗ 未找到校园图
[2026-03-26 13:57:14] [25/50] 处理: 聖公會聖約瑟堂幼稚園 (Hong Kong)
[2026-03-26 13:57:14]   ✗ 未找到校园图
[2026-03-26 13:57:14] [26/50] 处理: 查尔斯特大学 (Australia)
[2026-03-26 13:57:14]   ✗ 未找到校园图
[2026-03-26 13:57:15] [27/50] 处理: 曼德勒技术学院 (Myanmar)
[2026-03-26 13:57:15]   ✗ 未找到校园图
[2026-03-26 13:57:15] [28/50] 处理: 布拉维加亚大学 (Indonesia)
[2026-03-26 13:57:15]   ✗ 未找到校园图
[2026-03-26 13:57:15] [29/50] 处理: 基督教宣道會茵怡幼稚園 (Hong Kong)
[2026-03-26 13:57:15]   ✗ 未找到校园图
[2026-03-26 13:57:16] [30/50] 处理: 莫斯科大学 (Russia)
[2026-03-26 13:57:16]   ✗ 未找到校园图
[2026-03-26 13:57:16] [31/50] 处理: Đại học Bách khoa Hà Nội (Vietnam)
[2026-03-26 13:57:16]   ✗ 未找到校园图
[2026-03-26 13:57:17] [32/50] 处理: 聖三一中心幼稚園 (Hong Kong)
[2026-03-26 13:57:17]   ✗ 未找到校园图
[2026-03-26 13:57:17] [33/50] 处理: 高主教書院 (Hong Kong)
[2026-03-26 13:57:17]   ✗ 未找到校园图
[2026-03-26 13:57:18] [34/50] 处理: 香港中文大学法律学院 (Hong Kong)
[2026-03-26 13:57:18]   ✗ 未找到校园图
[2026-03-26 13:57:18] [35/50] 处理: 印度理工学院孟买 (India)
[2026-03-26 13:57:18]   ✗ 未找到校园图
[2026-03-26 13:57:18] [36/50] 处理: 法力普尔医学院 (Bangladesh)
[2026-03-26 13:57:18]   ✗ 未找到校园图
[2026-03-26 13:57:19] [37/50] 处理: 柏立基教育學院校友會何壽基學校 (Hong Kong)
[2026-03-26 13:57:19]   ✗ 未找到校园图
[2026-03-26 13:57:19] [38/50] 处理: 文娜雅拔幼稚園 (Hong Kong)
[2026-03-26 13:57:19]   ✗ 未找到校园图
[2026-03-26 13:57:20] [39/50] 处理: 萬鈞伯裘書院 (Hong Kong)
[2026-03-26 13:57:20]   ✗ 未找到校园图
[2026-03-26 13:57:20] [40/50] 处理: 缅甸警察学院 (Myanmar)
[2026-03-26 13:57:20]   ✗ 未找到校园图
[2026-03-26 13:57:21] --- 进度: 40/50 ---
[2026-03-26 13:57:21] [41/50] 处理: 明斯特大学 (Germany)
[2026-03-26 13:57:21]   ✗ 未找到校园图
[2026-03-26 13:57:21] [42/50] 处理: 莫纳什大学马来西亚分校 (Malaysia)
[2026-03-26 13:57:21]   ✗ 未找到校园图
[2026-03-26 13:57:21] [43/50] 处理: 迦密梁省德學校 (Hong Kong)
[2026-03-26 13:57:21]   ✗ 未找到校园图
[2026-03-26 13:57:22] [44/50] 处理: 中華基督教會望覺堂啟愛學校 (Hong Kong)
[2026-03-26 13:57:22]   ✗ 未找到校园图
[2026-03-26 13:57:22] [45/50] 处理: 尼泊尔开放大学 (Nepal)
[2026-03-26 13:57:22]   ✗ 未找到校园图
[2026-03-26 13:57:23] [46/50] 处理: 保良局黃樹雄幼稚園 (Hong Kong)
[2026-03-26 13:57:23]   ✗ 未找到校园图
[2026-03-26 13:57:23] [47/50] 处理: 马夫拉克大学学院约旦 (Jordan)
[2026-03-26 13:57:23]   ✗ 未找到校园图
[2026-03-26 13:57:23] [48/50] 处理: 聖公會何澤芸小學 (Hong Kong)
[2026-03-26 13:57:23]   ✗ 未找到校园图
[2026-03-26 13:57:24] [49/50] 处理: 内蒙古师范大学 (China)
[2026-03-26 13:57:24]   ✗ 未找到校园图
[2026-03-26 13:57:24] [50/50] 处理: 上水禮賢會幼稚園 (Hong Kong)
[2026-03-26 13:57:24]   ✗ 未找到校园图
[2026-03-26 13:57:25] ============================================================
[2026-03-26 13:57:25] 完成! 成功: 0, 失败: 50
[2026-03-26 13:57:25] 已有校园图片的学校: 640
[2026-03-26 13:57:25] ============================================================
[2026-03-26 13:58:31] ============================================================
[2026-03-26 13:58:31] 优化版校园图片批量抓取 v2
[2026-03-26 13:58:31] ============================================================
[2026-03-26 13:58:31] 需要处理学校: 30
[2026-03-26 13:58:31] [1/30] 处理: 延世大学仁川校区 (South Korea)
[2026-03-26 13:58:31]   ✗ 未找到校园图
[2026-03-26 13:58:31] [2/30] 处理: 哈萨克斯坦-土耳其国际大学 (Kazakhstan)
[2026-03-26 13:58:31]   ✗ 未找到校园图
[2026-03-26 13:58:31] [3/30] 处理: 佛教与巴利语大学 (Sri Lanka)
[2026-03-26 13:58:31]   ✗ 未找到校园图
[2026-03-26 13:58:32] [4/30] 处理: Institute of Technology of Cambodia (Siem Reap) (Cambodia)
[2026-03-26 13:58:32]   ✗ 未找到校园图
[2026-03-26 13:58:32] [5/30] 处理: 棉兰老国立大学 (Philippines)
[2026-03-26 13:58:32]   ✗ 未找到校园图
[2026-03-26 13:58:32] [6/30] 处理: 悉尼科技大学 (Australia)
[2026-03-26 13:58:32]   ✗ 未找到校园图
[2026-03-26 13:58:33] [7/30] 处理: 聖安多尼學校 (Hong Kong)
[2026-03-26 13:58:33]   ✗ 未找到校园图
[2026-03-26 13:58:33] [8/30] 处理: 缅甸神学院 (Myanmar)
[2026-03-26 13:58:33]   ✗ 未找到校园图
[2026-03-26 13:58:34] [9/30] 处理: University of Engineering and Technology (Faisalabad) (Pakistan)
[2026-03-26 13:58:34]   ✗ 未找到校园图
[2026-03-26 13:58:34] [10/30] 处理: 里加工业大学 (Latvia)
[2026-03-26 13:58:34]   ✗ 未找到校园图
[2026-03-26 13:58:34] [11/30] 处理: 东帝汶技术学院 (East Timor)
[2026-03-26 13:58:34]   ✗ 未找到校园图
[2026-03-26 13:58:35] [12/30] 处理: 米德尔塞克斯大学迪拜 (UAE)
[2026-03-26 13:58:35]   ✗ 未找到校园图
[2026-03-26 13:58:35] [13/30] 处理: 比尔拉科学技术学院 (Oman)
[2026-03-26 13:58:35]   ✗ 未找到校园图
[2026-03-26 13:58:35] [14/30] 处理: 赛百大学 (Yemen)
[2026-03-26 13:58:35]   ✗ 未找到校园图
[2026-03-26 13:58:36] [15/30] 处理: Macao Polytechnic University (Macau)
[2026-03-26 13:58:36]   ✗ 未找到校园图
[2026-03-26 13:58:36] [16/30] 处理: Timor-Leste College of Tourism and Hospi (Timor-Leste)
[2026-03-26 13:58:36]   ✗ 未找到校园图
[2026-03-26 13:58:36] [17/30] 处理: 山东大学 (China)
[2026-03-26 13:58:36]   ✗ 未找到校园图
[2026-03-26 13:58:37] [18/30] 处理: 瓜亚基尔大学 (Ecuador)
[2026-03-26 13:58:37]   ✗ 未找到校园图
[2026-03-26 13:58:37] [19/30] 处理: 拉贾曼加拉大学老挝分校 (Laos)
[2026-03-26 13:58:37]   ✗ 未找到校园图
[2026-03-26 13:58:37] [20/30] 处理: 法赫德国王石油与矿业大学 (Saudi Arabia)
[2026-03-26 13:58:37]   ✗ 未找到校园图
[2026-03-26 13:58:38] --- 进度: 20/30 ---
[2026-03-26 13:58:38] [21/30] 处理: 亚美尼亚国立大学 (Armenia)
[2026-03-26 13:58:38]   ✗ 未找到校园图
[2026-03-26 13:58:38] [22/30] 处理: 以色列开放大学 (Israel)
[2026-03-26 13:58:38]   ✗ 未找到校园图
[2026-03-26 13:58:39] [23/30] 处理: 陕西师范大学 (China)
[2026-03-26 13:58:39]   ✗ 未找到校园图
[2026-03-26 13:58:39] [24/30] 处理: 伦敦皇家霍洛威 (United Kingdom)
[2026-03-26 13:58:39]   ✗ 未找到校园图
[2026-03-26 13:58:39] [25/30] 处理: Damascus University (Damascus) (Syria)
[2026-03-26 13:58:39]   ✗ 未找到校园图
[2026-03-26 13:58:40] [26/30] 处理: 瓜达拉哈拉大学 (Mexico)
[2026-03-26 13:58:40]   ✗ 未找到校园图
[2026-03-26 13:58:40] [27/30] 处理: 内华达大学雷诺分校 (United States)
[2026-03-26 13:58:40]   ✗ 未找到校园图
[2026-03-26 13:58:40] [28/30] 处理: 纳布卢斯药学院 (Palestine)
[2026-03-26 13:58:40]   ✗ 未找到校园图
[2026-03-26 13:58:41] [29/30] 处理: 明愛樂群學校 (Hong Kong)
[2026-03-26 13:58:41]   ✗ 未找到校园图
[2026-03-26 13:58:41] [30/30] 处理: University of Cyprus (Larnaca) (Cyprus)
[2026-03-26 13:58:41]   ✗ 未找到校园图
[2026-03-26 13:58:42] ============================================================
[2026-03-26 13:58:42] 完成! 成功: 0, 失败: 30
[2026-03-26 13:58:42] 已有校园图片的学校: 640
[2026-03-26 13:58:42] ============================================================
