
==================================================
定时任务：校园风光图片抓取 (浏览器版)
==================================================
时间: 2026-03-25 19:02:55
==================================================
开始抓取校园风光图片 (浏览器版)...
==================================================
找到 3 所需要处理的学校

  处理: 华盛顿州立大学 (当前0张, 需要6张)
    找到 6 个图片
    OK: school_21625_1.jpg
    OK: school_21625_2.jpg
    OK: school_21625_3.jpg
    OK: school_21625_4.jpg
    OK: school_21625_5.jpg
    OK: school_21625_6.jpg
    完成! (已标记为Y)

  处理: 东京大学教育学研究科 (当前0张, 需要6张)
    找到 6 个图片
    OK: school_20249_1.jpg
    OK: school_20249_2.jpg
    OK: school_20249_3.jpg
    OK: school_20249_4.jpg
    OK: school_20249_5.jpg
    OK: school_20249_6.jpg
    完成! (已标记为Y)

  处理: 巴黎综合理工 (当前0张, 需要6张)
    找到 6 个图片
    OK: school_9041_1.jpg
    OK: school_9041_2.jpg
    OK: school_9041_3.jpg
    文件太小: 3490 bytes
    OK: school_9041_5.jpg
    OK: school_9041_6.jpg
    新增 5 张图片


本次更新了 3 所学校

==================================================
任务完成!
==================================================
======================================================================
批量获取学校校园照片 - 从Wikipedia下载到本地
======================================================================
需要获取校园照片的学校: 200

完成! 耗时: 7100.2秒
成功: 0, 跳过/失败: 200
有校园照片的学校总数: 569
======================================================================
批量获取学校校园照片 - 从Wikipedia下载到本地
======================================================================
需要获取校园照片的学校: 200

完成! 耗时: 4925.8秒
成功: 0, 跳过/失败: 200
有校园照片的学校总数: 573
======================================================================
批量获取学校校园照片 - 从Wikipedia下载到本地
======================================================================
需要获取校园照片的学校: 200

完成! 耗时: 4861.8秒
成功: 0, 跳过/失败: 200
有校园照片的学校总数: 573
======================================================================
批量获取学校校园照片 - 从Wikipedia下载到本地
======================================================================
需要获取校园照片的学校: 200

完成! 耗时: 4774.7秒
成功: 0, 跳过/失败: 200
有校园照片的学校总数: 578
======================================================================
批量获取学校校园照片 - 从Wikipedia下载到本地
======================================================================
需要获取校园照片的学校: 200

完成! 耗时: 4129.3秒
成功: 0, 跳过/失败: 200
有校园照片的学校总数: 583
======================================================================
批量获取学校校园照片 - 从Wikipedia下载到本地
======================================================================
需要获取校园照片的学校: 200

完成! 耗时: 4186.7秒
成功: 0, 跳过/失败: 200
有校园照片的学校总数: 583
======================================================================
批量获取学校校园照片 - 从Wikipedia下载到本地
======================================================================
需要获取校园照片的学校: 200

完成! 耗时: 4167.4秒
成功: 0, 跳过/失败: 200
有校园照片的学校总数: 583
======================================================================
批量获取学校校园照片 - 从Wikipedia下载到本地
======================================================================
需要获取校园照片的学校: 200

完成! 耗时: 4223.5秒
成功: 0, 跳过/失败: 200
有校园照片的学校总数: 583
======================================================================
批量获取学校校园照片 - 从Wikipedia下载到本地
======================================================================
需要获取校园照片的学校: 200

完成! 耗时: 4971.1秒
成功: 0, 跳过/失败: 200
有校园照片的学校总数: 583
======================================================================
批量获取学校校园照片 - 从Wikipedia下载到本地
======================================================================
需要获取校园照片的学校: 200

完成! 耗时: 5264.4秒
成功: 0, 跳过/失败: 200
有校园照片的学校总数: 583
======================================================================
批量获取学校校园照片 - 从Wikipedia下载到本地
======================================================================
需要获取校园照片的学校: 200

完成! 耗时: 5128.7秒
成功: 0, 跳过/失败: 200
有校园照片的学校总数: 583
======================================================================
批量获取学校校园照片 - 从Wikipedia下载到本地
======================================================================
需要获取校园照片的学校: 200

完成! 耗时: 5089.1秒
成功: 0, 跳过/失败: 200
有校园照片的学校总数: 583
======================================================================
批量获取学校校园照片 - 从Wikipedia下载到本地
======================================================================
需要获取校园照片的学校: 200

完成! 耗时: 4111.2秒
成功: 0, 跳过/失败: 200
有校园照片的学校总数: 583
======================================================================
批量获取学校校园照片 - 从Wikipedia下载到本地
======================================================================
需要获取校园照片的学校: 200

完成! 耗时: 4131.0秒
成功: 0, 跳过/失败: 200
有校园照片的学校总数: 583
======================================================================
批量获取学校校园照片 - 从Wikipedia下载到本地
======================================================================
需要获取校园照片的学校: 200
  ✓ ID=32822 下载了 1 张
  ✓ ID=32820 下载了 1 张
  ✓ ID=32819 下载了 1 张
  ✓ ID=32818 下载了 1 张
  ✓ ID=32816 下载了 1 张
  ✓ ID=32814 下载了 1 张
  ✓ ID=32812 下载了 1 张
  ✓ ID=32810 下载了 1 张
  ✓ ID=32804 下载了 1 张
  ✓ ID=32803 下载了 1 张
  ✓ ID=32797 下载了 1 张
  ✓ ID=32796 下载了 1 张
  ✓ ID=32793 下载了 1 张
  ✓ ID=32792 下载了 1 张
  ✓ ID=32790 下载了 1 张
  ✓ ID=32788 下载了 1 张
  ✓ ID=32785 下载了 1 张
  ✓ ID=32783 下载了 1 张
  ✓ ID=32780 下载了 1 张
  ✓ ID=32778 下载了 1 张
  ✓ ID=29710 下载了 1 张
  ✓ ID=29698 下载了 1 张
  ✓ ID=29690 下载了 1 张
  ✓ ID=29674 下载了 1 张
  ✓ ID=29672 下载了 1 张
  ✓ ID=29663 下载了 1 张
  ✓ ID=29657 下载了 1 张
  ✓ ID=29655 下载了 1 张
  ✓ ID=29650 下载了 1 张
  ✓ ID=29641 下载了 1 张
  ✓ ID=27669 下载了 1 张
  ✓ ID=27648 下载了 1 张
  ✓ ID=27646 下载了 1 张
  ✓ ID=27643 下载了 1 张
  ✓ ID=27627 下载了 1 张
  ✓ ID=27614 下载了 1 张
  ✓ ID=27611 下载了 1 张
  ✓ ID=27610 下载了 1 张
  ✓ ID=27607 下载了 1 张
  ✓ ID=27606 下载了 1 张
  ✓ ID=27604 下载了 1 张
  ✓ ID=27603 下载了 1 张
  ✓ ID=27600 下载了 1 张
  ✓ ID=27587 下载了 1 张
  ✓ ID=22571 下载了 1 张
  ✓ ID=22570 下载了 1 张
  ✓ ID=22569 下载了 1 张
  ✓ ID=22567 下载了 1 张
  ✓ ID=22566 下载了 1 张
  ✓ ID=22551 下载了 1 张
  ✓ ID=22549 下载了 1 张
  ✓ ID=22548 下载了 1 张
  ✓ ID=22545 下载了 1 张
  ✓ ID=22539 下载了 1 张
  ✓ ID=22527 下载了 1 张
  ✓ ID=22523 下载了 1 张
  ✓ ID=22494 下载了 1 张

完成! 耗时: 752.1秒
成功: 57, 跳过/失败: 143
有校园照片的学校总数: 640
======================================================================
批量获取学校校园照片 - 从Wikipedia下载到本地
======================================================================
需要获取校园照片的学校: 200
Traceback (most recent call last):
  File "/Users/wangfeng/.openclaw/workspace/school-badge-website/scripts/batch_fetch_campus.py", line 212, in <module>
    update_campus_images(limit=200)
  File "/Users/wangfeng/.openclaw/workspace/school-badge-website/scripts/batch_fetch_campus.py", line 186, in update_campus_images
    cursor.execute("UPDATE schools SET campus_image=? WHERE id=?", (','.join(url_paths), school_id))
sqlite3.OperationalError: database is locked
