Traceback (most recent call last):
  File "/Users/wangfeng/.openclaw/workspace/school-badge-website/scripts/daily_school_update.py", line 10, in <module>
    import requests
ModuleNotFoundError: No module named 'requests'
Traceback (most recent call last):
  File "/Users/wangfeng/.openclaw/workspace/school-badge-website/scripts/daily_school_update.py", line 10, in <module>
    import requests
ModuleNotFoundError: No module named 'requests'
Traceback (most recent call last):
  File "/Users/wangfeng/.openclaw/workspace/school-badge-website/scripts/daily_school_update.py", line 10, in <module>
    import requests
ModuleNotFoundError: No module named 'requests'
Traceback (most recent call last):
  File "/Users/wangfeng/.openclaw/workspace/school-badge-website/scripts/daily_school_update.py", line 10, in <module>
    import requests
ModuleNotFoundError: No module named 'requests'
Traceback (most recent call last):
  File "/Users/wangfeng/.openclaw/workspace/school-badge-website/scripts/daily_school_update.py", line 10, in <module>
    import requests
ModuleNotFoundError: No module named 'requests'
Traceback (most recent call last):
  File "/Users/wangfeng/.openclaw/workspace/school-badge-website/scripts/daily_school_update.py", line 10, in <module>
    import requests
ModuleNotFoundError: No module named 'requests'
Traceback (most recent call last):
  File "/Users/wangfeng/.openclaw/workspace/school-badge-website/scripts/daily_school_update.py", line 10, in <module>
    import requests
ModuleNotFoundError: No module named 'requests'
Traceback (most recent call last):
  File "/Users/wangfeng/.openclaw/workspace/school-badge-website/scripts/daily_school_update.py", line 10, in <module>
    import requests
ModuleNotFoundError: No module named 'requests'
Traceback (most recent call last):
  File "/Users/wangfeng/.openclaw/workspace/school-badge-website/scripts/daily_school_update.py", line 10, in <module>
    import requests
ModuleNotFoundError: No module named 'requests'
Traceback (most recent call last):
  File "/Users/wangfeng/.openclaw/workspace/school-badge-website/scripts/daily_school_update.py", line 10, in <module>
    import requests
ModuleNotFoundError: No module named 'requests'
Traceback (most recent call last):
  File "/Users/wangfeng/.openclaw/workspace/school-badge-website/scripts/daily_school_update.py", line 10, in <module>
    import requests
ModuleNotFoundError: No module named 'requests'
Traceback (most recent call last):
  File "/Users/wangfeng/.openclaw/workspace/school-badge-website/scripts/daily_school_update.py", line 10, in <module>
    import requests
ModuleNotFoundError: No module named 'requests'
Traceback (most recent call last):
  File "/Users/wangfeng/.openclaw/workspace/school-badge-website/scripts/daily_school_update.py", line 10, in <module>
    import requests
ModuleNotFoundError: No module named 'requests'
Traceback (most recent call last):
  File "/Users/wangfeng/.openclaw/workspace/school-badge-website/scripts/daily_school_update.py", line 10, in <module>
    import requests
ModuleNotFoundError: No module named 'requests'
Traceback (most recent call last):
  File "/Users/wangfeng/.openclaw/workspace/school-badge-website/scripts/daily_school_update.py", line 10, in <module>
    import requests
ModuleNotFoundError: No module named 'requests'
Traceback (most recent call last):
  File "/Users/wangfeng/.openclaw/workspace/school-badge-website/scripts/daily_school_update.py", line 10, in <module>
    import requests
ModuleNotFoundError: No module named 'requests'
Traceback (most recent call last):
  File "/Users/wangfeng/.openclaw/workspace/school-badge-website/scripts/daily_school_update.py", line 10, in <module>
    import requests
ModuleNotFoundError: No module named 'requests'
Traceback (most recent call last):
  File "/Users/wangfeng/.openclaw/workspace/school-badge-website/scripts/daily_school_update.py", line 10, in <module>
    import requests
ModuleNotFoundError: No module named 'requests'
Traceback (most recent call last):
  File "/Users/wangfeng/.openclaw/workspace/school-badge-website/scripts/daily_school_update.py", line 10, in <module>
    import requests
ModuleNotFoundError: No module named 'requests'
Traceback (most recent call last):
  File "/Users/wangfeng/.openclaw/workspace/school-badge-website/scripts/daily_school_update.py", line 10, in <module>
    import requests
ModuleNotFoundError: No module named 'requests'
Traceback (most recent call last):
  File "/Users/wangfeng/.openclaw/workspace/school-badge-website/scripts/daily_school_update.py", line 10, in <module>
    import requests
ModuleNotFoundError: No module named 'requests'
Traceback (most recent call last):
  File "/Users/wangfeng/.openclaw/workspace/school-badge-website/scripts/daily_school_update.py", line 10, in <module>
    import requests
ModuleNotFoundError: No module named 'requests'
Traceback (most recent call last):
  File "/Users/wangfeng/.openclaw/workspace/school-badge-website/scripts/daily_school_update.py", line 10, in <module>
    import requests
ModuleNotFoundError: No module named 'requests'
Traceback (most recent call last):
  File "/Users/wangfeng/.openclaw/workspace/school-badge-website/scripts/daily_school_update.py", line 10, in <module>
    import requests
ModuleNotFoundError: No module named 'requests'
Traceback (most recent call last):
  File "/Users/wangfeng/.openclaw/workspace/school-badge-website/scripts/daily_school_update.py", line 10, in <module>
    import requests
ModuleNotFoundError: No module named 'requests'
Traceback (most recent call last):
  File "/Users/wangfeng/.openclaw/workspace/school-badge-website/scripts/daily_school_update.py", line 10, in <module>
    import requests
ModuleNotFoundError: No module named 'requests'
Traceback (most recent call last):
  File "/Users/wangfeng/.openclaw/workspace/school-badge-website/scripts/daily_school_update.py", line 10, in <module>
    import requests
ModuleNotFoundError: No module named 'requests'
Traceback (most recent call last):
  File "/Users/wangfeng/.openclaw/workspace/school-badge-website/scripts/daily_school_update.py", line 10, in <module>
    import requests
ModuleNotFoundError: No module named 'requests'
Traceback (most recent call last):
  File "/Users/wangfeng/.openclaw/workspace/school-badge-website/scripts/daily_school_update.py", line 10, in <module>
    import requests
ModuleNotFoundError: No module named 'requests'
Traceback (most recent call last):
  File "/Users/wangfeng/.openclaw/workspace/school-badge-website/scripts/daily_school_update.py", line 10, in <module>
    import requests
ModuleNotFoundError: No module named 'requests'
Traceback (most recent call last):
  File "/Users/wangfeng/.openclaw/workspace/school-badge-website/scripts/daily_school_update.py", line 10, in <module>
    import requests
ModuleNotFoundError: No module named 'requests'
Traceback (most recent call last):
  File "/Users/wangfeng/.openclaw/workspace/school-badge-website/scripts/daily_school_update.py", line 10, in <module>
    import requests
ModuleNotFoundError: No module named 'requests'
Traceback (most recent call last):
  File "/Users/wangfeng/.openclaw/workspace/school-badge-website/scripts/daily_school_update.py", line 10, in <module>
    import requests
ModuleNotFoundError: No module named 'requests'
Traceback (most recent call last):
  File "/Users/wangfeng/.openclaw/workspace/school-badge-website/scripts/daily_school_update.py", line 10, in <module>
    import requests
ModuleNotFoundError: No module named 'requests'
Traceback (most recent call last):
  File "/Users/wangfeng/.openclaw/workspace/school-badge-website/scripts/daily_school_update.py", line 10, in <module>
    import requests
ModuleNotFoundError: No module named 'requests'
Traceback (most recent call last):
  File "/Users/wangfeng/.openclaw/workspace/school-badge-website/scripts/daily_school_update.py", line 10, in <module>
    import requests
ModuleNotFoundError: No module named 'requests'
Traceback (most recent call last):
  File "/Users/wangfeng/.openclaw/workspace/school-badge-website/scripts/daily_school_update.py", line 10, in <module>
    import requests
ModuleNotFoundError: No module named 'requests'
[2026-03-06 16:00:00] ============================================================
[2026-03-06 16:00:00] 开始学校校徽和校园风光抓取任务（优先顶尖大学）
[2026-03-06 16:00:00] ============================================================
[2026-03-06 16:00:00] ==================================================
[2026-03-06 16:00:00] 开始校徽抓取任务（优先顶尖大学）
[2026-03-06 16:00:00] ==================================================
[2026-03-06 16:00:00] 找到 30 所需要校徽的学校
[2026-03-06 16:00:00] 处理: University of Wisconsin (威斯康星大学) - United States
[2026-03-06 16:00:01]   ❌ 校徽获取失败
[2026-03-06 16:00:02] 处理: Technical University of Denmark (丹麦技术大学) - Denmark
[2026-03-06 16:00:04]   ❌ 校徽获取失败
[2026-03-06 16:00:05] 处理: McMaster University (麦克马斯特大学) - Canada
[2026-03-06 16:00:07]   ❌ 校徽获取失败
[2026-03-06 16:00:07] 处理: UC Berkeley (加州大学伯克利分校) - United States
[2026-03-06 16:00:08]   ✅ 校徽已更新
[2026-03-06 16:00:09] 处理: University of Science and Technology of China (中国科学技术大学) - China
[2026-03-06 16:00:10]   ❌ 校徽获取失败
[2026-03-06 16:00:11] 处理: University of Florida (佛罗里达大学) - United States
[2026-03-06 16:00:14]   ✅ 校徽已更新
[2026-03-06 16:00:14] 处理: École Polytechnique (巴黎综合理工学院) - France
[2026-03-06 16:00:18]   ❌ 校徽获取失败
[2026-03-06 16:00:19] 处理: Korea Advanced Institute of Science and Technology (韩国科学技术院) - South Korea
[2026-03-06 16:00:20]   ❌ 校徽获取失败
[2026-03-06 16:00:20] 处理: New York University (纽约大学) - United States
[2026-03-06 16:00:22]   ❌ 校徽获取失败
[2026-03-06 16:00:23] 处理: Pohang University of Science and Technology (浦项工科大学) - South Korea
[2026-03-06 16:00:23]   ⚠️ 抓取失败: HTTPSConnectionPool(host='www.postech.ac.kr', port=443): Max retries exceeded with url: / (Caused by SSLError(SSLCertVerificationError(1, '[SSL: CERTIFICATE_VERIFY_FAILED] certificate verify failed: unable to get local issuer certificate (_ssl.c:1081)')))
[2026-03-06 16:00:23]   ❌ 校徽获取失败
[2026-03-06 16:00:24] 处理: Carnegie Mellon (卡内基梅隆大学) - United States
[2026-03-06 16:00:27]   ❌ 校徽获取失败
[2026-03-06 16:00:27] 处理: Johns Hopkins University (约翰霍普金斯大学) - United States
[2026-03-06 16:00:28]   ❌ 校徽获取失败
[2026-03-06 16:00:28] 处理: National Taiwan University (台湾大学) - Taiwan
[2026-03-06 16:00:29]   ⚠️ 抓取失败: HTTPSConnectionPool(host='www.ntu.edu.tw', port=443): Max retries exceeded with url: / (Caused by SSLError(SSLCertVerificationError(1, '[SSL: CERTIFICATE_VERIFY_FAILED] certificate verify failed: Missing Subject Key Identifier (_ssl.c:1081)')))
[2026-03-06 16:00:29]   ❌ 校徽获取失败
[2026-03-06 16:00:30] 处理: University of Washington (华盛顿大学) - United States
[2026-03-06 16:00:31]   ❌ 校徽获取失败
[2026-03-06 16:00:32] 处理: National Tsing Hua University (国立清华大学) - Taiwan
[2026-03-06 16:00:33]   ✅ 校徽已更新
[2026-03-06 16:00:33] 处理: University of Michigan (密歇根大学) - United States
[2026-03-06 16:00:34]   ❌ 校徽获取失败
[2026-03-06 16:00:35] 处理: UC Irvine (加州大学欧文分校) - United States
[2026-03-06 16:00:39]   ❌ 校徽获取失败
[2026-03-06 16:00:39] 处理: TALENT KINDERGARTEN (天樂幼稚園) - Hong Kong
[2026-03-06 16:00:42]   ✅ 校徽已更新
[2026-03-06 16:00:42] 处理: HKYWCA ON TING NURSERY SCHOOL (香港基督教女青年會安定幼兒學校) - Hong Kong
[2026-03-06 16:00:44]   ✅ 校徽已更新
[2026-03-06 16:00:45] 处理: Israel Medical Center 20 (以色列医疗中心 20) - Israel
[2026-03-06 16:00:45]   ⚠️ 抓取失败: HTTPSConnectionPool(host='example.com', port=443): Max retries exceeded with url: /school/14309 (Caused by SSLError(SSLCertVerificationError(1, '[SSL: CERTIFICATE_VERIFY_FAILED] certificate verify failed: unable to get local issuer certificate (_ssl.c:1081)')))
[2026-03-06 16:00:45]   ❌ 校徽获取失败
[2026-03-06 16:00:46] 处理: SKH ST JOSEPH'S CHURCH KINDERGARTEN (聖公會聖約瑟堂幼稚園) - Hong Kong
[2026-03-06 16:00:46]   ✅ 校徽已更新
[2026-03-06 16:00:47] 处理: Lebanese University (Lebanese University (Baalbek)) - Lebanon
[2026-03-06 16:00:47]   ⚠️ 抓取失败: HTTPSConnectionPool(host='www.lebanese.edu.le', port=443): Max retries exceeded with url: / (Caused by NameResolutionError("HTTPSConnection(host='www.lebanese.edu.le', port=443): Failed to resolve 'www.lebanese.edu.le' ([Errno 8] nodename nor servname provided, or not known)"))
[2026-03-06 16:00:47]   ❌ 校徽获取失败
[2026-03-06 16:00:48] 处理: Dili Institute of Technology (帝力技术学院) - East Timor
[2026-03-06 16:00:50]   ⚠️ 抓取失败: HTTPSConnectionPool(host='www.dit.tl', port=443): Max retries exceeded with url: / (Caused by NameResolutionError("HTTPSConnection(host='www.dit.tl', port=443): Failed to resolve 'www.dit.tl' ([Errno 8] nodename nor servname provided, or not known)"))
[2026-03-06 16:00:50]   ❌ 校徽获取失败
[2026-03-06 16:00:50] 处理: Souphanouvong University (Souphanouvong University (Pakse)) - Laos
[2026-03-06 16:00:50]   ⚠️ 抓取失败: HTTPSConnectionPool(host='www.souphanouvong.edu.la', port=443): Max retries exceeded with url: / (Caused by NameResolutionError("HTTPSConnection(host='www.souphanouvong.edu.la', port=443): Failed to resolve 'www.souphanouvong.edu.la' ([Errno 8] nodename nor servname provided, or not known)"))
[2026-03-06 16:00:50]   ❌ 校徽获取失败
[2026-03-06 16:00:51] 处理: PENTECOSTAL YU LEUNG FAT PRIMARY SCHOOL (五旬節于良發小學) - Hong Kong
[2026-03-06 16:00:53]   ❌ 校徽获取失败
[2026-03-06 16:00:53] 处理: SWINDON KINDERGARTEN (思博幼稚園) - Hong Kong
[2026-03-06 16:00:54]   ✅ 校徽已更新
[2026-03-06 16:00:55] 处理: BUDDHIST SIN TAK COLLEGE (佛教善德英文中學) - Hong Kong
[2026-03-06 16:00:57]   ✅ 校徽已更新
[2026-03-06 16:00:57] 处理: CHRISTIAN PUI YAN PRIMARY SCHOOL (基督教培恩小學) - Hong Kong
[2026-03-06 16:01:00]   ✅ 校徽已更新
[2026-03-06 16:01:00] 处理: Tokyo University of Science (东京理科大学) - Japan
[2026-03-06 16:01:01]   ✅ 校徽已更新
[2026-03-06 16:01:02] 处理: National University of Sciences and Technology (国立科学技术大学) - Pakistan
[2026-03-06 16:01:05]   ✅ 校徽已更新
[2026-03-06 16:01:06] 校徽任务完成: 成功 11/30
[2026-03-06 16:01:06] ==================================================
[2026-03-06 16:01:06] 开始校园图片抓取任务（优先顶尖大学）
[2026-03-06 16:01:06] ==================================================
[2026-03-06 16:01:06] 找到 30 所需要校园图片的学校
[2026-03-06 16:01:06] 处理: Paris-Saclay University (巴黎-萨克雷大学) - France
[2026-03-06 16:01:23]   ✅ 校园图片已更新 (6 张)
[2026-03-06 16:01:23] 处理: Korea Advanced Institute of Science and Technology (韩国科学技术院) - South Korea
[2026-03-06 16:01:25]   ❌ 校园图片获取失败
[2026-03-06 16:01:25] 处理: Chinese University of Hong Kong Faculty of Education (香港中文大学教育学院) - Hong Kong
[2026-03-06 16:01:26]   ❌ 校园图片获取失败
[2026-03-06 16:01:27] 处理: Hong Kong University Faculty of Education (香港大学教育学院) - Hong Kong
[2026-03-06 16:01:28]   ❌ 校园图片获取失败
[2026-03-06 16:01:28] 处理: KAIST - Korea Advanced Institute of Science and Technology (韩国科学技术院) - South Korea
[2026-03-06 16:01:31]   ❌ 校园图片获取失败
[2026-03-06 16:01:32] 处理: Waseda University (早稻田大学) - Japan
[2026-03-06 16:01:39]   ✅ 校园图片已更新 (6 张)
[2026-03-06 16:01:40] 处理: École des Ponts ParisTech (巴黎高等桥路学校) - France
[2026-03-06 16:02:02]   ✅ 校园图片已更新 (6 张)
[2026-03-06 16:02:03] 处理: UC Davis (加州大学戴维斯分校) - United States
[2026-03-06 16:02:10]   ✅ 校园图片已更新 (6 张)
[2026-03-06 16:02:10] 处理: NOVA University Lisbon (里斯本新大学) - Portugal
[2026-03-06 16:02:12]   ⚠️ 抓取失败: HTTPSConnectionPool(host='www.unl.pt', port=443): Max retries exceeded with url: / (Caused by SSLError(SSLCertVerificationError(1, '[SSL: CERTIFICATE_VERIFY_FAILED] certificate verify failed: unable to get local issuer certificate (_ssl.c:1081)')))
[2026-03-06 16:02:12]   ❌ 校园图片获取失败
[2026-03-06 16:02:12] 处理: Pohang University of Science and Technology (浦项工科大学) - South Korea
[2026-03-06 16:02:12]   ⚠️ 抓取失败: HTTPSConnectionPool(host='www.postech.ac.kr', port=443): Max retries exceeded with url: / (Caused by SSLError(SSLCertVerificationError(1, '[SSL: CERTIFICATE_VERIFY_FAILED] certificate verify failed: unable to get local issuer certificate (_ssl.c:1081)')))
[2026-03-06 16:02:12]   ❌ 校园图片获取失败
[2026-03-06 16:02:13] 处理: Université Sorbonne Paris Nord (索邦大学北分校) - France
[2026-03-06 16:02:31]   ✅ 校园图片已更新 (6 张)
[2026-03-06 16:02:32] 处理: Carnegie Mellon (卡内基梅隆大学) - United States
[2026-03-06 16:02:46]   ✅ 校园图片已更新 (6 张)
[2026-03-06 16:02:47] 处理: The University of Hong Kong (香港大学) - Hong Kong
[2026-03-06 16:02:57]   ✅ 校园图片已更新 (6 张)
[2026-03-06 16:02:57] 处理: Korea Advanced Institute of Science and Technology (KAIST) (韩国科学技术院) - South Korea
[2026-03-06 16:02:58]   ❌ 校园图片获取失败
[2026-03-06 16:02:58] 处理: The Chinese University of Hong Kong (香港中文大学) - Hong Kong
[2026-03-06 16:03:05]   ✅ 校园图片已更新 (6 张)
[2026-03-06 16:03:05] 处理: UC Irvine (加州大学欧文分校) - United States
[2026-03-06 16:03:20]   ✅ 校园图片已更新 (6 张)
[2026-03-06 16:03:20] 处理: Indian Institute of Technology (Indian School of Mines) Dhanbad (印度理工学院（矿业学院）丹巴德分校) - India
[2026-03-06 16:03:28]   ✅ 校园图片已更新 (2 张)
[2026-03-06 16:03:28] 处理: Turkmen State University (土库曼斯坦国立大学) - Turkmenistan
[2026-03-06 16:03:33]   ✅ 校园图片已更新 (2 张)
[2026-03-06 16:03:34] 处理: Nizwa University (尼兹瓦大学) - Oman
[2026-03-06 16:03:34]   ⚠️ 抓取失败: HTTPSConnectionPool(host='www.nizwauniversity.edu', port=443): Max retries exceeded with url: / (Caused by NameResolutionError("HTTPSConnection(host='www.nizwauniversity.edu', port=443): Failed to resolve 'www.nizwauniversity.edu' ([Errno 8] nodename nor servname provided, or not known)"))
[2026-03-06 16:03:34]   ❌ 校园图片获取失败
[2026-03-06 16:03:35] 处理: University of Education (师范大学) - Vietnam
[2026-03-06 16:03:40]   ✅ 校园图片已更新 (2 张)
[2026-03-06 16:03:41] 处理: UAE Center for 93 (阿联酋研究所 93) - UAE
[2026-03-06 16:03:41]   ⚠️ 抓取失败: HTTPSConnectionPool(host='example.com', port=443): Max retries exceeded with url: /school/15848 (Caused by SSLError(SSLCertVerificationError(1, '[SSL: CERTIFICATE_VERIFY_FAILED] certificate verify failed: unable to get local issuer certificate (_ssl.c:1081)')))
[2026-03-06 16:03:41]   ❌ 校园图片获取失败
[2026-03-06 16:03:41] 处理: Bahrain School of 38 (巴林学校 38) - Bahrain
[2026-03-06 16:03:42]   ⚠️ 抓取失败: HTTPSConnectionPool(host='example.com', port=443): Max retries exceeded with url: /school/14700 (Caused by SSLError(SSLCertVerificationError(1, '[SSL: CERTIFICATE_VERIFY_FAILED] certificate verify failed: unable to get local issuer certificate (_ssl.c:1081)')))
[2026-03-06 16:03:42]   ❌ 校园图片获取失败
[2026-03-06 16:03:42] 处理: Vietnam School of 46 (越南学校 46) - Vietnam
[2026-03-06 16:03:42]   ⚠️ 抓取失败: HTTPSConnectionPool(host='example.com', port=443): Max retries exceeded with url: /school/14858 (Caused by SSLError(SSLCertVerificationError(1, '[SSL: CERTIFICATE_VERIFY_FAILED] certificate verify failed: unable to get local issuer certificate (_ssl.c:1081)')))
[2026-03-06 16:03:42]   ❌ 校园图片获取失败
[2026-03-06 16:03:43] 处理: SKH GOOD SHEPHERD PRIMARY SCHOOL (聖公會牧愛小學) - Hong Kong
[2026-03-06 16:03:43]   ⚠️ 抓取失败: HTTPSConnectionPool(host='www.gsps.edu.hk', port=443): Max retries exceeded with url: / (Caused by SSLError(SSLCertVerificationError(1, '[SSL: CERTIFICATE_VERIFY_FAILED] certificate verify failed: unable to get local issuer certificate (_ssl.c:1081)')))
[2026-03-06 16:03:43]   ❌ 校园图片获取失败
[2026-03-06 16:03:44] 处理: Dong A University (东亚大学) - Vietnam
[2026-03-06 16:03:54]   ✅ 校园图片已更新 (4 张)
[2026-03-06 16:03:54] 处理: Kazakhstan Academy 47 (哈萨克斯坦学院 47) - Kazakhstan
[2026-03-06 16:03:54]   ⚠️ 抓取失败: HTTPSConnectionPool(host='example.com', port=443): Max retries exceeded with url: /school/14878 (Caused by SSLError(SSLCertVerificationError(1, '[SSL: CERTIFICATE_VERIFY_FAILED] certificate verify failed: unable to get local issuer certificate (_ssl.c:1081)')))
[2026-03-06 16:03:54]   ❌ 校园图片获取失败
[2026-03-06 16:03:55] 处理: Weizmann Institute of Science (魏茨曼科学研究所) - Israel
[2026-03-06 16:04:18]   ✅ 校园图片已更新 (6 张)
[2026-03-06 16:04:19] 处理: Kazakhstan Academy 32 (哈萨克斯坦学院 32) - Kazakhstan
[2026-03-06 16:04:19]   ⚠️ 抓取失败: HTTPSConnectionPool(host='example.com', port=443): Max retries exceeded with url: /school/14563 (Caused by SSLError(SSLCertVerificationError(1, '[SSL: CERTIFICATE_VERIFY_FAILED] certificate verify failed: unable to get local issuer certificate (_ssl.c:1081)')))
[2026-03-06 16:04:19]   ❌ 校园图片获取失败
[2026-03-06 16:04:19] 处理: University of Balamand (University of Balamand (Beirut)) - Lebanon
[2026-03-06 16:04:20]   ⚠️ 抓取失败: HTTPSConnectionPool(host='www.ofbalamand.edu.le', port=443): Max retries exceeded with url: / (Caused by NameResolutionError("HTTPSConnection(host='www.ofbalamand.edu.le', port=443): Failed to resolve 'www.ofbalamand.edu.le' ([Errno 8] nodename nor servname provided, or not known)"))
[2026-03-06 16:04:20]   ❌ 校园图片获取失败
[2026-03-06 16:04:20] 处理: Pyongyang Institute of Technology (None) - North Korea
[2026-03-06 16:04:20]   ⚠️ 抓取失败: HTTPSConnectionPool(host='www.pit.edu.kp', port=443): Max retries exceeded with url: / (Caused by NameResolutionError("HTTPSConnection(host='www.pit.edu.kp', port=443): Failed to resolve 'www.pit.edu.kp' ([Errno 8] nodename nor servname provided, or not known)"))
[2026-03-06 16:04:20]   ❌ 校园图片获取失败
[2026-03-06 16:04:21] 校园图片任务完成: 成功 14/30
[2026-03-06 16:04:21] ============================================================
[2026-03-06 16:04:21] 任务完成
[2026-03-06 16:04:21] ============================================================
