
==================================================
图片收集报告 - 2026-03-06
==================================================
校徽: +0
校园图: +0
总计: +0

==================================================
图片收集报告 - 2026-03-06
==================================================
校徽: +0
校园图: +0
总计: +0

==================================================
图片收集报告 - 2026-03-07
==================================================
校徽: +0
校园图: +0
总计: +0

==================================================
图片收集报告 - 2026-03-07
==================================================
校徽: +0
校园图: +0
总计: +0

==================================================
图片收集报告 - 2026-03-08
==================================================
校徽: +0
校园图: +0
总计: +0

==================================================
图片收集报告 - 2026-03-09
==================================================
校徽: +0
校园图: +0
总计: +0

==================================================
图片收集报告 - 2026-03-09
==================================================
校徽: +0
校园图: +0
总计: +0

==================================================
图片收集报告 - 2026-03-09
==================================================
校徽: +0
校园图: +0
总计: +0

==================================================
图片收集报告 - 2026-03-09
==================================================
校徽: +0
校园图: +0
总计: +0

==================================================
图片收集报告 - 2026-03-09
==================================================
校徽: +0
校园图: +0
总计: +0

==================================================
图片收集报告 - 2026-03-10
==================================================
校徽: +0
校园图: +0
总计: +0

==================================================
图片收集报告 - 2026-03-10
==================================================
校徽: +0
校园图: +0
总计: +0

==================================================
图片收集报告 - 2026-03-18
==================================================
校徽: +50
校园图: +30
总计: +80
