Traceback (most recent call last):
  File "/Users/wangfeng/.openclaw/workspace/school-badge-website/scripts/image_collect.py", line 12, in <module>
    from skills.image_collect import collect_badges, collect_campus
ModuleNotFoundError: No module named 'skills.image_collect'
[2026-03-03 18:13:39] ==================================================
[2026-03-03 18:13:39] 图片收集任务开始
[2026-03-03 18:13:39] ==================================================
[2026-03-03 18:13:39] [1/2] 收集校徽...
Traceback (most recent call last):
  File "/Users/wangfeng/.openclaw/workspace/school-badge-website/scripts/image_collect.py", line 17, in <module>
    from skills.image_collect import collect_badges, collect_campus
  File "/Users/wangfeng/.openclaw/workspace/school-badge-website/skills/image_collect/__init__.py", line 5, in <module>
    import requests
ModuleNotFoundError: No module named 'requests'
Traceback (most recent call last):
  File "/Users/wangfeng/.openclaw/workspace/school-badge-website/scripts/image_collect.py", line 17, in <module>
    from skills.image_collect import collect_badges, collect_campus
  File "/Users/wangfeng/.openclaw/workspace/school-badge-website/skills/image_collect/__init__.py", line 5, in <module>
    import requests
ModuleNotFoundError: No module named 'requests'
Traceback (most recent call last):
  File "/Users/wangfeng/.openclaw/workspace/school-badge-website/scripts/image_collect.py", line 17, in <module>
    from skills.image_collect import collect_badges, collect_campus
  File "/Users/wangfeng/.openclaw/workspace/school-badge-website/skills/image_collect/__init__.py", line 5, in <module>
    import requests
ModuleNotFoundError: No module named 'requests'
Traceback (most recent call last):
  File "/Users/wangfeng/.openclaw/workspace/school-badge-website/scripts/image_collect.py", line 17, in <module>
    from skills.image_collect import collect_badges, collect_campus
  File "/Users/wangfeng/.openclaw/workspace/school-badge-website/skills/image_collect/__init__.py", line 5, in <module>
    import requests
ModuleNotFoundError: No module named 'requests'
Traceback (most recent call last):
  File "/Users/wangfeng/.openclaw/workspace/school-badge-website/scripts/image_collect.py", line 17, in <module>
    from skills.image_collect import collect_badges, collect_campus
  File "/Users/wangfeng/.openclaw/workspace/school-badge-website/skills/image_collect/__init__.py", line 5, in <module>
    import requests
ModuleNotFoundError: No module named 'requests'
Traceback (most recent call last):
  File "/Users/wangfeng/.openclaw/workspace/school-badge-website/scripts/image_collect.py", line 17, in <module>
    from skills.image_collect import collect_badges, collect_campus
  File "/Users/wangfeng/.openclaw/workspace/school-badge-website/skills/image_collect/__init__.py", line 5, in <module>
    import requests
ModuleNotFoundError: No module named 'requests'
Traceback (most recent call last):
  File "/Users/wangfeng/.openclaw/workspace/school-badge-website/scripts/image_collect.py", line 17, in <module>
    from skills.image_collect import collect_badges, collect_campus
  File "/Users/wangfeng/.openclaw/workspace/school-badge-website/skills/image_collect/__init__.py", line 5, in <module>
    import requests
ModuleNotFoundError: No module named 'requests'
Traceback (most recent call last):
  File "/Users/wangfeng/.openclaw/workspace/school-badge-website/scripts/image_collect.py", line 17, in <module>
    from skills.image_collect import collect_badges, collect_campus
  File "/Users/wangfeng/.openclaw/workspace/school-badge-website/skills/image_collect/__init__.py", line 5, in <module>
    import requests
ModuleNotFoundError: No module named 'requests'
Traceback (most recent call last):
  File "/Users/wangfeng/.openclaw/workspace/school-badge-website/scripts/image_collect.py", line 17, in <module>
    from skills.image_collect import collect_badges, collect_campus
  File "/Users/wangfeng/.openclaw/workspace/school-badge-website/skills/image_collect/__init__.py", line 5, in <module>
    import requests
ModuleNotFoundError: No module named 'requests'
Traceback (most recent call last):
  File "/Users/wangfeng/.openclaw/workspace/school-badge-website/scripts/image_collect.py", line 17, in <module>
    from skills.image_collect import collect_badges, collect_campus
  File "/Users/wangfeng/.openclaw/workspace/school-badge-website/skills/image_collect/__init__.py", line 5, in <module>
    import requests
ModuleNotFoundError: No module named 'requests'
Traceback (most recent call last):
  File "/Users/wangfeng/.openclaw/workspace/school-badge-website/scripts/image_collect.py", line 17, in <module>
    from skills.image_collect import collect_badges, collect_campus
  File "/Users/wangfeng/.openclaw/workspace/school-badge-website/skills/image_collect/__init__.py", line 5, in <module>
    import requests
ModuleNotFoundError: No module named 'requests'
[2026-03-06 15:06:54] ==================================================
[2026-03-06 15:06:54] 图片收集任务开始
[2026-03-06 15:06:54] ==================================================
[2026-03-06 15:06:54] [1/2] 收集校徽...
[2026-03-06 15:08:15] ==================================================
[2026-03-06 15:08:15] 图片收集任务开始
[2026-03-06 15:08:15] ==================================================
[2026-03-06 15:08:15] [1/2] 收集校徽...
[2026-03-06 15:11:00] ==================================================
[2026-03-06 15:11:00] 图片收集任务开始
[2026-03-06 15:11:00] ==================================================
[2026-03-06 15:11:00] [1/2] 收集校徽...
[2026-03-06 15:14:34] ==================================================
[2026-03-06 15:14:34] 图片收集任务开始
[2026-03-06 15:14:34] ==================================================
[2026-03-06 15:14:34] [1/2] 收集校徽...
[2026-03-06 16:00:00] ==================================================
[2026-03-06 16:00:00] 图片收集任务开始
[2026-03-06 16:00:00] ==================================================
[2026-03-06 16:00:00] [1/2] 收集校徽...
[2026-03-06 16:00:49] 校徽收集完成: +0
[2026-03-06 16:00:49] [2/2] 收集校园图片...
[2026-03-06 16:01:18] 校园图片收集完成: +0
[2026-03-06 16:01:18] ==================================================
[2026-03-06 16:01:18] 任务完成 - 执行报告
[2026-03-06 16:01:18] ==================================================
[2026-03-06 16:01:18] 开始时间: 2026-03-06 16:00:00
[2026-03-06 16:01:18] 结束时间: 2026-03-06 16:01:18
[2026-03-06 16:01:18] 执行时长: 77 秒
[2026-03-06 16:01:18] --------------------------------------------------
[2026-03-06 16:01:18] 校徽收集: +0
[2026-03-06 16:01:18] 校园图片: +0
[2026-03-06 16:01:18] 总计新增: +0
[2026-03-06 16:01:18] ==================================================
[2026-03-06 16:00:00] ==================================================
[2026-03-06 16:00:00] 图片收集任务开始
[2026-03-06 16:00:00] ==================================================
[2026-03-06 16:00:00] [1/2] 收集校徽...
开始收集校徽，目标: 50 所学校
处理: Liaoning University (China)
搜索失败: Expecting value: line 1 column 1 (char 0)
  ✗ 未找到校徽
处理: Pakistan Institute of Engineering and Applied Sciences (Pakistan)
搜索失败: Expecting value: line 1 column 1 (char 0)
  ✗ 未找到校徽
处理: Mohanlal Sukhadia University (India)
搜索失败: Expecting value: line 1 column 1 (char 0)
  ✗ 未找到校徽
处理: Singapore University of Technology and Design (Singapore)
搜索失败: Expecting value: line 1 column 1 (char 0)
  ✗ 未找到校徽
处理: College of Science and Technology Bhutan (Bhutan)
搜索失败: Expecting value: line 1 column 1 (char 0)
  ✗ 未找到校徽
处理: Sungkyunkwan University (South Korea)
搜索失败: Expecting value: line 1 column 1 (char 0)
  ✗ 未找到校徽
处理: Cambodia Department of 85 (Cambodia)
搜索失败: Expecting value: line 1 column 1 (char 0)
  ✗ 未找到校徽
处理: George Washington University (United States)
搜索失败: Expecting value: line 1 column 1 (char 0)
  ✗ 未找到校徽
处理: International ISLAMIC University College (Brunei)
搜索失败: Expecting value: line 1 column 1 (char 0)
  ✗ 未找到校徽
处理: Israel Faculty of 26 (Israel)
搜索失败: Expecting value: line 1 column 1 (char 0)
  ✗ 未找到校徽
处理: Royal University of Law and Economics (Cambodia)
搜索失败: Expecting value: line 1 column 1 (char 0)
  ✗ 未找到校徽
处理: University of Oran (Algeria)
搜索失败: Expecting value: line 1 column 1 (char 0)
  ✗ 未找到校徽
处理: Myanmar Faculty of 35 (Myanmar)
搜索失败: Expecting value: line 1 column 1 (char 0)
  ✗ 未找到校徽
处理: Gampaha Wickramarachchi University of Indigenous Medicine (Sri Lanka)
搜索失败: Expecting value: line 1 column 1 (char 0)
  ✗ 未找到校徽
处理: Eurasian National University (Kazakhstan)
搜索失败: Expecting value: line 1 column 1 (char 0)
  ✗ 未找到校徽
处理: Birla Institute of Technology and Science, Pilani - Dubai (UAE)
搜索失败: Expecting value: line 1 column 1 (char 0)
  ✗ 未找到校徽
处理: Saudi Arabia Department of 53 (Saudi Arabia)
搜索失败: Expecting value: line 1 column 1 (char 0)
  ✗ 未找到校徽
处理: Noakhali Science and Technology University (Bangladesh)
搜索失败: Expecting value: line 1 column 1 (char 0)
  ✗ 未找到校徽
处理: Jawaharlal Nehru University (India)
搜索失败: Expecting value: line 1 column 1 (char 0)
  ✗ 未找到校徽
处理: Mutah University (Jordan)
搜索失败: Expecting value: line 1 column 1 (char 0)
  ✗ 未找到校徽
处理: Thailand Center for 97 (Thailand)
搜索失败: Expecting value: line 1 column 1 (char 0)
  ✗ 未找到校徽
处理: Lebanon Academy 60 (Lebanon)
搜索失败: Expecting value: line 1 column 1 (char 0)
  ✗ 未找到校徽
处理: Tokyo Medical and Dental University (Japan)
搜索失败: Expecting value: line 1 column 1 (char 0)
  ✗ 未找到校徽
处理: Cyryx College (Maldives)
搜索失败: Expecting value: line 1 column 1 (char 0)
  ✗ 未找到校徽
处理: Delhi University (India)
搜索失败: Expecting value: line 1 column 1 (char 0)
  ✗ 未找到校徽
处理: Singapore Management University (SMU) (Singapore)
搜索失败: Expecting value: line 1 column 1 (char 0)
  ✗ 未找到校徽
处理: University of Punjab (Pakistan)
搜索失败: Expecting value: line 1 column 1 (char 0)
  ✗ 未找到校徽
处理: National University of Timor-Leste (East Timor)
搜索失败: Expecting value: line 1 column 1 (char 0)
  ✗ 未找到校徽
处理: Gomal University (Pakistan)
搜索失败: Expecting value: line 1 column 1 (char 0)
  ✗ 未找到校徽
处理: University of Sargodha (Pakistan)
搜索失败: Expecting value: line 1 column 1 (char 0)
  ✗ 未找到校徽
处理: Hiroshima University (Japan)
搜索失败: Expecting value: line 1 column 1 (char 0)
  ✗ 未找到校徽
处理: Singapore Institute of Technology 88 (Singapore)
搜索失败: Expecting value: line 1 column 1 (char 0)
  ✗ 未找到校徽
处理: Shiraz University (Iran)
搜索失败: Expecting value: line 1 column 1 (char 0)
  ✗ 未找到校徽
处理: Turkmen Polytechnic Institute (Turkmenistan)
搜索失败: Expecting value: line 1 column 1 (char 0)
  ✗ 未找到校徽
处理: Quy Nhon University (Vietnam)
搜索失败: Expecting value: line 1 column 1 (char 0)
  ✗ 未找到校徽
处理: Saint Petersburg State University (Russia)
搜索失败: Expecting value: line 1 column 1 (char 0)
  ✗ 未找到校徽
处理: Jalal-Abad State University (Kyrgyzstan)
搜索失败: Expecting value: line 1 column 1 (char 0)
  ✗ 未找到校徽
处理: Afghanistan Faculty of 37 (Afghanistan)
搜索失败: Expecting value: line 1 column 1 (char 0)
  ✗ 未找到校徽
处理: Hefei University of Technology (China)
搜索失败: Expecting value: line 1 column 1 (char 0)
  ✗ 未找到校徽
处理: Louisiana State University (United States)
搜索失败: Expecting value: line 1 column 1 (char 0)
  ✗ 未找到校徽
处理: Buddhist and Pali University of Sri Lanka (Sri Lanka)
搜索失败: Expecting value: line 1 column 1 (char 0)
  ✗ 未找到校徽
处理: Sultan Qaboos University (Oman)
搜索失败: Expecting value: line 1 column 1 (char 0)
  ✗ 未找到校徽
处理: Myanmar Medical Center 9 (Myanmar)
搜索失败: Expecting value: line 1 column 1 (char 0)
  ✗ 未找到校徽
处理: Tulane University (United States)
搜索失败: Expecting value: line 1 column 1 (char 0)
  ✗ 未找到校徽
处理: Nepal School of 75 (Nepal)
搜索失败: Expecting value: line 1 column 1 (char 0)
  ✗ 未找到校徽
处理: Guangdong University of Foreign Studies (China)
搜索失败: Expecting value: line 1 column 1 (char 0)
  ✗ 未找到校徽
处理: Muhammadiya University (Indonesia)
搜索失败: Expecting value: line 1 column 1 (char 0)
  ✗ 未找到校徽
处理: Islamic Arabic University (Maldives)
搜索失败: Expecting value: line 1 column 1 (char 0)
  ✗ 未找到校徽
处理: Ashgabat State University (Turkmenistan)
搜索失败: Expecting value: line 1 column 1 (char 0)
  ✗ 未找到校徽
处理: Singapore Center for 46 (Singapore)
搜索失败: Expecting value: line 1 column 1 (char 0)
  ✗ 未找到校徽

完成! 成功收集 0/50 个校徽
[2026-03-06 16:00:49] 校徽收集完成: +0
[2026-03-06 16:00:49] [2/2] 收集校园图片...
开始收集校园图片，目标: 30 所学校
处理: Indonesia College 4 (Indonesia)
搜索失败: Expecting value: line 1 column 1 (char 0)
  ✗ 未找到校园图
处理: Souphanouvong University (Laos)
搜索失败: Expecting value: line 1 column 1 (char 0)
  ✗ 未找到校园图
处理: Tashkent State University of Uzbek (Uzbekistan)
搜索失败: Expecting value: line 1 column 1 (char 0)
  ✗ 未找到校园图
处理: Khulna University of Engineering & Technology (Bangladesh)
搜索失败: Expecting value: line 1 column 1 (char 0)
  ✗ 未找到校园图
处理: Patan Academy of Health Sciences (Nepal)
搜索失败: Expecting value: line 1 column 1 (char 0)
  ✗ 未找到校园图
处理: Cambodia Department of 35 (Cambodia)
搜索失败: Expecting value: line 1 column 1 (char 0)
  ✗ 未找到校园图
处理: Pakistan Institute of Engineering and Applied Sciences (Pakistan)
搜索失败: Expecting value: line 1 column 1 (char 0)
  ✗ 未找到校园图
处理: University of Cambodia (Cambodia)
搜索失败: Expecting value: line 1 column 1 (char 0)
  ✗ 未找到校园图
处理: Azerbaijan State University of Economics (Azerbaijan)
搜索失败: Expecting value: line 1 column 1 (char 0)
  ✗ 未找到校园图
处理: University of Seville (Spain)
搜索失败: Expecting value: line 1 column 1 (char 0)
  ✗ 未找到校园图
处理: Bangladesh Department of 64 (Bangladesh)
搜索失败: Expecting value: line 1 column 1 (char 0)
  ✗ 未找到校园图
处理: Universitas Hasanuddin (Indonesia)
搜索失败: Expecting value: line 1 column 1 (char 0)
  ✗ 未找到校园图
处理: University of Northern British Columbia (Canada)
搜索失败: Expecting value: line 1 column 1 (char 0)
  ✗ 未找到校园图
处理: Panyapiwat Institute of Management (Thailand)
搜索失败: Expecting value: line 1 column 1 (char 0)
  ✗ 未找到校园图
处理: Baku State University (Azerbaijan)
搜索失败: Expecting value: line 1 column 1 (char 0)
  ✗ 未找到校园图
处理: Al-Majd College University (Jordan)
搜索失败: Expecting value: line 1 column 1 (char 0)
  ✗ 未找到校园图
处理: University of Sri Jayewardenepura (Sri Lanka)
搜索失败: Expecting value: line 1 column 1 (char 0)
  ✗ 未找到校园图
处理: Institute of Engineering (Nepal)
搜索失败: Expecting value: line 1 column 1 (char 0)
  ✗ 未找到校园图
处理: Afghanistan University 64 (Afghanistan)
搜索失败: Expecting value: line 1 column 1 (char 0)
  ✗ 未找到校园图
处理: National Polytechnic School (Ecuador)
搜索失败: Expecting value: line 1 column 1 (char 0)
  ✗ 未找到校园图
处理: Sri Lanka Academy 15 (Sri Lanka)
搜索失败: Expecting value: line 1 column 1 (char 0)
  ✗ 未找到校园图
处理: Universitas Padjadjaran (Indonesia)
搜索失败: Expecting value: line 1 column 1 (char 0)
  ✗ 未找到校园图
处理: Sohar University (Oman)
搜索失败: Expecting value: line 1 column 1 (char 0)
  ✗ 未找到校园图
处理: Uzbekistan Medical Center 25 (Uzbekistan)
搜索失败: Expecting value: line 1 column 1 (char 0)
  ✗ 未找到校园图
处理: Universitas Brawijaya (Indonesia)
搜索失败: Expecting value: line 1 column 1 (char 0)
  ✗ 未找到校园图
处理: Azerbaijan State University of Economics (Azerbaijan)
搜索失败: Expecting value: line 1 column 1 (char 0)
  ✗ 未找到校园图
处理: Iran University 14 (Iran)
搜索失败: Expecting value: line 1 column 1 (char 0)
  ✗ 未找到校园图
处理: University of Wollongong (Australia)
搜索失败: Expecting value: line 1 column 1 (char 0)
  ✗ 未找到校园图
处理: Hanoi National University of Education (Vietnam)
搜索失败: Expecting value: line 1 column 1 (char 0)
  ✗ 未找到校园图
处理: Arabian Gulf University (Bahrain)
搜索失败: Expecting value: line 1 column 1 (char 0)
  ✗ 未找到校园图

完成! 成功收集 0/30 张校园图
[2026-03-06 16:01:18] 校园图片收集完成: +0
[2026-03-06 16:01:18] ==================================================
[2026-03-06 16:01:18] 任务完成 - 执行报告
[2026-03-06 16:01:18] ==================================================
[2026-03-06 16:01:18] 开始时间: 2026-03-06 16:00:00
[2026-03-06 16:01:18] 结束时间: 2026-03-06 16:01:18
[2026-03-06 16:01:18] 执行时长: 77 秒
[2026-03-06 16:01:18] --------------------------------------------------
[2026-03-06 16:01:18] 校徽收集: +0
[2026-03-06 16:01:18] 校园图片: +0
[2026-03-06 16:01:18] 总计新增: +0
[2026-03-06 16:01:18] ==================================================
[2026-03-06 22:00:39] ==================================================
[2026-03-06 22:00:39] 图片收集任务开始
[2026-03-06 22:00:39] ==================================================
[2026-03-06 22:00:39] [1/2] 收集校徽...
